18:12:52:766  INFO 14612 --- [main] com.hmall.pay.PayApplication             : Starting PayApplication using Java 11.0.15.1 on LAPTOP-HD9ADU9H with PID 14612 (D:\back_end\JAVA\code\hmall\pay-service\target\classes started by dogofayaka in D:\back_end\JAVA\code\hmall)
18:12:52:771 DEBUG 14612 --- [main] com.hmall.pay.PayApplication             : Running with Spring Boot v2.7.12, Spring v5.3.27
18:12:52:772  INFO 14612 --- [main] com.hmall.pay.PayApplication             : The following 1 profile is active: "dev"
18:12:53:958  INFO 14612 --- [main] o.s.cloud.context.scope.GenericScope     : BeanFactory id=e405b333-e3ea-3cf9-85ba-ff598ad13615
18:12:54:422  INFO 14612 --- [main] o.s.b.w.embedded.tomcat.TomcatWebServer  : Tomcat initialized with port(s): 8086 (http)
18:12:54:435  INFO 14612 --- [main] o.apache.catalina.core.StandardService   : Starting service [Tomcat]
18:12:54:435  INFO 14612 --- [main] org.apache.catalina.core.StandardEngine  : Starting Servlet engine: [Apache Tomcat/9.0.75]
18:12:54:602  INFO 14612 --- [main] o.a.c.c.C.[Tomcat].[localhost].[/]       : Initializing Spring embedded WebApplicationContext
18:12:54:603  INFO 14612 --- [main] w.s.c.ServletWebServerApplicationContext : Root WebApplicationContext: initialization completed in 1789 ms
18:12:54:861  INFO 14612 --- [main] o.s.c.openfeign.FeignClientFactoryBean   : For 'user-service' URL not provided. Will try picking an instance via load-balancing.
18:12:55:178  INFO 14612 --- [main] o.s.c.openfeign.FeignClientFactoryBean   : For 'trade-service' URL not provided. Will try picking an instance via load-balancing.
18:12:59:722  INFO 14612 --- [main] o.s.cloud.commons.util.InetUtils         : Cannot determine local hostname
18:12:59:748  INFO 14612 --- [main] pertySourcedRequestMappingHandlerMapping : Mapped URL path [/v2/api-docs] onto method [springfox.documentation.swagger2.web.Swagger2ControllerWebMvc#getDocumentation(String, HttpServletRequest)]
18:13:01:373  INFO 14612 --- [main] o.s.cloud.commons.util.InetUtils         : Cannot determine local hostname
18:13:01:500  INFO 14612 --- [main] com.alibaba.nacos.common.remote.client   : [RpcClientFactory] create a new rpc client of 56cd5783-bf55-4a41-96f4-a32828e50b6f
18:13:01:530  INFO 14612 --- [main] org.reflections.Reflections              : Reflections took 15 ms to scan 1 urls, producing 3 keys and 6 values 
18:13:01:546  INFO 14612 --- [main] org.reflections.Reflections              : Reflections took 6 ms to scan 1 urls, producing 4 keys and 9 values 
18:13:01:553  INFO 14612 --- [main] org.reflections.Reflections              : Reflections took 5 ms to scan 1 urls, producing 3 keys and 10 values 
18:13:01:555  WARN 14612 --- [main] org.reflections.Reflections              : given scan urls are empty. set urls in the configuration
18:13:01:561  INFO 14612 --- [main] org.reflections.Reflections              : Reflections took 6 ms to scan 1 urls, producing 1 keys and 5 values 
18:13:01:567  INFO 14612 --- [main] org.reflections.Reflections              : Reflections took 4 ms to scan 1 urls, producing 1 keys and 7 values 
18:13:01:574  INFO 14612 --- [main] org.reflections.Reflections              : Reflections took 6 ms to scan 1 urls, producing 2 keys and 8 values 
18:13:01:576  WARN 14612 --- [main] org.reflections.Reflections              : given scan urls are empty. set urls in the configuration
18:13:01:576  INFO 14612 --- [main] com.alibaba.nacos.common.remote.client   : [56cd5783-bf55-4a41-96f4-a32828e50b6f] RpcClient init label, labels = {module=naming, source=sdk}
18:13:01:577  INFO 14612 --- [main] com.alibaba.nacos.common.remote.client   : [56cd5783-bf55-4a41-96f4-a32828e50b6f] RpcClient init, ServerListFactory = com.alibaba.nacos.client.naming.core.ServerListManager
18:13:01:577  INFO 14612 --- [main] com.alibaba.nacos.common.remote.client   : [56cd5783-bf55-4a41-96f4-a32828e50b6f] Registry connection listener to current client:com.alibaba.nacos.client.naming.remote.gprc.redo.NamingGrpcRedoService
18:13:01:578  INFO 14612 --- [main] com.alibaba.nacos.common.remote.client   : [56cd5783-bf55-4a41-96f4-a32828e50b6f] Register server push request handler:com.alibaba.nacos.client.naming.remote.gprc.NamingPushRequestHandler
18:13:01:579  INFO 14612 --- [main] com.alibaba.nacos.common.remote.client   : [56cd5783-bf55-4a41-96f4-a32828e50b6f] Try to connect to server on start up, server: {serverIp = '127.0.0.1', server main port = 8848}
18:13:03:239 ERROR 14612 --- [nacos-grpc-client-executor-4] c.a.n.c.remote.client.grpc.GrpcClient    : [1729678383174_127.0.0.1_14528]Error to process server push response: {"headers":{},"abilityTable":{"supportPersistentInstanceByGrpc":true},"module":"internal"}
18:13:03:331  INFO 14612 --- [main] com.alibaba.nacos.common.remote.client   : [56cd5783-bf55-4a41-96f4-a32828e50b6f] Success to connect to server [127.0.0.1:8848] on start up, connectionId = 1729678383174_127.0.0.1_14528
18:13:03:331  INFO 14612 --- [com.alibaba.nacos.client.remote.worker] com.alibaba.nacos.common.remote.client   : [56cd5783-bf55-4a41-96f4-a32828e50b6f] Notify connected event to listeners.
18:13:03:331  INFO 14612 --- [main] com.alibaba.nacos.common.remote.client   : [56cd5783-bf55-4a41-96f4-a32828e50b6f] Register server push request handler:com.alibaba.nacos.common.remote.client.RpcClient$ConnectResetRequestHandler
18:13:03:332  INFO 14612 --- [main] com.alibaba.nacos.common.remote.client   : [56cd5783-bf55-4a41-96f4-a32828e50b6f] Register server push request handler:com.alibaba.nacos.common.remote.client.RpcClient$$Lambda$991/0x0000000800797840
18:13:03:368  INFO 14612 --- [main] o.s.b.w.embedded.tomcat.TomcatWebServer  : Tomcat started on port(s): 8086 (http) with context path ''
18:13:03:375  INFO 14612 --- [main] c.a.c.n.registry.NacosServiceRegistry    : nacos registry, DEFAULT_GROUP pay-service 192.168.26.1:8086 register finished
18:13:03:846  INFO 14612 --- [nacos-grpc-client-executor-8] com.alibaba.nacos.common.remote.client   : [56cd5783-bf55-4a41-96f4-a32828e50b6f] Receive server push request, request = NotifySubscriberRequest, requestId = 57
18:13:03:852  INFO 14612 --- [nacos-grpc-client-executor-8] com.alibaba.nacos.common.remote.client   : [56cd5783-bf55-4a41-96f4-a32828e50b6f] Ack server push request, request = NotifySubscriberRequest, requestId = 57
18:13:04:864  INFO 14612 --- [main] o.s.cloud.commons.util.InetUtils         : Cannot determine local hostname
18:13:04:864  INFO 14612 --- [main] d.s.w.p.DocumentationPluginsBootstrapper : Documentation plugins bootstrapped
18:13:04:866  INFO 14612 --- [main] d.s.w.p.DocumentationPluginsBootstrapper : Found 1 custom documentation plugin(s)
18:13:04:885  INFO 14612 --- [main] s.d.s.w.s.ApiListingReferenceScanner     : Scanning for api listing references
18:13:04:953  INFO 14612 --- [main] com.hmall.pay.PayApplication             : Started PayApplication in 14.215 seconds (JVM running for 15.233)
19:53:09:187  WARN 14612 --- [Thread-7] c.a.n.common.http.HttpClientBeanHolder   : [HttpClientBeanHolder] Start destroying common HttpClient
19:53:09:187  WARN 14612 --- [Thread-4] c.a.nacos.common.notify.NotifyCenter     : [NotifyCenter] Start destroying Publisher
19:53:09:190  WARN 14612 --- [Thread-4] c.a.nacos.common.notify.NotifyCenter     : [NotifyCenter] Destruction of the end
19:53:09:191  WARN 14612 --- [Thread-7] c.a.n.common.http.HttpClientBeanHolder   : [HttpClientBeanHolder] Destruction of the end
19:53:09:687  INFO 14612 --- [SpringApplicationShutdownHook] c.a.c.n.registry.NacosServiceRegistry    : De-registering from Nacos Server now...
19:53:09:689  INFO 14612 --- [SpringApplicationShutdownHook] c.a.c.n.registry.NacosServiceRegistry    : De-registration finished.
19:53:09:994  INFO 14612 --- [SpringApplicationShutdownHook] com.alibaba.nacos.common.remote.client   : Shutdown rpc client, set status to shutdown
19:53:09:994  INFO 14612 --- [SpringApplicationShutdownHook] com.alibaba.nacos.common.remote.client   : Shutdown client event executor java.util.concurrent.ScheduledThreadPoolExecutor@23626a3b[Running, pool size = 2, active threads = 2, queued tasks = 0, completed tasks = 0]
19:53:09:995  INFO 14612 --- [SpringApplicationShutdownHook] com.alibaba.nacos.common.remote.client   : Close current connection 1729678383174_127.0.0.1_14528
19:53:09:995  INFO 14612 --- [nacos-grpc-client-executor-1222] c.a.n.c.remote.client.grpc.GrpcClient    : [1729678383174_127.0.0.1_14528]Ignore complete event,isRunning:false,isAbandon=false
19:53:09:998  INFO 14612 --- [SpringApplicationShutdownHook] c.a.n.c.remote.client.grpc.GrpcClient    : Shutdown grpc executor java.util.concurrent.ThreadPoolExecutor@7138191c[Running, pool size = 5, active threads = 0, queued tasks = 0, completed tasks = 1223]
19:53:27:542  INFO 5180 --- [main] com.hmall.pay.PayApplication             : Starting PayApplication using Java 11.0.15.1 on LAPTOP-HD9ADU9H with PID 5180 (D:\back_end\JAVA\code\hmall\pay-service\target\classes started by dogofayaka in D:\back_end\JAVA\code\hmall)
19:53:27:545 DEBUG 5180 --- [main] com.hmall.pay.PayApplication             : Running with Spring Boot v2.7.12, Spring v5.3.27
19:53:27:545  INFO 5180 --- [main] com.hmall.pay.PayApplication             : The following 1 profile is active: "dev"
19:53:28:681  INFO 5180 --- [main] o.s.cloud.context.scope.GenericScope     : BeanFactory id=ba4ea04b-4913-370a-8889-dbba5e4b4b41
19:53:28:967  INFO 5180 --- [main] o.s.b.w.embedded.tomcat.TomcatWebServer  : Tomcat initialized with port(s): 8086 (http)
19:53:28:976  INFO 5180 --- [main] o.apache.catalina.core.StandardService   : Starting service [Tomcat]
19:53:28:976  INFO 5180 --- [main] org.apache.catalina.core.StandardEngine  : Starting Servlet engine: [Apache Tomcat/9.0.75]
19:53:29:078  INFO 5180 --- [main] o.a.c.c.C.[Tomcat].[localhost].[/]       : Initializing Spring embedded WebApplicationContext
19:53:29:079  INFO 5180 --- [main] w.s.c.ServletWebServerApplicationContext : Root WebApplicationContext: initialization completed in 1496 ms
19:53:29:217  INFO 5180 --- [main] o.s.c.openfeign.FeignClientFactoryBean   : For 'user-service' URL not provided. Will try picking an instance via load-balancing.
19:53:29:378  INFO 5180 --- [main] o.s.c.openfeign.FeignClientFactoryBean   : For 'trade-service' URL not provided. Will try picking an instance via load-balancing.
19:53:32:863  INFO 5180 --- [main] o.s.cloud.commons.util.InetUtils         : Cannot determine local hostname
19:53:32:898  INFO 5180 --- [main] pertySourcedRequestMappingHandlerMapping : Mapped URL path [/v2/api-docs] onto method [springfox.documentation.swagger2.web.Swagger2ControllerWebMvc#getDocumentation(String, HttpServletRequest)]
19:53:34:493  INFO 5180 --- [main] o.s.cloud.commons.util.InetUtils         : Cannot determine local hostname
19:53:34:627  INFO 5180 --- [main] com.alibaba.nacos.common.remote.client   : [RpcClientFactory] create a new rpc client of 34001263-830e-4cb8-a081-45f58755301a
19:53:34:669  INFO 5180 --- [main] org.reflections.Reflections              : Reflections took 25 ms to scan 1 urls, producing 3 keys and 6 values 
19:53:34:698  INFO 5180 --- [main] org.reflections.Reflections              : Reflections took 14 ms to scan 1 urls, producing 4 keys and 9 values 
19:53:34:712  INFO 5180 --- [main] org.reflections.Reflections              : Reflections took 11 ms to scan 1 urls, producing 3 keys and 10 values 
19:53:34:714  WARN 5180 --- [main] org.reflections.Reflections              : given scan urls are empty. set urls in the configuration
19:53:34:725  INFO 5180 --- [main] org.reflections.Reflections              : Reflections took 11 ms to scan 1 urls, producing 1 keys and 5 values 
19:53:34:738  INFO 5180 --- [main] org.reflections.Reflections              : Reflections took 12 ms to scan 1 urls, producing 1 keys and 7 values 
19:53:34:753  INFO 5180 --- [main] org.reflections.Reflections              : Reflections took 12 ms to scan 1 urls, producing 2 keys and 8 values 
19:53:34:755  WARN 5180 --- [main] org.reflections.Reflections              : given scan urls are empty. set urls in the configuration
19:53:34:757  INFO 5180 --- [main] com.alibaba.nacos.common.remote.client   : [34001263-830e-4cb8-a081-45f58755301a] RpcClient init label, labels = {module=naming, source=sdk}
19:53:34:759  INFO 5180 --- [main] com.alibaba.nacos.common.remote.client   : [34001263-830e-4cb8-a081-45f58755301a] RpcClient init, ServerListFactory = com.alibaba.nacos.client.naming.core.ServerListManager
19:53:34:759  INFO 5180 --- [main] com.alibaba.nacos.common.remote.client   : [34001263-830e-4cb8-a081-45f58755301a] Registry connection listener to current client:com.alibaba.nacos.client.naming.remote.gprc.redo.NamingGrpcRedoService
19:53:34:760  INFO 5180 --- [main] com.alibaba.nacos.common.remote.client   : [34001263-830e-4cb8-a081-45f58755301a] Register server push request handler:com.alibaba.nacos.client.naming.remote.gprc.NamingPushRequestHandler
19:53:34:761  INFO 5180 --- [main] com.alibaba.nacos.common.remote.client   : [34001263-830e-4cb8-a081-45f58755301a] Try to connect to server on start up, server: {serverIp = '127.0.0.1', server main port = 8848}
19:53:36:343 ERROR 5180 --- [nacos-grpc-client-executor-4] c.a.n.c.remote.client.grpc.GrpcClient    : [1729684416284_127.0.0.1_7720]Error to process server push response: {"headers":{},"abilityTable":{"supportPersistentInstanceByGrpc":true},"module":"internal"}
19:53:36:436  INFO 5180 --- [main] com.alibaba.nacos.common.remote.client   : [34001263-830e-4cb8-a081-45f58755301a] Success to connect to server [127.0.0.1:8848] on start up, connectionId = 1729684416284_127.0.0.1_7720
19:53:36:436  INFO 5180 --- [com.alibaba.nacos.client.remote.worker] com.alibaba.nacos.common.remote.client   : [34001263-830e-4cb8-a081-45f58755301a] Notify connected event to listeners.
19:53:36:437  INFO 5180 --- [main] com.alibaba.nacos.common.remote.client   : [34001263-830e-4cb8-a081-45f58755301a] Register server push request handler:com.alibaba.nacos.common.remote.client.RpcClient$ConnectResetRequestHandler
19:53:36:437  INFO 5180 --- [main] com.alibaba.nacos.common.remote.client   : [34001263-830e-4cb8-a081-45f58755301a] Register server push request handler:com.alibaba.nacos.common.remote.client.RpcClient$$Lambda$991/0x000000080077f040
19:53:36:472  INFO 5180 --- [main] o.s.b.w.embedded.tomcat.TomcatWebServer  : Tomcat started on port(s): 8086 (http) with context path ''
19:53:36:478  INFO 5180 --- [main] c.a.c.n.registry.NacosServiceRegistry    : nacos registry, DEFAULT_GROUP pay-service 192.168.26.1:8086 register finished
19:53:36:982  INFO 5180 --- [nacos-grpc-client-executor-8] com.alibaba.nacos.common.remote.client   : [34001263-830e-4cb8-a081-45f58755301a] Receive server push request, request = NotifySubscriberRequest, requestId = 79
19:53:36:985  INFO 5180 --- [nacos-grpc-client-executor-8] com.alibaba.nacos.common.remote.client   : [34001263-830e-4cb8-a081-45f58755301a] Ack server push request, request = NotifySubscriberRequest, requestId = 79
19:53:37:919  INFO 5180 --- [main] o.s.cloud.commons.util.InetUtils         : Cannot determine local hostname
19:53:37:919  INFO 5180 --- [main] d.s.w.p.DocumentationPluginsBootstrapper : Documentation plugins bootstrapped
19:53:37:921  INFO 5180 --- [main] d.s.w.p.DocumentationPluginsBootstrapper : Found 1 custom documentation plugin(s)
19:53:37:936  INFO 5180 --- [main] s.d.s.w.s.ApiListingReferenceScanner     : Scanning for api listing references
19:53:37:991  INFO 5180 --- [main] com.hmall.pay.PayApplication             : Started PayApplication in 12.522 seconds (JVM running for 13.914)
20:33:04:027  WARN 5180 --- [Thread-4] c.a.nacos.common.notify.NotifyCenter     : [NotifyCenter] Start destroying Publisher
20:33:04:027  WARN 5180 --- [Thread-7] c.a.n.common.http.HttpClientBeanHolder   : [HttpClientBeanHolder] Start destroying common HttpClient
20:33:04:029  WARN 5180 --- [Thread-4] c.a.nacos.common.notify.NotifyCenter     : [NotifyCenter] Destruction of the end
20:33:04:029  WARN 5180 --- [Thread-7] c.a.n.common.http.HttpClientBeanHolder   : [HttpClientBeanHolder] Destruction of the end
20:33:04:504  INFO 5180 --- [SpringApplicationShutdownHook] c.a.c.n.registry.NacosServiceRegistry    : De-registering from Nacos Server now...
20:33:04:504  INFO 5180 --- [SpringApplicationShutdownHook] c.a.c.n.registry.NacosServiceRegistry    : De-registration finished.
20:33:04:842  INFO 5180 --- [SpringApplicationShutdownHook] com.alibaba.nacos.common.remote.client   : Shutdown rpc client, set status to shutdown
20:33:04:842  INFO 5180 --- [SpringApplicationShutdownHook] com.alibaba.nacos.common.remote.client   : Shutdown client event executor java.util.concurrent.ScheduledThreadPoolExecutor@3fad9b7[Running, pool size = 2, active threads = 2, queued tasks = 0, completed tasks = 0]
20:33:04:842  INFO 5180 --- [SpringApplicationShutdownHook] com.alibaba.nacos.common.remote.client   : Close current connection 1729684416284_127.0.0.1_7720
20:33:04:844  INFO 5180 --- [nacos-grpc-client-executor-490] c.a.n.c.remote.client.grpc.GrpcClient    : [1729684416284_127.0.0.1_7720]Ignore complete event,isRunning:false,isAbandon=false
20:33:04:845  INFO 5180 --- [SpringApplicationShutdownHook] c.a.n.c.remote.client.grpc.GrpcClient    : Shutdown grpc executor java.util.concurrent.ThreadPoolExecutor@157a7717[Running, pool size = 5, active threads = 0, queued tasks = 0, completed tasks = 491]
20:33:18:557  INFO 35976 --- [main] com.hmall.pay.PayApplication             : Starting PayApplication using Java 11.0.15.1 on LAPTOP-HD9ADU9H with PID 35976 (D:\back_end\JAVA\code\hmall\pay-service\target\classes started by dogofayaka in D:\back_end\JAVA\code\hmall)
20:33:18:561 DEBUG 35976 --- [main] com.hmall.pay.PayApplication             : Running with Spring Boot v2.7.12, Spring v5.3.27
20:33:18:561  INFO 35976 --- [main] com.hmall.pay.PayApplication             : The following 1 profile is active: "dev"
20:33:19:442  INFO 35976 --- [main] o.s.cloud.context.scope.GenericScope     : BeanFactory id=ba4ea04b-4913-370a-8889-dbba5e4b4b41
20:33:19:732  INFO 35976 --- [main] o.s.b.w.embedded.tomcat.TomcatWebServer  : Tomcat initialized with port(s): 8086 (http)
20:33:19:740  INFO 35976 --- [main] o.apache.catalina.core.StandardService   : Starting service [Tomcat]
20:33:19:740  INFO 35976 --- [main] org.apache.catalina.core.StandardEngine  : Starting Servlet engine: [Apache Tomcat/9.0.75]
20:33:19:878  INFO 35976 --- [main] o.a.c.c.C.[Tomcat].[localhost].[/]       : Initializing Spring embedded WebApplicationContext
20:33:19:878  INFO 35976 --- [main] w.s.c.ServletWebServerApplicationContext : Root WebApplicationContext: initialization completed in 1281 ms
20:33:20:081  INFO 35976 --- [main] o.s.c.openfeign.FeignClientFactoryBean   : For 'user-service' URL not provided. Will try picking an instance via load-balancing.
20:33:20:251  INFO 35976 --- [main] o.s.c.openfeign.FeignClientFactoryBean   : For 'trade-service' URL not provided. Will try picking an instance via load-balancing.
20:33:23:912  INFO 35976 --- [main] o.s.cloud.commons.util.InetUtils         : Cannot determine local hostname
20:33:23:943  INFO 35976 --- [main] pertySourcedRequestMappingHandlerMapping : Mapped URL path [/v2/api-docs] onto method [springfox.documentation.swagger2.web.Swagger2ControllerWebMvc#getDocumentation(String, HttpServletRequest)]
20:33:25:719  INFO 35976 --- [main] o.s.cloud.commons.util.InetUtils         : Cannot determine local hostname
20:33:25:902  INFO 35976 --- [main] com.alibaba.nacos.common.remote.client   : [RpcClientFactory] create a new rpc client of 8b47d81c-edcb-4a07-becc-0ff95b51dab6
20:33:25:944  INFO 35976 --- [main] org.reflections.Reflections              : Reflections took 25 ms to scan 1 urls, producing 3 keys and 6 values 
20:33:25:970  INFO 35976 --- [main] org.reflections.Reflections              : Reflections took 9 ms to scan 1 urls, producing 4 keys and 9 values 
20:33:25:980  INFO 35976 --- [main] org.reflections.Reflections              : Reflections took 7 ms to scan 1 urls, producing 3 keys and 10 values 
20:33:25:983  WARN 35976 --- [main] org.reflections.Reflections              : given scan urls are empty. set urls in the configuration
20:33:25:994  INFO 35976 --- [main] org.reflections.Reflections              : Reflections took 10 ms to scan 1 urls, producing 1 keys and 5 values 
20:33:26:007  INFO 35976 --- [main] org.reflections.Reflections              : Reflections took 10 ms to scan 1 urls, producing 1 keys and 7 values 
20:33:26:018  INFO 35976 --- [main] org.reflections.Reflections              : Reflections took 8 ms to scan 1 urls, producing 2 keys and 8 values 
20:33:26:019  WARN 35976 --- [main] org.reflections.Reflections              : given scan urls are empty. set urls in the configuration
20:33:26:020  INFO 35976 --- [main] com.alibaba.nacos.common.remote.client   : [8b47d81c-edcb-4a07-becc-0ff95b51dab6] RpcClient init label, labels = {module=naming, source=sdk}
20:33:26:022  INFO 35976 --- [main] com.alibaba.nacos.common.remote.client   : [8b47d81c-edcb-4a07-becc-0ff95b51dab6] RpcClient init, ServerListFactory = com.alibaba.nacos.client.naming.core.ServerListManager
20:33:26:022  INFO 35976 --- [main] com.alibaba.nacos.common.remote.client   : [8b47d81c-edcb-4a07-becc-0ff95b51dab6] Registry connection listener to current client:com.alibaba.nacos.client.naming.remote.gprc.redo.NamingGrpcRedoService
20:33:26:022  INFO 35976 --- [main] com.alibaba.nacos.common.remote.client   : [8b47d81c-edcb-4a07-becc-0ff95b51dab6] Register server push request handler:com.alibaba.nacos.client.naming.remote.gprc.NamingPushRequestHandler
20:33:26:024  INFO 35976 --- [main] com.alibaba.nacos.common.remote.client   : [8b47d81c-edcb-4a07-becc-0ff95b51dab6] Try to connect to server on start up, server: {serverIp = '127.0.0.1', server main port = 8848}
20:33:28:454 ERROR 35976 --- [nacos-grpc-client-executor-5] c.a.n.c.remote.client.grpc.GrpcClient    : [1729686808370_127.0.0.1_7683]Error to process server push response: {"headers":{},"abilityTable":{"supportPersistentInstanceByGrpc":true},"module":"internal"}
20:33:28:548  INFO 35976 --- [main] com.alibaba.nacos.common.remote.client   : [8b47d81c-edcb-4a07-becc-0ff95b51dab6] Success to connect to server [127.0.0.1:8848] on start up, connectionId = 1729686808370_127.0.0.1_7683
20:33:28:548  INFO 35976 --- [com.alibaba.nacos.client.remote.worker] com.alibaba.nacos.common.remote.client   : [8b47d81c-edcb-4a07-becc-0ff95b51dab6] Notify connected event to listeners.
20:33:28:549  INFO 35976 --- [main] com.alibaba.nacos.common.remote.client   : [8b47d81c-edcb-4a07-becc-0ff95b51dab6] Register server push request handler:com.alibaba.nacos.common.remote.client.RpcClient$ConnectResetRequestHandler
20:33:28:549  INFO 35976 --- [main] com.alibaba.nacos.common.remote.client   : [8b47d81c-edcb-4a07-becc-0ff95b51dab6] Register server push request handler:com.alibaba.nacos.common.remote.client.RpcClient$$Lambda$991/0x000000080077f040
20:33:28:596  INFO 35976 --- [main] o.s.b.w.embedded.tomcat.TomcatWebServer  : Tomcat started on port(s): 8086 (http) with context path ''
20:33:28:605  INFO 35976 --- [main] c.a.c.n.registry.NacosServiceRegistry    : nacos registry, DEFAULT_GROUP pay-service 192.168.26.1:8086 register finished
20:33:29:110  INFO 35976 --- [nacos-grpc-client-executor-9] com.alibaba.nacos.common.remote.client   : [8b47d81c-edcb-4a07-becc-0ff95b51dab6] Receive server push request, request = NotifySubscriberRequest, requestId = 87
20:33:29:115  INFO 35976 --- [nacos-grpc-client-executor-9] com.alibaba.nacos.common.remote.client   : [8b47d81c-edcb-4a07-becc-0ff95b51dab6] Ack server push request, request = NotifySubscriberRequest, requestId = 87
20:33:30:195  INFO 35976 --- [main] o.s.cloud.commons.util.InetUtils         : Cannot determine local hostname
20:33:30:195  INFO 35976 --- [main] d.s.w.p.DocumentationPluginsBootstrapper : Documentation plugins bootstrapped
20:33:30:198  INFO 35976 --- [main] d.s.w.p.DocumentationPluginsBootstrapper : Found 1 custom documentation plugin(s)
20:33:30:228  INFO 35976 --- [main] s.d.s.w.s.ApiListingReferenceScanner     : Scanning for api listing references
20:33:30:299  INFO 35976 --- [main] com.hmall.pay.PayApplication             : Started PayApplication in 13.777 seconds (JVM running for 14.647)
21:03:42:262  WARN 35976 --- [Thread-4] c.a.nacos.common.notify.NotifyCenter     : [NotifyCenter] Start destroying Publisher
21:03:42:262  WARN 35976 --- [Thread-7] c.a.n.common.http.HttpClientBeanHolder   : [HttpClientBeanHolder] Start destroying common HttpClient
21:03:42:262  WARN 35976 --- [Thread-4] c.a.nacos.common.notify.NotifyCenter     : [NotifyCenter] Destruction of the end
21:03:42:262  WARN 35976 --- [Thread-7] c.a.n.common.http.HttpClientBeanHolder   : [HttpClientBeanHolder] Destruction of the end
21:03:42:712  INFO 35976 --- [SpringApplicationShutdownHook] c.a.c.n.registry.NacosServiceRegistry    : De-registering from Nacos Server now...
21:03:42:712  INFO 35976 --- [SpringApplicationShutdownHook] c.a.c.n.registry.NacosServiceRegistry    : De-registration finished.
21:03:43:050  INFO 35976 --- [SpringApplicationShutdownHook] com.alibaba.nacos.common.remote.client   : Shutdown rpc client, set status to shutdown
21:03:43:050  INFO 35976 --- [SpringApplicationShutdownHook] com.alibaba.nacos.common.remote.client   : Shutdown client event executor java.util.concurrent.ScheduledThreadPoolExecutor@1155cc1e[Running, pool size = 2, active threads = 2, queued tasks = 0, completed tasks = 0]
21:03:43:050  INFO 35976 --- [SpringApplicationShutdownHook] com.alibaba.nacos.common.remote.client   : Close current connection 1729686808370_127.0.0.1_7683
21:03:43:052  INFO 35976 --- [nacos-grpc-client-executor-375] c.a.n.c.remote.client.grpc.GrpcClient    : [1729686808370_127.0.0.1_7683]Ignore complete event,isRunning:false,isAbandon=false
21:03:43:052  INFO 35976 --- [SpringApplicationShutdownHook] c.a.n.c.remote.client.grpc.GrpcClient    : Shutdown grpc executor java.util.concurrent.ThreadPoolExecutor@713ac928[Running, pool size = 4, active threads = 0, queued tasks = 0, completed tasks = 376]
21:04:02:826  INFO 26268 --- [main] com.alibaba.nacos.common.remote.client   : [RpcClientFactory] create a new rpc client of f34203e1-b404-4df4-8fda-d083fda8167d_config-0
21:04:02:868  INFO 26268 --- [main] org.reflections.Reflections              : Reflections took 18 ms to scan 1 urls, producing 3 keys and 6 values 
21:04:02:883  INFO 26268 --- [main] org.reflections.Reflections              : Reflections took 5 ms to scan 1 urls, producing 4 keys and 9 values 
21:04:02:896  INFO 26268 --- [main] org.reflections.Reflections              : Reflections took 6 ms to scan 1 urls, producing 3 keys and 10 values 
21:04:02:896  WARN 26268 --- [main] org.reflections.Reflections              : given scan urls are empty. set urls in the configuration
21:04:02:905  INFO 26268 --- [main] org.reflections.Reflections              : Reflections took 9 ms to scan 1 urls, producing 1 keys and 5 values 
21:04:02:913  INFO 26268 --- [main] org.reflections.Reflections              : Reflections took 8 ms to scan 1 urls, producing 1 keys and 7 values 
21:04:02:922  INFO 26268 --- [main] org.reflections.Reflections              : Reflections took 9 ms to scan 1 urls, producing 2 keys and 8 values 
21:04:02:927  WARN 26268 --- [main] org.reflections.Reflections              : given scan urls are empty. set urls in the configuration
21:04:02:927  INFO 26268 --- [main] com.alibaba.nacos.common.remote.client   : [f34203e1-b404-4df4-8fda-d083fda8167d_config-0] RpcClient init label, labels = {module=config, Vipserver-Tag=null, source=sdk, Amory-Tag=null, Location-Tag=null, taskId=0, AppName=unknown}
21:04:02:927  INFO 26268 --- [main] com.alibaba.nacos.common.remote.client   : [f34203e1-b404-4df4-8fda-d083fda8167d_config-0] Register server push request handler:com.alibaba.nacos.client.config.impl.ClientWorker$ConfigRpcTransportClient$$Lambda$459/0x000000080041f840
21:04:02:927  INFO 26268 --- [main] com.alibaba.nacos.common.remote.client   : [f34203e1-b404-4df4-8fda-d083fda8167d_config-0] Register server push request handler:com.alibaba.nacos.client.config.impl.ClientWorker$ConfigRpcTransportClient$$Lambda$460/0x000000080041fc40
21:04:02:927  INFO 26268 --- [main] com.alibaba.nacos.common.remote.client   : [f34203e1-b404-4df4-8fda-d083fda8167d_config-0] Registry connection listener to current client:com.alibaba.nacos.client.config.impl.ClientWorker$ConfigRpcTransportClient$1
21:04:02:927  INFO 26268 --- [main] com.alibaba.nacos.common.remote.client   : [f34203e1-b404-4df4-8fda-d083fda8167d_config-0] RpcClient init, ServerListFactory = com.alibaba.nacos.client.config.impl.ClientWorker$ConfigRpcTransportClient$2
21:04:02:937  INFO 26268 --- [main] com.alibaba.nacos.common.remote.client   : [f34203e1-b404-4df4-8fda-d083fda8167d_config-0] Try to connect to server on start up, server: {serverIp = '127.0.0.1', server main port = 8848}
21:04:04:852 ERROR 26268 --- [nacos-grpc-client-executor-5] c.a.n.c.remote.client.grpc.GrpcClient    : [1729688644770_127.0.0.1_12572]Error to process server push response: {"headers":{},"abilityTable":{"supportPersistentInstanceByGrpc":true},"module":"internal"}
21:04:04:961  INFO 26268 --- [main] com.alibaba.nacos.common.remote.client   : [f34203e1-b404-4df4-8fda-d083fda8167d_config-0] Success to connect to server [127.0.0.1:8848] on start up, connectionId = 1729688644770_127.0.0.1_12572
21:04:04:961  INFO 26268 --- [com.alibaba.nacos.client.remote.worker] com.alibaba.nacos.common.remote.client   : [f34203e1-b404-4df4-8fda-d083fda8167d_config-0] Notify connected event to listeners.
21:04:04:961  INFO 26268 --- [main] com.alibaba.nacos.common.remote.client   : [f34203e1-b404-4df4-8fda-d083fda8167d_config-0] Register server push request handler:com.alibaba.nacos.common.remote.client.RpcClient$ConnectResetRequestHandler
21:04:04:961  INFO 26268 --- [main] com.alibaba.nacos.common.remote.client   : [f34203e1-b404-4df4-8fda-d083fda8167d_config-0] Register server push request handler:com.alibaba.nacos.common.remote.client.RpcClient$$Lambda$474/0x000000080041bc40
21:04:05:009  WARN 26268 --- [main] c.a.c.n.c.NacosPropertySourceBuilder     : Ignore the empty nacos configuration and get it based on dataId[pay-service] & group[DEFAULT_GROUP]
21:04:05:009  WARN 26268 --- [main] c.a.c.n.c.NacosPropertySourceBuilder     : Ignore the empty nacos configuration and get it based on dataId[pay-service.properties] & group[DEFAULT_GROUP]
21:04:05:025  WARN 26268 --- [main] c.a.c.n.c.NacosPropertySourceBuilder     : Ignore the empty nacos configuration and get it based on dataId[pay-service-dev.properties] & group[DEFAULT_GROUP]
21:04:05:025  INFO 26268 --- [main] b.c.PropertySourceBootstrapConfiguration : Located property source: [BootstrapPropertySource {name='bootstrapProperties-pay-service-dev.properties,DEFAULT_GROUP'}, BootstrapPropertySource {name='bootstrapProperties-pay-service.properties,DEFAULT_GROUP'}, BootstrapPropertySource {name='bootstrapProperties-pay-service,DEFAULT_GROUP'}]
21:04:05:056  INFO 26268 --- [main] com.hmall.pay.PayApplication             : The following 1 profile is active: "dev"
21:04:06:043  INFO 26268 --- [main] o.s.cloud.context.scope.GenericScope     : BeanFactory id=5c5b61ef-5513-3afd-98bc-5111f5152044
21:04:06:415  INFO 26268 --- [main] o.s.b.w.embedded.tomcat.TomcatWebServer  : Tomcat initialized with port(s): 8086 (http)
21:04:06:431  INFO 26268 --- [main] o.apache.catalina.core.StandardService   : Starting service [Tomcat]
21:04:06:432  INFO 26268 --- [main] org.apache.catalina.core.StandardEngine  : Starting Servlet engine: [Apache Tomcat/9.0.75]
21:04:06:575  INFO 26268 --- [main] o.a.c.c.C.[Tomcat].[localhost].[/]       : Initializing Spring embedded WebApplicationContext
21:04:06:575  INFO 26268 --- [main] w.s.c.ServletWebServerApplicationContext : Root WebApplicationContext: initialization completed in 1503 ms
21:04:06:779  INFO 26268 --- [main] o.s.c.openfeign.FeignClientFactoryBean   : For 'user-service' URL not provided. Will try picking an instance via load-balancing.
21:04:06:987  INFO 26268 --- [main] o.s.c.openfeign.FeignClientFactoryBean   : For 'trade-service' URL not provided. Will try picking an instance via load-balancing.
21:04:11:265  INFO 26268 --- [main] o.s.cloud.commons.util.InetUtils         : Cannot determine local hostname
21:04:11:297  INFO 26268 --- [main] pertySourcedRequestMappingHandlerMapping : Mapped URL path [/v2/api-docs] onto method [springfox.documentation.swagger2.web.Swagger2ControllerWebMvc#getDocumentation(String, HttpServletRequest)]
21:04:13:351  INFO 26268 --- [main] o.s.cloud.commons.util.InetUtils         : Cannot determine local hostname
21:04:13:493  INFO 26268 --- [main] com.alibaba.nacos.common.remote.client   : [RpcClientFactory] create a new rpc client of 7c9c17d2-ddb9-4447-883f-ec7e286a12c3
21:04:13:493  INFO 26268 --- [main] com.alibaba.nacos.common.remote.client   : [7c9c17d2-ddb9-4447-883f-ec7e286a12c3] RpcClient init label, labels = {module=naming, source=sdk}
21:04:13:495  INFO 26268 --- [main] com.alibaba.nacos.common.remote.client   : [7c9c17d2-ddb9-4447-883f-ec7e286a12c3] RpcClient init, ServerListFactory = com.alibaba.nacos.client.naming.core.ServerListManager
21:04:13:495  INFO 26268 --- [main] com.alibaba.nacos.common.remote.client   : [7c9c17d2-ddb9-4447-883f-ec7e286a12c3] Registry connection listener to current client:com.alibaba.nacos.client.naming.remote.gprc.redo.NamingGrpcRedoService
21:04:13:495  INFO 26268 --- [main] com.alibaba.nacos.common.remote.client   : [7c9c17d2-ddb9-4447-883f-ec7e286a12c3] Register server push request handler:com.alibaba.nacos.client.naming.remote.gprc.NamingPushRequestHandler
21:04:13:496  INFO 26268 --- [main] com.alibaba.nacos.common.remote.client   : [7c9c17d2-ddb9-4447-883f-ec7e286a12c3] Try to connect to server on start up, server: {serverIp = '127.0.0.1', server main port = 8848}
21:04:13:509 ERROR 26268 --- [nacos-grpc-client-executor-3] c.a.n.c.remote.client.grpc.GrpcClient    : [1729688653501_127.0.0.1_12770]Error to process server push response: {"headers":{},"abilityTable":{"supportPersistentInstanceByGrpc":true},"module":"internal"}
21:04:13:615  INFO 26268 --- [main] com.alibaba.nacos.common.remote.client   : [7c9c17d2-ddb9-4447-883f-ec7e286a12c3] Success to connect to server [127.0.0.1:8848] on start up, connectionId = 1729688653501_127.0.0.1_12770
21:04:13:615  INFO 26268 --- [main] com.alibaba.nacos.common.remote.client   : [7c9c17d2-ddb9-4447-883f-ec7e286a12c3] Register server push request handler:com.alibaba.nacos.common.remote.client.RpcClient$ConnectResetRequestHandler
21:04:13:615  INFO 26268 --- [com.alibaba.nacos.client.remote.worker] com.alibaba.nacos.common.remote.client   : [7c9c17d2-ddb9-4447-883f-ec7e286a12c3] Notify connected event to listeners.
21:04:13:615  INFO 26268 --- [main] com.alibaba.nacos.common.remote.client   : [7c9c17d2-ddb9-4447-883f-ec7e286a12c3] Register server push request handler:com.alibaba.nacos.common.remote.client.RpcClient$$Lambda$474/0x000000080041bc40
21:04:13:658  INFO 26268 --- [main] o.s.b.w.embedded.tomcat.TomcatWebServer  : Tomcat started on port(s): 8086 (http) with context path ''
21:04:13:667  INFO 26268 --- [main] c.a.c.n.registry.NacosServiceRegistry    : nacos registry, DEFAULT_GROUP pay-service 192.168.26.1:8086 register finished
21:04:14:137  INFO 26268 --- [nacos-grpc-client-executor-6] com.alibaba.nacos.common.remote.client   : [7c9c17d2-ddb9-4447-883f-ec7e286a12c3] Receive server push request, request = NotifySubscriberRequest, requestId = 97
21:04:14:146  INFO 26268 --- [nacos-grpc-client-executor-6] com.alibaba.nacos.common.remote.client   : [7c9c17d2-ddb9-4447-883f-ec7e286a12c3] Ack server push request, request = NotifySubscriberRequest, requestId = 97
21:04:15:391  INFO 26268 --- [main] o.s.cloud.commons.util.InetUtils         : Cannot determine local hostname
21:04:15:391  INFO 26268 --- [main] d.s.w.p.DocumentationPluginsBootstrapper : Documentation plugins bootstrapped
21:04:15:392  INFO 26268 --- [main] d.s.w.p.DocumentationPluginsBootstrapper : Found 1 custom documentation plugin(s)
21:04:15:407  INFO 26268 --- [main] s.d.s.w.s.ApiListingReferenceScanner     : Scanning for api listing references
21:04:15:524  INFO 26268 --- [main] com.hmall.pay.PayApplication             : Started PayApplication in 16.824 seconds (JVM running for 18.001)
21:04:15:534  INFO 26268 --- [main] c.a.c.n.refresh.NacosContextRefresher    : [Nacos Config] Listening config: dataId=pay-service, group=DEFAULT_GROUP
21:04:15:534  INFO 26268 --- [main] c.a.c.n.refresh.NacosContextRefresher    : [Nacos Config] Listening config: dataId=pay-service.properties, group=DEFAULT_GROUP
21:04:15:534  INFO 26268 --- [main] c.a.c.n.refresh.NacosContextRefresher    : [Nacos Config] Listening config: dataId=pay-service-dev.properties, group=DEFAULT_GROUP
