18:13:01:446  INFO 17628 --- [main] com.hmall.cart.CartApplication           : Starting CartApplication using Java 11.0.15.1 on LAPTOP-HD9ADU9H with PID 17628 (D:\back_end\JAVA\code\hmall\cart-service\target\classes started by dogofayaka in D:\back_end\JAVA\code\hmall)
18:13:01:451 DEBUG 17628 --- [main] com.hmall.cart.CartApplication           : Running with Spring Boot v2.7.12, Spring v5.3.27
18:13:01:451  INFO 17628 --- [main] com.hmall.cart.CartApplication           : The following 1 profile is active: "dev"
18:13:02:278  INFO 17628 --- [main] o.s.cloud.context.scope.GenericScope     : BeanFactory id=e1fba632-cca9-3df5-ad87-1bafa81f744c
18:13:02:603  INFO 17628 --- [main] o.s.b.w.embedded.tomcat.TomcatWebServer  : Tomcat initialized with port(s): 8082 (http)
18:13:02:619  INFO 17628 --- [main] o.apache.catalina.core.StandardService   : Starting service [Tomcat]
18:13:02:619  INFO 17628 --- [main] org.apache.catalina.core.StandardEngine  : Starting Servlet engine: [Apache Tomcat/9.0.75]
18:13:02:719  INFO 17628 --- [main] o.a.c.c.C.[Tomcat].[localhost].[/]       : Initializing Spring embedded WebApplicationContext
18:13:02:720  INFO 17628 --- [main] w.s.c.ServletWebServerApplicationContext : Root WebApplicationContext: initialization completed in 1238 ms
18:13:02:856  INFO 17628 --- [main] o.s.c.openfeign.FeignClientFactoryBean   : For 'item-service' URL not provided. Will try picking an instance via load-balancing.
18:13:06:080  INFO 17628 --- [main] o.s.cloud.commons.util.InetUtils         : Cannot determine local hostname
18:13:06:106  INFO 17628 --- [main] pertySourcedRequestMappingHandlerMapping : Mapped URL path [/v2/api-docs] onto method [springfox.documentation.swagger2.web.Swagger2ControllerWebMvc#getDocumentation(String, HttpServletRequest)]
18:13:07:743  INFO 17628 --- [main] o.s.cloud.commons.util.InetUtils         : Cannot determine local hostname
18:13:07:892  INFO 17628 --- [main] com.alibaba.nacos.common.remote.client   : [RpcClientFactory] create a new rpc client of a8b603e7-c706-4b6f-a135-d77e79052eee
18:13:07:936  INFO 17628 --- [main] org.reflections.Reflections              : Reflections took 26 ms to scan 1 urls, producing 3 keys and 6 values 
18:13:07:960  INFO 17628 --- [main] org.reflections.Reflections              : Reflections took 9 ms to scan 1 urls, producing 4 keys and 9 values 
18:13:07:970  INFO 17628 --- [main] org.reflections.Reflections              : Reflections took 6 ms to scan 1 urls, producing 3 keys and 10 values 
18:13:07:973  WARN 17628 --- [main] org.reflections.Reflections              : given scan urls are empty. set urls in the configuration
18:13:07:981  INFO 17628 --- [main] org.reflections.Reflections              : Reflections took 7 ms to scan 1 urls, producing 1 keys and 5 values 
18:13:07:990  INFO 17628 --- [main] org.reflections.Reflections              : Reflections took 7 ms to scan 1 urls, producing 1 keys and 7 values 
18:13:07:999  INFO 17628 --- [main] org.reflections.Reflections              : Reflections took 6 ms to scan 1 urls, producing 2 keys and 8 values 
18:13:08:001  WARN 17628 --- [main] org.reflections.Reflections              : given scan urls are empty. set urls in the configuration
18:13:08:002  INFO 17628 --- [main] com.alibaba.nacos.common.remote.client   : [a8b603e7-c706-4b6f-a135-d77e79052eee] RpcClient init label, labels = {module=naming, source=sdk}
18:13:08:003  INFO 17628 --- [main] com.alibaba.nacos.common.remote.client   : [a8b603e7-c706-4b6f-a135-d77e79052eee] RpcClient init, ServerListFactory = com.alibaba.nacos.client.naming.core.ServerListManager
18:13:08:003  INFO 17628 --- [main] com.alibaba.nacos.common.remote.client   : [a8b603e7-c706-4b6f-a135-d77e79052eee] Registry connection listener to current client:com.alibaba.nacos.client.naming.remote.gprc.redo.NamingGrpcRedoService
18:13:08:004  INFO 17628 --- [main] com.alibaba.nacos.common.remote.client   : [a8b603e7-c706-4b6f-a135-d77e79052eee] Register server push request handler:com.alibaba.nacos.client.naming.remote.gprc.NamingPushRequestHandler
18:13:08:005  INFO 17628 --- [main] com.alibaba.nacos.common.remote.client   : [a8b603e7-c706-4b6f-a135-d77e79052eee] Try to connect to server on start up, server: {serverIp = '127.0.0.1', server main port = 8848}
18:13:10:165 ERROR 17628 --- [nacos-grpc-client-executor-5] c.a.n.c.remote.client.grpc.GrpcClient    : [1729678390068_127.0.0.1_14741]Error to process server push response: {"headers":{},"abilityTable":{"supportPersistentInstanceByGrpc":true},"module":"internal"}
18:13:10:255  INFO 17628 --- [main] com.alibaba.nacos.common.remote.client   : [a8b603e7-c706-4b6f-a135-d77e79052eee] Success to connect to server [127.0.0.1:8848] on start up, connectionId = 1729678390068_127.0.0.1_14741
18:13:10:255  INFO 17628 --- [com.alibaba.nacos.client.remote.worker] com.alibaba.nacos.common.remote.client   : [a8b603e7-c706-4b6f-a135-d77e79052eee] Notify connected event to listeners.
18:13:10:256  INFO 17628 --- [main] com.alibaba.nacos.common.remote.client   : [a8b603e7-c706-4b6f-a135-d77e79052eee] Register server push request handler:com.alibaba.nacos.common.remote.client.RpcClient$ConnectResetRequestHandler
18:13:10:256  INFO 17628 --- [main] com.alibaba.nacos.common.remote.client   : [a8b603e7-c706-4b6f-a135-d77e79052eee] Register server push request handler:com.alibaba.nacos.common.remote.client.RpcClient$$Lambda$992/0x000000080077f040
18:13:10:304  INFO 17628 --- [main] o.s.b.w.embedded.tomcat.TomcatWebServer  : Tomcat started on port(s): 8082 (http) with context path ''
18:13:10:315  INFO 17628 --- [main] c.a.c.n.registry.NacosServiceRegistry    : nacos registry, DEFAULT_GROUP cart-service 192.168.26.1:8082 register finished
18:13:10:808  INFO 17628 --- [nacos-grpc-client-executor-9] com.alibaba.nacos.common.remote.client   : [a8b603e7-c706-4b6f-a135-d77e79052eee] Receive server push request, request = NotifySubscriberRequest, requestId = 60
18:13:10:813  INFO 17628 --- [nacos-grpc-client-executor-9] com.alibaba.nacos.common.remote.client   : [a8b603e7-c706-4b6f-a135-d77e79052eee] Ack server push request, request = NotifySubscriberRequest, requestId = 60
18:13:11:978  INFO 17628 --- [main] o.s.cloud.commons.util.InetUtils         : Cannot determine local hostname
18:13:11:978  INFO 17628 --- [main] d.s.w.p.DocumentationPluginsBootstrapper : Documentation plugins bootstrapped
18:13:11:981  INFO 17628 --- [main] d.s.w.p.DocumentationPluginsBootstrapper : Found 1 custom documentation plugin(s)
18:13:12:004  INFO 17628 --- [main] s.d.s.w.s.ApiListingReferenceScanner     : Scanning for api listing references
18:13:12:109  INFO 17628 --- [main] com.hmall.cart.CartApplication           : Started CartApplication in 12.72 seconds (JVM running for 14.239)
19:34:03:621  INFO 17628 --- [http-nio-8082-exec-1] o.a.c.c.C.[Tomcat].[localhost].[/]       : Initializing Spring DispatcherServlet 'dispatcherServlet'
19:34:03:621  INFO 17628 --- [http-nio-8082-exec-1] o.s.web.servlet.DispatcherServlet        : Initializing Servlet 'dispatcherServlet'
19:34:03:623  INFO 17628 --- [http-nio-8082-exec-1] o.s.web.servlet.DispatcherServlet        : Completed initialization in 1 ms
19:35:53:708  WARN 17628 --- [http-nio-8082-exec-5] .w.s.m.s.DefaultHandlerExceptionResolver : Resolved [org.springframework.web.HttpRequestMethodNotSupportedException: Request method 'GET' not supported]
19:53:09:294  WARN 17628 --- [Thread-7] c.a.n.common.http.HttpClientBeanHolder   : [HttpClientBeanHolder] Start destroying common HttpClient
19:53:09:294  WARN 17628 --- [Thread-4] c.a.nacos.common.notify.NotifyCenter     : [NotifyCenter] Start destroying Publisher
19:53:09:294  WARN 17628 --- [Thread-4] c.a.nacos.common.notify.NotifyCenter     : [NotifyCenter] Destruction of the end
19:53:09:294  WARN 17628 --- [Thread-7] c.a.n.common.http.HttpClientBeanHolder   : [HttpClientBeanHolder] Destruction of the end
19:53:09:745  INFO 17628 --- [SpringApplicationShutdownHook] c.a.c.n.registry.NacosServiceRegistry    : De-registering from Nacos Server now...
19:53:09:747  INFO 17628 --- [SpringApplicationShutdownHook] c.a.c.n.registry.NacosServiceRegistry    : De-registration finished.
19:53:10:051  INFO 17628 --- [SpringApplicationShutdownHook] com.alibaba.nacos.common.remote.client   : Shutdown rpc client, set status to shutdown
19:53:10:051  INFO 17628 --- [SpringApplicationShutdownHook] com.alibaba.nacos.common.remote.client   : Shutdown client event executor java.util.concurrent.ScheduledThreadPoolExecutor@249ae029[Running, pool size = 2, active threads = 2, queued tasks = 0, completed tasks = 0]
19:53:10:051  INFO 17628 --- [SpringApplicationShutdownHook] com.alibaba.nacos.common.remote.client   : Close current connection 1729678390068_127.0.0.1_14741
19:53:10:052  INFO 17628 --- [nacos-grpc-client-executor-1218] c.a.n.c.remote.client.grpc.GrpcClient    : [1729678390068_127.0.0.1_14741]Ignore complete event,isRunning:false,isAbandon=false
19:53:10:055  INFO 17628 --- [SpringApplicationShutdownHook] c.a.n.c.remote.client.grpc.GrpcClient    : Shutdown grpc executor java.util.concurrent.ThreadPoolExecutor@1dfecf26[Running, pool size = 5, active threads = 0, queued tasks = 0, completed tasks = 1219]
19:53:20:018  INFO 28492 --- [main] com.hmall.cart.CartApplication           : Starting CartApplication using Java 11.0.15.1 on LAPTOP-HD9ADU9H with PID 28492 (D:\back_end\JAVA\code\hmall\cart-service\target\classes started by dogofayaka in D:\back_end\JAVA\code\hmall)
19:53:20:026 DEBUG 28492 --- [main] com.hmall.cart.CartApplication           : Running with Spring Boot v2.7.12, Spring v5.3.27
19:53:20:026  INFO 28492 --- [main] com.hmall.cart.CartApplication           : The following 1 profile is active: "dev"
19:53:21:001  INFO 28492 --- [main] o.s.cloud.context.scope.GenericScope     : BeanFactory id=d59e92a6-d47d-3d38-9d06-380aa94378d4
19:53:21:303  INFO 28492 --- [main] o.s.b.w.embedded.tomcat.TomcatWebServer  : Tomcat initialized with port(s): 8082 (http)
19:53:21:312  INFO 28492 --- [main] o.apache.catalina.core.StandardService   : Starting service [Tomcat]
19:53:21:312  INFO 28492 --- [main] org.apache.catalina.core.StandardEngine  : Starting Servlet engine: [Apache Tomcat/9.0.75]
19:53:21:411  INFO 28492 --- [main] o.a.c.c.C.[Tomcat].[localhost].[/]       : Initializing Spring embedded WebApplicationContext
19:53:21:411  INFO 28492 --- [main] w.s.c.ServletWebServerApplicationContext : Root WebApplicationContext: initialization completed in 1353 ms
19:53:21:593  INFO 28492 --- [main] o.s.c.openfeign.FeignClientFactoryBean   : For 'item-service' URL not provided. Will try picking an instance via load-balancing.
19:53:26:093  INFO 28492 --- [main] o.s.cloud.commons.util.InetUtils         : Cannot determine local hostname
19:53:26:121  INFO 28492 --- [main] pertySourcedRequestMappingHandlerMapping : Mapped URL path [/v2/api-docs] onto method [springfox.documentation.swagger2.web.Swagger2ControllerWebMvc#getDocumentation(String, HttpServletRequest)]
19:53:27:742  INFO 28492 --- [main] o.s.cloud.commons.util.InetUtils         : Cannot determine local hostname
19:53:27:930  INFO 28492 --- [main] com.alibaba.nacos.common.remote.client   : [RpcClientFactory] create a new rpc client of c22ca32d-e40d-4ab4-bd6b-d40b62c5f161
19:53:27:985  INFO 28492 --- [main] org.reflections.Reflections              : Reflections took 31 ms to scan 1 urls, producing 3 keys and 6 values 
19:53:28:022  INFO 28492 --- [main] org.reflections.Reflections              : Reflections took 10 ms to scan 1 urls, producing 4 keys and 9 values 
19:53:28:034  INFO 28492 --- [main] org.reflections.Reflections              : Reflections took 10 ms to scan 1 urls, producing 3 keys and 10 values 
19:53:28:038  WARN 28492 --- [main] org.reflections.Reflections              : given scan urls are empty. set urls in the configuration
19:53:28:049  INFO 28492 --- [main] org.reflections.Reflections              : Reflections took 11 ms to scan 1 urls, producing 1 keys and 5 values 
19:53:28:060  INFO 28492 --- [main] org.reflections.Reflections              : Reflections took 9 ms to scan 1 urls, producing 1 keys and 7 values 
19:53:28:070  INFO 28492 --- [main] org.reflections.Reflections              : Reflections took 8 ms to scan 1 urls, producing 2 keys and 8 values 
19:53:28:072  WARN 28492 --- [main] org.reflections.Reflections              : given scan urls are empty. set urls in the configuration
19:53:28:073  INFO 28492 --- [main] com.alibaba.nacos.common.remote.client   : [c22ca32d-e40d-4ab4-bd6b-d40b62c5f161] RpcClient init label, labels = {module=naming, source=sdk}
19:53:28:076  INFO 28492 --- [main] com.alibaba.nacos.common.remote.client   : [c22ca32d-e40d-4ab4-bd6b-d40b62c5f161] RpcClient init, ServerListFactory = com.alibaba.nacos.client.naming.core.ServerListManager
19:53:28:076  INFO 28492 --- [main] com.alibaba.nacos.common.remote.client   : [c22ca32d-e40d-4ab4-bd6b-d40b62c5f161] Registry connection listener to current client:com.alibaba.nacos.client.naming.remote.gprc.redo.NamingGrpcRedoService
19:53:28:077  INFO 28492 --- [main] com.alibaba.nacos.common.remote.client   : [c22ca32d-e40d-4ab4-bd6b-d40b62c5f161] Register server push request handler:com.alibaba.nacos.client.naming.remote.gprc.NamingPushRequestHandler
19:53:28:078  INFO 28492 --- [main] com.alibaba.nacos.common.remote.client   : [c22ca32d-e40d-4ab4-bd6b-d40b62c5f161] Try to connect to server on start up, server: {serverIp = '127.0.0.1', server main port = 8848}
19:53:29:872 ERROR 28492 --- [nacos-grpc-client-executor-4] c.a.n.c.remote.client.grpc.GrpcClient    : [1729684409786_127.0.0.1_7541]Error to process server push response: {"headers":{},"abilityTable":{"supportPersistentInstanceByGrpc":true},"module":"internal"}
19:53:29:963  INFO 28492 --- [main] com.alibaba.nacos.common.remote.client   : [c22ca32d-e40d-4ab4-bd6b-d40b62c5f161] Success to connect to server [127.0.0.1:8848] on start up, connectionId = 1729684409786_127.0.0.1_7541
19:53:29:964  INFO 28492 --- [com.alibaba.nacos.client.remote.worker] com.alibaba.nacos.common.remote.client   : [c22ca32d-e40d-4ab4-bd6b-d40b62c5f161] Notify connected event to listeners.
19:53:29:965  INFO 28492 --- [main] com.alibaba.nacos.common.remote.client   : [c22ca32d-e40d-4ab4-bd6b-d40b62c5f161] Register server push request handler:com.alibaba.nacos.common.remote.client.RpcClient$ConnectResetRequestHandler
19:53:29:965  INFO 28492 --- [main] com.alibaba.nacos.common.remote.client   : [c22ca32d-e40d-4ab4-bd6b-d40b62c5f161] Register server push request handler:com.alibaba.nacos.common.remote.client.RpcClient$$Lambda$992/0x0000000800797840
19:53:30:018  INFO 28492 --- [main] o.s.b.w.embedded.tomcat.TomcatWebServer  : Tomcat started on port(s): 8082 (http) with context path ''
19:53:30:027  INFO 28492 --- [main] c.a.c.n.registry.NacosServiceRegistry    : nacos registry, DEFAULT_GROUP cart-service 192.168.26.1:8082 register finished
19:53:30:509  INFO 28492 --- [nacos-grpc-client-executor-8] com.alibaba.nacos.common.remote.client   : [c22ca32d-e40d-4ab4-bd6b-d40b62c5f161] Receive server push request, request = NotifySubscriberRequest, requestId = 74
19:53:30:514  INFO 28492 --- [nacos-grpc-client-executor-8] com.alibaba.nacos.common.remote.client   : [c22ca32d-e40d-4ab4-bd6b-d40b62c5f161] Ack server push request, request = NotifySubscriberRequest, requestId = 74
19:53:31:681  INFO 28492 --- [main] o.s.cloud.commons.util.InetUtils         : Cannot determine local hostname
19:53:31:681  INFO 28492 --- [main] d.s.w.p.DocumentationPluginsBootstrapper : Documentation plugins bootstrapped
19:53:31:685  INFO 28492 --- [main] d.s.w.p.DocumentationPluginsBootstrapper : Found 1 custom documentation plugin(s)
19:53:31:715  INFO 28492 --- [main] s.d.s.w.s.ApiListingReferenceScanner     : Scanning for api listing references
19:53:31:793  INFO 28492 --- [main] com.hmall.cart.CartApplication           : Started CartApplication in 13.751 seconds (JVM running for 14.588)
20:33:04:112  WARN 28492 --- [Thread-7] c.a.n.common.http.HttpClientBeanHolder   : [HttpClientBeanHolder] Start destroying common HttpClient
20:33:04:112  WARN 28492 --- [Thread-4] c.a.nacos.common.notify.NotifyCenter     : [NotifyCenter] Start destroying Publisher
20:33:04:112  WARN 28492 --- [Thread-4] c.a.nacos.common.notify.NotifyCenter     : [NotifyCenter] Destruction of the end
20:33:04:112  WARN 28492 --- [Thread-7] c.a.n.common.http.HttpClientBeanHolder   : [HttpClientBeanHolder] Destruction of the end
20:33:04:578  INFO 28492 --- [SpringApplicationShutdownHook] c.a.c.n.registry.NacosServiceRegistry    : De-registering from Nacos Server now...
20:33:04:578  INFO 28492 --- [SpringApplicationShutdownHook] c.a.c.n.registry.NacosServiceRegistry    : De-registration finished.
20:33:04:907  INFO 28492 --- [SpringApplicationShutdownHook] com.alibaba.nacos.common.remote.client   : Shutdown rpc client, set status to shutdown
20:33:04:908  INFO 28492 --- [SpringApplicationShutdownHook] com.alibaba.nacos.common.remote.client   : Shutdown client event executor java.util.concurrent.ScheduledThreadPoolExecutor@53551701[Running, pool size = 2, active threads = 2, queued tasks = 0, completed tasks = 0]
20:33:04:908  INFO 28492 --- [SpringApplicationShutdownHook] com.alibaba.nacos.common.remote.client   : Close current connection 1729684409786_127.0.0.1_7541
20:33:04:908  INFO 28492 --- [nacos-grpc-client-executor-494] c.a.n.c.remote.client.grpc.GrpcClient    : [1729684409786_127.0.0.1_7541]Ignore complete event,isRunning:false,isAbandon=false
20:33:04:909  INFO 28492 --- [SpringApplicationShutdownHook] c.a.n.c.remote.client.grpc.GrpcClient    : Shutdown grpc executor java.util.concurrent.ThreadPoolExecutor@1b59867f[Running, pool size = 5, active threads = 0, queued tasks = 0, completed tasks = 495]
20:33:29:526  INFO 1956 --- [main] com.hmall.cart.CartApplication           : Starting CartApplication using Java 11.0.15.1 on LAPTOP-HD9ADU9H with PID 1956 (D:\back_end\JAVA\code\hmall\cart-service\target\classes started by dogofayaka in D:\back_end\JAVA\code\hmall)
20:33:29:529 DEBUG 1956 --- [main] com.hmall.cart.CartApplication           : Running with Spring Boot v2.7.12, Spring v5.3.27
20:33:29:529  INFO 1956 --- [main] com.hmall.cart.CartApplication           : The following 1 profile is active: "dev"
20:33:30:313  INFO 1956 --- [main] o.s.cloud.context.scope.GenericScope     : BeanFactory id=d59e92a6-d47d-3d38-9d06-380aa94378d4
20:33:30:570  INFO 1956 --- [main] o.s.b.w.embedded.tomcat.TomcatWebServer  : Tomcat initialized with port(s): 8082 (http)
20:33:30:577  INFO 1956 --- [main] o.apache.catalina.core.StandardService   : Starting service [Tomcat]
20:33:30:577  INFO 1956 --- [main] org.apache.catalina.core.StandardEngine  : Starting Servlet engine: [Apache Tomcat/9.0.75]
20:33:30:673  INFO 1956 --- [main] o.a.c.c.C.[Tomcat].[localhost].[/]       : Initializing Spring embedded WebApplicationContext
20:33:30:673  INFO 1956 --- [main] w.s.c.ServletWebServerApplicationContext : Root WebApplicationContext: initialization completed in 1112 ms
20:33:30:815  INFO 1956 --- [main] o.s.c.openfeign.FeignClientFactoryBean   : For 'item-service' URL not provided. Will try picking an instance via load-balancing.
20:33:34:060  INFO 1956 --- [main] o.s.cloud.commons.util.InetUtils         : Cannot determine local hostname
20:33:34:085  INFO 1956 --- [main] pertySourcedRequestMappingHandlerMapping : Mapped URL path [/v2/api-docs] onto method [springfox.documentation.swagger2.web.Swagger2ControllerWebMvc#getDocumentation(String, HttpServletRequest)]
20:33:35:698  INFO 1956 --- [main] o.s.cloud.commons.util.InetUtils         : Cannot determine local hostname
20:33:35:824  INFO 1956 --- [main] com.alibaba.nacos.common.remote.client   : [RpcClientFactory] create a new rpc client of 3d5b2bd3-d232-4d18-9a5a-07421cd5cf26
20:33:35:855  INFO 1956 --- [main] org.reflections.Reflections              : Reflections took 17 ms to scan 1 urls, producing 3 keys and 6 values 
20:33:35:872  INFO 1956 --- [main] org.reflections.Reflections              : Reflections took 6 ms to scan 1 urls, producing 4 keys and 9 values 
20:33:35:879  INFO 1956 --- [main] org.reflections.Reflections              : Reflections took 5 ms to scan 1 urls, producing 3 keys and 10 values 
20:33:35:882  WARN 1956 --- [main] org.reflections.Reflections              : given scan urls are empty. set urls in the configuration
20:33:35:888  INFO 1956 --- [main] org.reflections.Reflections              : Reflections took 5 ms to scan 1 urls, producing 1 keys and 5 values 
20:33:35:896  INFO 1956 --- [main] org.reflections.Reflections              : Reflections took 6 ms to scan 1 urls, producing 1 keys and 7 values 
20:33:35:904  INFO 1956 --- [main] org.reflections.Reflections              : Reflections took 6 ms to scan 1 urls, producing 2 keys and 8 values 
20:33:35:906  WARN 1956 --- [main] org.reflections.Reflections              : given scan urls are empty. set urls in the configuration
20:33:35:907  INFO 1956 --- [main] com.alibaba.nacos.common.remote.client   : [3d5b2bd3-d232-4d18-9a5a-07421cd5cf26] RpcClient init label, labels = {module=naming, source=sdk}
20:33:35:908  INFO 1956 --- [main] com.alibaba.nacos.common.remote.client   : [3d5b2bd3-d232-4d18-9a5a-07421cd5cf26] RpcClient init, ServerListFactory = com.alibaba.nacos.client.naming.core.ServerListManager
20:33:35:908  INFO 1956 --- [main] com.alibaba.nacos.common.remote.client   : [3d5b2bd3-d232-4d18-9a5a-07421cd5cf26] Registry connection listener to current client:com.alibaba.nacos.client.naming.remote.gprc.redo.NamingGrpcRedoService
20:33:35:909  INFO 1956 --- [main] com.alibaba.nacos.common.remote.client   : [3d5b2bd3-d232-4d18-9a5a-07421cd5cf26] Register server push request handler:com.alibaba.nacos.client.naming.remote.gprc.NamingPushRequestHandler
20:33:35:910  INFO 1956 --- [main] com.alibaba.nacos.common.remote.client   : [3d5b2bd3-d232-4d18-9a5a-07421cd5cf26] Try to connect to server on start up, server: {serverIp = '127.0.0.1', server main port = 8848}
20:33:37:525 ERROR 1956 --- [nacos-grpc-client-executor-5] c.a.n.c.remote.client.grpc.GrpcClient    : [1729686817441_127.0.0.1_7896]Error to process server push response: {"headers":{},"abilityTable":{"supportPersistentInstanceByGrpc":true},"module":"internal"}
20:33:37:618  INFO 1956 --- [main] com.alibaba.nacos.common.remote.client   : [3d5b2bd3-d232-4d18-9a5a-07421cd5cf26] Success to connect to server [127.0.0.1:8848] on start up, connectionId = 1729686817441_127.0.0.1_7896
20:33:37:619  INFO 1956 --- [com.alibaba.nacos.client.remote.worker] com.alibaba.nacos.common.remote.client   : [3d5b2bd3-d232-4d18-9a5a-07421cd5cf26] Notify connected event to listeners.
20:33:37:619  INFO 1956 --- [main] com.alibaba.nacos.common.remote.client   : [3d5b2bd3-d232-4d18-9a5a-07421cd5cf26] Register server push request handler:com.alibaba.nacos.common.remote.client.RpcClient$ConnectResetRequestHandler
20:33:37:619  INFO 1956 --- [main] com.alibaba.nacos.common.remote.client   : [3d5b2bd3-d232-4d18-9a5a-07421cd5cf26] Register server push request handler:com.alibaba.nacos.common.remote.client.RpcClient$$Lambda$992/0x000000080077f040
20:33:37:667  INFO 1956 --- [main] o.s.b.w.embedded.tomcat.TomcatWebServer  : Tomcat started on port(s): 8082 (http) with context path ''
20:33:37:675  INFO 1956 --- [main] c.a.c.n.registry.NacosServiceRegistry    : nacos registry, DEFAULT_GROUP cart-service 192.168.26.1:8082 register finished
20:33:38:169  INFO 1956 --- [nacos-grpc-client-executor-9] com.alibaba.nacos.common.remote.client   : [3d5b2bd3-d232-4d18-9a5a-07421cd5cf26] Receive server push request, request = NotifySubscriberRequest, requestId = 90
20:33:38:174  INFO 1956 --- [nacos-grpc-client-executor-9] com.alibaba.nacos.common.remote.client   : [3d5b2bd3-d232-4d18-9a5a-07421cd5cf26] Ack server push request, request = NotifySubscriberRequest, requestId = 90
20:33:39:260  INFO 1956 --- [main] o.s.cloud.commons.util.InetUtils         : Cannot determine local hostname
20:33:39:261  INFO 1956 --- [main] d.s.w.p.DocumentationPluginsBootstrapper : Documentation plugins bootstrapped
20:33:39:265  INFO 1956 --- [main] d.s.w.p.DocumentationPluginsBootstrapper : Found 1 custom documentation plugin(s)
20:33:39:297  INFO 1956 --- [main] s.d.s.w.s.ApiListingReferenceScanner     : Scanning for api listing references
20:33:39:387  INFO 1956 --- [main] com.hmall.cart.CartApplication           : Started CartApplication in 12.052 seconds (JVM running for 13.234)
21:03:42:357  WARN 1956 --- [Thread-7] c.a.n.common.http.HttpClientBeanHolder   : [HttpClientBeanHolder] Start destroying common HttpClient
21:03:42:357  WARN 1956 --- [Thread-4] c.a.nacos.common.notify.NotifyCenter     : [NotifyCenter] Start destroying Publisher
21:03:42:361  WARN 1956 --- [Thread-4] c.a.nacos.common.notify.NotifyCenter     : [NotifyCenter] Destruction of the end
21:03:42:361  WARN 1956 --- [Thread-7] c.a.n.common.http.HttpClientBeanHolder   : [HttpClientBeanHolder] Destruction of the end
21:03:42:791  INFO 1956 --- [SpringApplicationShutdownHook] c.a.c.n.registry.NacosServiceRegistry    : De-registering from Nacos Server now...
21:03:42:791  INFO 1956 --- [SpringApplicationShutdownHook] c.a.c.n.registry.NacosServiceRegistry    : De-registration finished.
21:03:43:129  INFO 1956 --- [SpringApplicationShutdownHook] com.alibaba.nacos.common.remote.client   : Shutdown rpc client, set status to shutdown
21:03:43:129  INFO 1956 --- [SpringApplicationShutdownHook] com.alibaba.nacos.common.remote.client   : Shutdown client event executor java.util.concurrent.ScheduledThreadPoolExecutor@1ba608d9[Running, pool size = 2, active threads = 2, queued tasks = 0, completed tasks = 0]
21:03:43:129  INFO 1956 --- [SpringApplicationShutdownHook] com.alibaba.nacos.common.remote.client   : Close current connection 1729686817441_127.0.0.1_7896
21:03:43:129  INFO 1956 --- [nacos-grpc-client-executor-377] c.a.n.c.remote.client.grpc.GrpcClient    : [1729686817441_127.0.0.1_7896]Ignore complete event,isRunning:false,isAbandon=false
21:03:43:129  INFO 1956 --- [SpringApplicationShutdownHook] c.a.n.c.remote.client.grpc.GrpcClient    : Shutdown grpc executor java.util.concurrent.ThreadPoolExecutor@139a9053[Running, pool size = 5, active threads = 0, queued tasks = 0, completed tasks = 378]
21:04:17:388  INFO 56424 --- [main] com.hmall.cart.CartApplication           : The following 1 profile is active: "dev"
21:04:18:027  INFO 56424 --- [main] o.s.cloud.context.scope.GenericScope     : BeanFactory id=cc07ce53-4cc4-3d30-89f3-ed332b18e7f2
21:04:18:296  INFO 56424 --- [main] o.s.b.w.embedded.tomcat.TomcatWebServer  : Tomcat initialized with port(s): 8082 (http)
21:04:18:296  INFO 56424 --- [main] o.apache.catalina.core.StandardService   : Starting service [Tomcat]
21:04:18:296  INFO 56424 --- [main] org.apache.catalina.core.StandardEngine  : Starting Servlet engine: [Apache Tomcat/9.0.75]
21:04:18:399  INFO 56424 --- [main] o.a.c.c.C.[Tomcat].[localhost].[/]       : Initializing Spring embedded WebApplicationContext
21:04:18:399  INFO 56424 --- [main] w.s.c.ServletWebServerApplicationContext : Root WebApplicationContext: initialization completed in 988 ms
21:04:18:518  INFO 56424 --- [main] o.s.c.openfeign.FeignClientFactoryBean   : For 'item-service' URL not provided. Will try picking an instance via load-balancing.
21:04:21:748  INFO 56424 --- [main] o.s.cloud.commons.util.InetUtils         : Cannot determine local hostname
21:04:21:782  INFO 56424 --- [main] pertySourcedRequestMappingHandlerMapping : Mapped URL path [/v2/api-docs] onto method [springfox.documentation.swagger2.web.Swagger2ControllerWebMvc#getDocumentation(String, HttpServletRequest)]
21:04:23:330  INFO 56424 --- [main] o.s.cloud.commons.util.InetUtils         : Cannot determine local hostname
21:04:23:421  INFO 56424 --- [main] com.alibaba.nacos.common.remote.client   : [RpcClientFactory] create a new rpc client of 00530c76-c1d3-4713-9fca-1134b1f51089
21:04:23:425  INFO 56424 --- [main] com.alibaba.nacos.common.remote.client   : [00530c76-c1d3-4713-9fca-1134b1f51089] RpcClient init label, labels = {module=naming, source=sdk}
21:04:23:425  INFO 56424 --- [main] com.alibaba.nacos.common.remote.client   : [00530c76-c1d3-4713-9fca-1134b1f51089] RpcClient init, ServerListFactory = com.alibaba.nacos.client.naming.core.ServerListManager
21:04:23:425  INFO 56424 --- [main] com.alibaba.nacos.common.remote.client   : [00530c76-c1d3-4713-9fca-1134b1f51089] Registry connection listener to current client:com.alibaba.nacos.client.naming.remote.gprc.redo.NamingGrpcRedoService
21:04:23:427  INFO 56424 --- [main] com.alibaba.nacos.common.remote.client   : [00530c76-c1d3-4713-9fca-1134b1f51089] Register server push request handler:com.alibaba.nacos.client.naming.remote.gprc.NamingPushRequestHandler
21:04:23:427  INFO 56424 --- [main] com.alibaba.nacos.common.remote.client   : [00530c76-c1d3-4713-9fca-1134b1f51089] Try to connect to server on start up, server: {serverIp = 'localhost', server main port = 8848}
21:04:23:440 ERROR 56424 --- [nacos-grpc-client-executor-3] c.a.n.c.remote.client.grpc.GrpcClient    : [1729688663429_127.0.0.1_12879]Error to process server push response: {"headers":{},"abilityTable":{"supportPersistentInstanceByGrpc":true},"module":"internal"}
21:04:23:535  INFO 56424 --- [main] com.alibaba.nacos.common.remote.client   : [00530c76-c1d3-4713-9fca-1134b1f51089] Success to connect to server [localhost:8848] on start up, connectionId = 1729688663429_127.0.0.1_12879
21:04:23:535  INFO 56424 --- [main] com.alibaba.nacos.common.remote.client   : [00530c76-c1d3-4713-9fca-1134b1f51089] Register server push request handler:com.alibaba.nacos.common.remote.client.RpcClient$ConnectResetRequestHandler
21:04:23:535  INFO 56424 --- [main] com.alibaba.nacos.common.remote.client   : [00530c76-c1d3-4713-9fca-1134b1f51089] Register server push request handler:com.alibaba.nacos.common.remote.client.RpcClient$$Lambda$473/0x0000000800413040
21:04:23:535  INFO 56424 --- [com.alibaba.nacos.client.remote.worker] com.alibaba.nacos.common.remote.client   : [00530c76-c1d3-4713-9fca-1134b1f51089] Notify connected event to listeners.
21:04:23:572  INFO 56424 --- [main] o.s.b.w.embedded.tomcat.TomcatWebServer  : Tomcat started on port(s): 8082 (http) with context path ''
21:04:23:580  INFO 56424 --- [main] c.a.c.n.registry.NacosServiceRegistry    : nacos registry, DEFAULT_GROUP cart-service 192.168.26.1:8082 register finished
21:04:24:141  INFO 56424 --- [nacos-grpc-client-executor-6] com.alibaba.nacos.common.remote.client   : [00530c76-c1d3-4713-9fca-1134b1f51089] Receive server push request, request = NotifySubscriberRequest, requestId = 100
21:04:24:141  INFO 56424 --- [nacos-grpc-client-executor-6] com.alibaba.nacos.common.remote.client   : [00530c76-c1d3-4713-9fca-1134b1f51089] Ack server push request, request = NotifySubscriberRequest, requestId = 100
21:04:25:059  INFO 56424 --- [main] o.s.cloud.commons.util.InetUtils         : Cannot determine local hostname
21:04:25:059  INFO 56424 --- [main] d.s.w.p.DocumentationPluginsBootstrapper : Documentation plugins bootstrapped
21:04:25:059  INFO 56424 --- [main] d.s.w.p.DocumentationPluginsBootstrapper : Found 1 custom documentation plugin(s)
21:04:25:076  INFO 56424 --- [main] s.d.s.w.s.ApiListingReferenceScanner     : Scanning for api listing references
21:04:25:141  INFO 56424 --- [main] com.hmall.cart.CartApplication           : Started CartApplication in 14.352 seconds (JVM running for 15.258)
21:04:25:141  INFO 56424 --- [main] c.a.c.n.refresh.NacosContextRefresher    : [Nacos Config] Listening config: dataId=cart-service, group=DEFAULT_GROUP
21:04:25:141  INFO 56424 --- [main] c.a.c.n.refresh.NacosContextRefresher    : [Nacos Config] Listening config: dataId=cart-service.yaml, group=DEFAULT_GROUP
21:04:25:141  INFO 56424 --- [main] c.a.c.n.refresh.NacosContextRefresher    : [Nacos Config] Listening config: dataId=cart-service-dev.yaml, group=DEFAULT_GROUP
21:08:22:598  INFO 56424 --- [nacos-grpc-client-executor-63] com.alibaba.nacos.common.remote.client   : [899320b4-90d5-4a46-b94d-caf8aadb5fa5_config-0] Receive server push request, request = ConfigChangeNotifyRequest, requestId = 101
21:08:22:599  INFO 56424 --- [nacos-grpc-client-executor-63] com.alibaba.nacos.common.remote.client   : [899320b4-90d5-4a46-b94d-caf8aadb5fa5_config-0] Ack server push request, request = ConfigChangeNotifyRequest, requestId = 101
21:08:24:221  INFO 56424 --- [nacos.client.cachedata.internal.notifier] o.s.cloud.commons.util.InetUtils         : Cannot determine local hostname
21:08:24:299  WARN 56424 --- [nacos.client.cachedata.internal.notifier] c.a.c.n.c.NacosPropertySourceBuilder     : Ignore the empty nacos configuration and get it based on dataId[cart-service] & group[DEFAULT_GROUP]
21:08:24:308  WARN 56424 --- [nacos.client.cachedata.internal.notifier] c.a.c.n.c.NacosPropertySourceBuilder     : Ignore the empty nacos configuration and get it based on dataId[cart-service-dev.yaml] & group[DEFAULT_GROUP]
21:08:24:309  INFO 56424 --- [nacos.client.cachedata.internal.notifier] b.c.PropertySourceBootstrapConfiguration : Located property source: [BootstrapPropertySource {name='bootstrapProperties-cart-service-dev.yaml,DEFAULT_GROUP'}, BootstrapPropertySource {name='bootstrapProperties-cart-service.yaml,DEFAULT_GROUP'}, BootstrapPropertySource {name='bootstrapProperties-cart-service,DEFAULT_GROUP'}, BootstrapPropertySource {name='bootstrapProperties-shared-swagger.yaml,DEFAULT_GROUP'}, BootstrapPropertySource {name='bootstrapProperties-shared-log.yaml,DEFAULT_GROUP'}, BootstrapPropertySource {name='bootstrapProperties-shared-jdbc.yaml,DEFAULT_GROUP'}]
21:08:24:333  INFO 56424 --- [nacos.client.cachedata.internal.notifier] o.s.boot.SpringApplication               : The following 1 profile is active: "dev"
21:08:24:342  INFO 56424 --- [nacos.client.cachedata.internal.notifier] o.s.boot.SpringApplication               : Started application in 1.723 seconds (JVM running for 254.456)
21:08:24:399  INFO 56424 --- [nacos.client.cachedata.internal.notifier] o.s.c.e.event.RefreshEventListener       : Refresh keys changed: [hm.cart.maxAmount]
21:09:33:449  WARN 56424 --- [Thread-1] c.a.n.common.http.HttpClientBeanHolder   : [HttpClientBeanHolder] Start destroying common HttpClient
21:09:33:449  WARN 56424 --- [Thread-5] c.a.nacos.common.notify.NotifyCenter     : [NotifyCenter] Start destroying Publisher
21:09:33:449  WARN 56424 --- [Thread-5] c.a.nacos.common.notify.NotifyCenter     : [NotifyCenter] Destruction of the end
21:09:33:452  WARN 56424 --- [Thread-1] c.a.n.common.http.HttpClientBeanHolder   : [HttpClientBeanHolder] Destruction of the end
21:09:33:750  INFO 56424 --- [SpringApplicationShutdownHook] c.a.c.n.registry.NacosServiceRegistry    : De-registering from Nacos Server now...
21:09:33:750  INFO 56424 --- [SpringApplicationShutdownHook] c.a.c.n.registry.NacosServiceRegistry    : De-registration finished.
21:09:34:079  INFO 56424 --- [SpringApplicationShutdownHook] com.alibaba.nacos.common.remote.client   : Shutdown rpc client, set status to shutdown
21:09:34:079  INFO 56424 --- [SpringApplicationShutdownHook] com.alibaba.nacos.common.remote.client   : Shutdown client event executor java.util.concurrent.ScheduledThreadPoolExecutor@69f99109[Running, pool size = 2, active threads = 2, queued tasks = 0, completed tasks = 0]
21:09:34:079  INFO 56424 --- [SpringApplicationShutdownHook] com.alibaba.nacos.common.remote.client   : Close current connection 1729688663429_127.0.0.1_12879
21:09:34:080  INFO 56424 --- [nacos-grpc-client-executor-70] c.a.n.c.remote.client.grpc.GrpcClient    : [1729688663429_127.0.0.1_12879]Ignore complete event,isRunning:false,isAbandon=false
21:09:34:081  INFO 56424 --- [SpringApplicationShutdownHook] c.a.n.c.remote.client.grpc.GrpcClient    : Shutdown grpc executor java.util.concurrent.ThreadPoolExecutor@6b5a5823[Running, pool size = 4, active threads = 0, queued tasks = 0, completed tasks = 71]
21:09:42:950  INFO 67112 --- [main] com.hmall.cart.CartApplication           : The following 1 profile is active: "dev"
21:09:43:510  INFO 67112 --- [main] o.s.cloud.context.scope.GenericScope     : BeanFactory id=f24c553e-1685-3905-a8df-ca7f5f4b36d0
21:09:43:730  INFO 67112 --- [main] o.s.b.w.embedded.tomcat.TomcatWebServer  : Tomcat initialized with port(s): 8082 (http)
21:09:43:730  INFO 67112 --- [main] o.apache.catalina.core.StandardService   : Starting service [Tomcat]
21:09:43:730  INFO 67112 --- [main] org.apache.catalina.core.StandardEngine  : Starting Servlet engine: [Apache Tomcat/9.0.75]
21:09:43:844  INFO 67112 --- [main] o.a.c.c.C.[Tomcat].[localhost].[/]       : Initializing Spring embedded WebApplicationContext
21:09:43:844  INFO 67112 --- [main] w.s.c.ServletWebServerApplicationContext : Root WebApplicationContext: initialization completed in 887 ms
21:09:43:958  INFO 67112 --- [main] o.s.c.openfeign.FeignClientFactoryBean   : For 'item-service' URL not provided. Will try picking an instance via load-balancing.
21:09:46:941  INFO 67112 --- [main] o.s.cloud.commons.util.InetUtils         : Cannot determine local hostname
21:09:46:962  INFO 67112 --- [main] pertySourcedRequestMappingHandlerMapping : Mapped URL path [/v2/api-docs] onto method [springfox.documentation.swagger2.web.Swagger2ControllerWebMvc#getDocumentation(String, HttpServletRequest)]
21:09:48:446  INFO 67112 --- [main] o.s.cloud.commons.util.InetUtils         : Cannot determine local hostname
21:09:48:541  INFO 67112 --- [main] com.alibaba.nacos.common.remote.client   : [RpcClientFactory] create a new rpc client of e08888a2-6c38-49aa-a704-7b0cb06160c9
21:09:48:541  INFO 67112 --- [main] com.alibaba.nacos.common.remote.client   : [e08888a2-6c38-49aa-a704-7b0cb06160c9] RpcClient init label, labels = {module=naming, source=sdk}
21:09:48:541  INFO 67112 --- [main] com.alibaba.nacos.common.remote.client   : [e08888a2-6c38-49aa-a704-7b0cb06160c9] RpcClient init, ServerListFactory = com.alibaba.nacos.client.naming.core.ServerListManager
21:09:48:541  INFO 67112 --- [main] com.alibaba.nacos.common.remote.client   : [e08888a2-6c38-49aa-a704-7b0cb06160c9] Registry connection listener to current client:com.alibaba.nacos.client.naming.remote.gprc.redo.NamingGrpcRedoService
21:09:48:541  INFO 67112 --- [main] com.alibaba.nacos.common.remote.client   : [e08888a2-6c38-49aa-a704-7b0cb06160c9] Register server push request handler:com.alibaba.nacos.client.naming.remote.gprc.NamingPushRequestHandler
21:09:48:541  INFO 67112 --- [main] com.alibaba.nacos.common.remote.client   : [e08888a2-6c38-49aa-a704-7b0cb06160c9] Try to connect to server on start up, server: {serverIp = 'localhost', server main port = 8848}
21:09:48:563 ERROR 67112 --- [nacos-grpc-client-executor-3] c.a.n.c.remote.client.grpc.GrpcClient    : [1729688988541_127.0.0.1_9862]Error to process server push response: {"headers":{},"abilityTable":{"supportPersistentInstanceByGrpc":true},"module":"internal"}
21:09:48:668  INFO 67112 --- [main] com.alibaba.nacos.common.remote.client   : [e08888a2-6c38-49aa-a704-7b0cb06160c9] Success to connect to server [localhost:8848] on start up, connectionId = 1729688988541_127.0.0.1_9862
21:09:48:668  INFO 67112 --- [main] com.alibaba.nacos.common.remote.client   : [e08888a2-6c38-49aa-a704-7b0cb06160c9] Register server push request handler:com.alibaba.nacos.common.remote.client.RpcClient$ConnectResetRequestHandler
21:09:48:668  INFO 67112 --- [main] com.alibaba.nacos.common.remote.client   : [e08888a2-6c38-49aa-a704-7b0cb06160c9] Register server push request handler:com.alibaba.nacos.common.remote.client.RpcClient$$Lambda$473/0x0000000800413040
21:09:48:668  INFO 67112 --- [com.alibaba.nacos.client.remote.worker] com.alibaba.nacos.common.remote.client   : [e08888a2-6c38-49aa-a704-7b0cb06160c9] Notify connected event to listeners.
21:09:48:700  INFO 67112 --- [main] o.s.b.w.embedded.tomcat.TomcatWebServer  : Tomcat started on port(s): 8082 (http) with context path ''
21:09:48:708  INFO 67112 --- [main] c.a.c.n.registry.NacosServiceRegistry    : nacos registry, DEFAULT_GROUP cart-service 192.168.26.1:8082 register finished
21:09:49:205  INFO 67112 --- [nacos-grpc-client-executor-6] com.alibaba.nacos.common.remote.client   : [e08888a2-6c38-49aa-a704-7b0cb06160c9] Receive server push request, request = NotifySubscriberRequest, requestId = 102
21:09:49:212  INFO 67112 --- [nacos-grpc-client-executor-6] com.alibaba.nacos.common.remote.client   : [e08888a2-6c38-49aa-a704-7b0cb06160c9] Ack server push request, request = NotifySubscriberRequest, requestId = 102
21:09:50:157  INFO 67112 --- [main] o.s.cloud.commons.util.InetUtils         : Cannot determine local hostname
21:09:50:157  INFO 67112 --- [main] d.s.w.p.DocumentationPluginsBootstrapper : Documentation plugins bootstrapped
21:09:50:157  INFO 67112 --- [main] d.s.w.p.DocumentationPluginsBootstrapper : Found 1 custom documentation plugin(s)
21:09:50:173  INFO 67112 --- [main] s.d.s.w.s.ApiListingReferenceScanner     : Scanning for api listing references
21:09:50:236  INFO 67112 --- [main] com.hmall.cart.CartApplication           : Started CartApplication in 12.429 seconds (JVM running for 13.21)
21:09:50:236  INFO 67112 --- [main] c.a.c.n.refresh.NacosContextRefresher    : [Nacos Config] Listening config: dataId=cart-service, group=DEFAULT_GROUP
21:09:50:236  INFO 67112 --- [main] c.a.c.n.refresh.NacosContextRefresher    : [Nacos Config] Listening config: dataId=cart-service.yaml, group=DEFAULT_GROUP
21:09:50:236  INFO 67112 --- [main] c.a.c.n.refresh.NacosContextRefresher    : [Nacos Config] Listening config: dataId=cart-service-dev.yaml, group=DEFAULT_GROUP
21:17:16:403  WARN 67112 --- [Thread-1] c.a.n.common.http.HttpClientBeanHolder   : [HttpClientBeanHolder] Start destroying common HttpClient
21:17:16:403  WARN 67112 --- [Thread-5] c.a.nacos.common.notify.NotifyCenter     : [NotifyCenter] Start destroying Publisher
21:17:16:404  WARN 67112 --- [Thread-5] c.a.nacos.common.notify.NotifyCenter     : [NotifyCenter] Destruction of the end
21:17:16:404  WARN 67112 --- [Thread-1] c.a.n.common.http.HttpClientBeanHolder   : [HttpClientBeanHolder] Destruction of the end
21:17:16:717  INFO 67112 --- [SpringApplicationShutdownHook] c.a.c.n.registry.NacosServiceRegistry    : De-registering from Nacos Server now...
21:17:16:724  INFO 67112 --- [SpringApplicationShutdownHook] c.a.c.n.registry.NacosServiceRegistry    : De-registration finished.
21:17:17:055  INFO 67112 --- [SpringApplicationShutdownHook] com.alibaba.nacos.common.remote.client   : Shutdown rpc client, set status to shutdown
21:17:17:055  INFO 67112 --- [SpringApplicationShutdownHook] com.alibaba.nacos.common.remote.client   : Shutdown client event executor java.util.concurrent.ScheduledThreadPoolExecutor@32853ee0[Running, pool size = 2, active threads = 2, queued tasks = 0, completed tasks = 0]
21:17:17:055  INFO 67112 --- [SpringApplicationShutdownHook] com.alibaba.nacos.common.remote.client   : Close current connection 1729688988541_127.0.0.1_9862
21:17:17:055  INFO 67112 --- [nacos-grpc-client-executor-98] c.a.n.c.remote.client.grpc.GrpcClient    : [1729688988541_127.0.0.1_9862]Ignore complete event,isRunning:false,isAbandon=false
21:17:17:055  INFO 67112 --- [SpringApplicationShutdownHook] c.a.n.c.remote.client.grpc.GrpcClient    : Shutdown grpc executor java.util.concurrent.ThreadPoolExecutor@3bfe61e8[Running, pool size = 5, active threads = 0, queued tasks = 0, completed tasks = 99]
21:17:26:219  INFO 33616 --- [main] com.hmall.cart.CartApplication           : The following 1 profile is active: "dev"
21:17:26:821  INFO 33616 --- [main] o.s.cloud.context.scope.GenericScope     : BeanFactory id=9a31020f-fe46-343f-9d6e-9e2a2c3eabd4
21:17:27:059  INFO 33616 --- [main] o.s.b.w.embedded.tomcat.TomcatWebServer  : Tomcat initialized with port(s): 8082 (http)
21:17:27:059  INFO 33616 --- [main] o.apache.catalina.core.StandardService   : Starting service [Tomcat]
21:17:27:059  INFO 33616 --- [main] org.apache.catalina.core.StandardEngine  : Starting Servlet engine: [Apache Tomcat/9.0.75]
21:17:27:155  INFO 33616 --- [main] o.a.c.c.C.[Tomcat].[localhost].[/]       : Initializing Spring embedded WebApplicationContext
21:17:27:155  INFO 33616 --- [main] w.s.c.ServletWebServerApplicationContext : Root WebApplicationContext: initialization completed in 903 ms
21:17:27:269  INFO 33616 --- [main] o.s.c.openfeign.FeignClientFactoryBean   : For 'item-service' URL not provided. Will try picking an instance via load-balancing.
21:17:30:269  INFO 33616 --- [main] o.s.cloud.commons.util.InetUtils         : Cannot determine local hostname
21:17:30:292  INFO 33616 --- [main] pertySourcedRequestMappingHandlerMapping : Mapped URL path [/v2/api-docs] onto method [springfox.documentation.swagger2.web.Swagger2ControllerWebMvc#getDocumentation(String, HttpServletRequest)]
21:17:31:761  INFO 33616 --- [main] o.s.cloud.commons.util.InetUtils         : Cannot determine local hostname
21:17:31:853  INFO 33616 --- [main] com.alibaba.nacos.common.remote.client   : [RpcClientFactory] create a new rpc client of b7515ccc-0d7d-433f-af83-dd7a4dcd671b
21:17:31:853  INFO 33616 --- [main] com.alibaba.nacos.common.remote.client   : [b7515ccc-0d7d-433f-af83-dd7a4dcd671b] RpcClient init label, labels = {module=naming, source=sdk}
21:17:31:857  INFO 33616 --- [main] com.alibaba.nacos.common.remote.client   : [b7515ccc-0d7d-433f-af83-dd7a4dcd671b] RpcClient init, ServerListFactory = com.alibaba.nacos.client.naming.core.ServerListManager
21:17:31:857  INFO 33616 --- [main] com.alibaba.nacos.common.remote.client   : [b7515ccc-0d7d-433f-af83-dd7a4dcd671b] Registry connection listener to current client:com.alibaba.nacos.client.naming.remote.gprc.redo.NamingGrpcRedoService
21:17:31:857  INFO 33616 --- [main] com.alibaba.nacos.common.remote.client   : [b7515ccc-0d7d-433f-af83-dd7a4dcd671b] Register server push request handler:com.alibaba.nacos.client.naming.remote.gprc.NamingPushRequestHandler
21:17:31:858  INFO 33616 --- [main] com.alibaba.nacos.common.remote.client   : [b7515ccc-0d7d-433f-af83-dd7a4dcd671b] Try to connect to server on start up, server: {serverIp = 'localhost', server main port = 8848}
21:17:31:868 ERROR 33616 --- [nacos-grpc-client-executor-3] c.a.n.c.remote.client.grpc.GrpcClient    : [1729689451860_127.0.0.1_3600]Error to process server push response: {"headers":{},"abilityTable":{"supportPersistentInstanceByGrpc":true},"module":"internal"}
21:17:31:983  INFO 33616 --- [main] com.alibaba.nacos.common.remote.client   : [b7515ccc-0d7d-433f-af83-dd7a4dcd671b] Success to connect to server [localhost:8848] on start up, connectionId = 1729689451860_127.0.0.1_3600
21:17:31:983  INFO 33616 --- [main] com.alibaba.nacos.common.remote.client   : [b7515ccc-0d7d-433f-af83-dd7a4dcd671b] Register server push request handler:com.alibaba.nacos.common.remote.client.RpcClient$ConnectResetRequestHandler
21:17:31:983  INFO 33616 --- [main] com.alibaba.nacos.common.remote.client   : [b7515ccc-0d7d-433f-af83-dd7a4dcd671b] Register server push request handler:com.alibaba.nacos.common.remote.client.RpcClient$$Lambda$473/0x0000000800413040
21:17:31:983  INFO 33616 --- [com.alibaba.nacos.client.remote.worker] com.alibaba.nacos.common.remote.client   : [b7515ccc-0d7d-433f-af83-dd7a4dcd671b] Notify connected event to listeners.
21:17:32:016  INFO 33616 --- [main] o.s.b.w.embedded.tomcat.TomcatWebServer  : Tomcat started on port(s): 8082 (http) with context path ''
21:17:32:022  INFO 33616 --- [main] c.a.c.n.registry.NacosServiceRegistry    : nacos registry, DEFAULT_GROUP cart-service 192.168.26.1:8082 register finished
21:17:32:508  INFO 33616 --- [nacos-grpc-client-executor-6] com.alibaba.nacos.common.remote.client   : [b7515ccc-0d7d-433f-af83-dd7a4dcd671b] Receive server push request, request = NotifySubscriberRequest, requestId = 103
21:17:32:513  INFO 33616 --- [nacos-grpc-client-executor-6] com.alibaba.nacos.common.remote.client   : [b7515ccc-0d7d-433f-af83-dd7a4dcd671b] Ack server push request, request = NotifySubscriberRequest, requestId = 103
21:17:33:444  INFO 33616 --- [main] o.s.cloud.commons.util.InetUtils         : Cannot determine local hostname
21:17:33:444  INFO 33616 --- [main] d.s.w.p.DocumentationPluginsBootstrapper : Documentation plugins bootstrapped
21:17:33:446  INFO 33616 --- [main] d.s.w.p.DocumentationPluginsBootstrapper : Found 1 custom documentation plugin(s)
21:17:33:461  INFO 33616 --- [main] s.d.s.w.s.ApiListingReferenceScanner     : Scanning for api listing references
21:17:33:513  INFO 33616 --- [main] com.hmall.cart.CartApplication           : Started CartApplication in 12.407 seconds (JVM running for 13.248)
21:17:33:524  INFO 33616 --- [main] c.a.c.n.refresh.NacosContextRefresher    : [Nacos Config] Listening config: dataId=cart-service, group=DEFAULT_GROUP
21:17:33:524  INFO 33616 --- [main] c.a.c.n.refresh.NacosContextRefresher    : [Nacos Config] Listening config: dataId=cart-service.yaml, group=DEFAULT_GROUP
21:17:33:527  INFO 33616 --- [main] c.a.c.n.refresh.NacosContextRefresher    : [Nacos Config] Listening config: dataId=cart-service-dev.yaml, group=DEFAULT_GROUP
21:17:41:142  INFO 33616 --- [http-nio-8082-exec-1] o.a.c.c.C.[Tomcat].[localhost].[/]       : Initializing Spring DispatcherServlet 'dispatcherServlet'
21:17:41:142  INFO 33616 --- [http-nio-8082-exec-1] o.s.web.servlet.DispatcherServlet        : Initializing Servlet 'dispatcherServlet'
21:17:41:142  INFO 33616 --- [http-nio-8082-exec-1] o.s.web.servlet.DispatcherServlet        : Completed initialization in 0 ms
21:17:41:225  INFO 33616 --- [http-nio-8082-exec-1] com.zaxxer.hikari.HikariDataSource       : HikariPool-1 - Starting...
21:17:41:422  INFO 33616 --- [http-nio-8082-exec-1] com.zaxxer.hikari.HikariDataSource       : HikariPool-1 - Start completed.
21:17:41:422 DEBUG 33616 --- [http-nio-8082-exec-1] c.h.cart.mapper.CartMapper.selectList    : ==>  Preparing: SELECT id,user_id,item_id,num,name,spec,price,image,create_time,update_time FROM cart WHERE (user_id = ?)
21:17:41:438 DEBUG 33616 --- [http-nio-8082-exec-1] c.h.cart.mapper.CartMapper.selectList    : ==> Parameters: 1(Long)
21:17:41:470 DEBUG 33616 --- [http-nio-8082-exec-1] c.h.cart.mapper.CartMapper.selectList    : <==      Total: 1
21:17:41:519 DEBUG 33616 --- [http-nio-8082-exec-1] com.hmall.api.client.ItemClient          : [ItemClient#queryItemByIds] ---> GET http://item-service/items?ids=100000006163 HTTP/1.1
21:17:41:519 DEBUG 33616 --- [http-nio-8082-exec-1] com.hmall.api.client.ItemClient          : [ItemClient#queryItemByIds] ---> END HTTP (0-byte body)
21:17:42:104  INFO 33616 --- [nacos-grpc-client-executor-9] com.alibaba.nacos.common.remote.client   : [b7515ccc-0d7d-433f-af83-dd7a4dcd671b] Receive server push request, request = NotifySubscriberRequest, requestId = 106
21:17:42:104  INFO 33616 --- [nacos-grpc-client-executor-9] com.alibaba.nacos.common.remote.client   : [b7515ccc-0d7d-433f-af83-dd7a4dcd671b] Ack server push request, request = NotifySubscriberRequest, requestId = 106
21:17:42:143 DEBUG 33616 --- [http-nio-8082-exec-1] com.hmall.api.client.ItemClient          : [ItemClient#queryItemByIds] <--- HTTP/1.1 200  (619ms)
21:17:42:143 DEBUG 33616 --- [http-nio-8082-exec-1] com.hmall.api.client.ItemClient          : [ItemClient#queryItemByIds] connection: keep-alive
21:17:42:143 DEBUG 33616 --- [http-nio-8082-exec-1] com.hmall.api.client.ItemClient          : [ItemClient#queryItemByIds] content-type: application/json
21:17:42:144 DEBUG 33616 --- [http-nio-8082-exec-1] com.hmall.api.client.ItemClient          : [ItemClient#queryItemByIds] date: Wed, 23 Oct 2024 13:17:42 GMT
21:17:42:144 DEBUG 33616 --- [http-nio-8082-exec-1] com.hmall.api.client.ItemClient          : [ItemClient#queryItemByIds] keep-alive: timeout=60
21:17:42:144 DEBUG 33616 --- [http-nio-8082-exec-1] com.hmall.api.client.ItemClient          : [ItemClient#queryItemByIds] transfer-encoding: chunked
21:17:42:144 DEBUG 33616 --- [http-nio-8082-exec-1] com.hmall.api.client.ItemClient          : [ItemClient#queryItemByIds] 
21:17:42:144 DEBUG 33616 --- [http-nio-8082-exec-1] com.hmall.api.client.ItemClient          : [ItemClient#queryItemByIds] [{"id":"100000006163","name":"(BOBDOG)XXL80(15kg)","price":67100,"stock":10000,"image":"https://m.360buyimg.com/mobilecms/s720x720_jfs/t23998/350/2363990466/222391/a6e9581d/5b7cba5bN0c18fb4f.jpg!q70.jpg.webp","category":"","brand":"","spec":"{}","sold":11,"commentCount":33343434,"isAD":false,"status":2}]
21:17:42:146 DEBUG 33616 --- [http-nio-8082-exec-1] com.hmall.api.client.ItemClient          : [ItemClient#queryItemByIds] <--- END HTTP (371-byte body)
21:17:45:446 DEBUG 33616 --- [http-nio-8082-exec-2] c.h.cart.mapper.CartMapper.selectList    : ==>  Preparing: SELECT id,user_id,item_id,num,name,spec,price,image,create_time,update_time FROM cart WHERE (user_id = ?)
21:17:45:447 DEBUG 33616 --- [http-nio-8082-exec-2] c.h.cart.mapper.CartMapper.selectList    : ==> Parameters: 1(Long)
21:17:45:448 DEBUG 33616 --- [http-nio-8082-exec-2] c.h.cart.mapper.CartMapper.selectList    : <==      Total: 1
21:17:45:449 DEBUG 33616 --- [http-nio-8082-exec-2] com.hmall.api.client.ItemClient          : [ItemClient#queryItemByIds] ---> GET http://item-service/items?ids=100000006163 HTTP/1.1
21:17:45:449 DEBUG 33616 --- [http-nio-8082-exec-2] com.hmall.api.client.ItemClient          : [ItemClient#queryItemByIds] ---> END HTTP (0-byte body)
21:17:45:908 DEBUG 33616 --- [http-nio-8082-exec-2] com.hmall.api.client.ItemClient          : [ItemClient#queryItemByIds] <--- HTTP/1.1 200  (458ms)
21:17:45:909 DEBUG 33616 --- [http-nio-8082-exec-2] com.hmall.api.client.ItemClient          : [ItemClient#queryItemByIds] connection: keep-alive
21:17:45:909 DEBUG 33616 --- [http-nio-8082-exec-2] com.hmall.api.client.ItemClient          : [ItemClient#queryItemByIds] content-type: application/json
21:17:45:909 DEBUG 33616 --- [http-nio-8082-exec-2] com.hmall.api.client.ItemClient          : [ItemClient#queryItemByIds] date: Wed, 23 Oct 2024 13:17:45 GMT
21:17:45:909 DEBUG 33616 --- [http-nio-8082-exec-2] com.hmall.api.client.ItemClient          : [ItemClient#queryItemByIds] keep-alive: timeout=60
21:17:45:909 DEBUG 33616 --- [http-nio-8082-exec-2] com.hmall.api.client.ItemClient          : [ItemClient#queryItemByIds] transfer-encoding: chunked
21:17:45:909 DEBUG 33616 --- [http-nio-8082-exec-2] com.hmall.api.client.ItemClient          : [ItemClient#queryItemByIds] 
21:17:45:910 DEBUG 33616 --- [http-nio-8082-exec-2] com.hmall.api.client.ItemClient          : [ItemClient#queryItemByIds] [{"id":"100000006163","name":"(BOBDOG)XXL80(15kg)","price":67100,"stock":10000,"image":"https://m.360buyimg.com/mobilecms/s720x720_jfs/t23998/350/2363990466/222391/a6e9581d/5b7cba5bN0c18fb4f.jpg!q70.jpg.webp","category":"","brand":"","spec":"{}","sold":11,"commentCount":33343434,"isAD":false,"status":2}]
21:17:45:910 DEBUG 33616 --- [http-nio-8082-exec-2] com.hmall.api.client.ItemClient          : [ItemClient#queryItemByIds] <--- END HTTP (371-byte body)
21:17:49:101 DEBUG 33616 --- [http-nio-8082-exec-5] c.h.cart.mapper.CartMapper.selectCount   : ==>  Preparing: SELECT COUNT( * ) FROM cart WHERE (user_id = ? AND item_id = ?)
21:17:49:101 DEBUG 33616 --- [http-nio-8082-exec-5] c.h.cart.mapper.CartMapper.selectCount   : ==> Parameters: 1(Long), 100000011127(Long)
21:17:49:101 DEBUG 33616 --- [http-nio-8082-exec-5] c.h.cart.mapper.CartMapper.selectCount   : <==      Total: 1
21:17:49:101 DEBUG 33616 --- [http-nio-8082-exec-5] c.h.cart.mapper.CartMapper.selectCount   : ==>  Preparing: SELECT COUNT( * ) FROM cart WHERE (user_id = ?)
21:17:49:101 DEBUG 33616 --- [http-nio-8082-exec-5] c.h.cart.mapper.CartMapper.selectCount   : ==> Parameters: 1(Long)
21:17:49:101 DEBUG 33616 --- [http-nio-8082-exec-5] c.h.cart.mapper.CartMapper.selectCount   : <==      Total: 1
21:17:49:120 ERROR 33616 --- [http-nio-8082-exec-5] o.a.c.c.C.[.[.[/].[dispatcherServlet]    : Servlet.service() for servlet [dispatcherServlet] in context with path [] threw exception [Request processing failed; nested exception is com.hmall.common.exception.BizIllegalException: 1] with root cause

com.hmall.common.exception.BizIllegalException: 1
	at com.hmall.cart.service.impl.CartServiceImpl.checkCartsFull(CartServiceImpl.java:124) ~[classes/:na]
	at com.hmall.cart.service.impl.CartServiceImpl.addItem2Cart(CartServiceImpl.java:58) ~[classes/:na]
	at com.hmall.cart.service.impl.CartServiceImpl$$FastClassBySpringCGLIB$$7813828f.invoke(<generated>) ~[classes/:na]
	at org.springframework.cglib.proxy.MethodProxy.invoke(MethodProxy.java:218) ~[spring-core-5.3.27.jar:5.3.27]
	at org.springframework.aop.framework.CglibAopProxy.invokeMethod(CglibAopProxy.java:386) ~[spring-aop-5.3.27.jar:5.3.27]
	at org.springframework.aop.framework.CglibAopProxy.access$000(CglibAopProxy.java:85) ~[spring-aop-5.3.27.jar:5.3.27]
	at org.springframework.aop.framework.CglibAopProxy$DynamicAdvisedInterceptor.intercept(CglibAopProxy.java:704) ~[spring-aop-5.3.27.jar:5.3.27]
	at com.hmall.cart.service.impl.CartServiceImpl$$EnhancerBySpringCGLIB$$e303afd.addItem2Cart(<generated>) ~[classes/:na]
	at com.hmall.cart.controller.CartController.addItem2Cart(CartController.java:28) ~[classes/:na]
	at java.base/jdk.internal.reflect.NativeMethodAccessorImpl.invoke0(Native Method) ~[na:na]
	at java.base/jdk.internal.reflect.NativeMethodAccessorImpl.invoke(NativeMethodAccessorImpl.java:62) ~[na:na]
	at java.base/jdk.internal.reflect.DelegatingMethodAccessorImpl.invoke(DelegatingMethodAccessorImpl.java:43) ~[na:na]
	at java.base/java.lang.reflect.Method.invoke(Method.java:566) ~[na:na]
	at org.springframework.web.method.support.InvocableHandlerMethod.doInvoke(InvocableHandlerMethod.java:205) ~[spring-web-5.3.27.jar:5.3.27]
	at org.springframework.web.method.support.InvocableHandlerMethod.invokeForRequest(InvocableHandlerMethod.java:150) ~[spring-web-5.3.27.jar:5.3.27]
	at org.springframework.web.servlet.mvc.method.annotation.ServletInvocableHandlerMethod.invokeAndHandle(ServletInvocableHandlerMethod.java:117) ~[spring-webmvc-5.3.27.jar:5.3.27]
	at org.springframework.web.servlet.mvc.method.annotation.RequestMappingHandlerAdapter.invokeHandlerMethod(RequestMappingHandlerAdapter.java:895) ~[spring-webmvc-5.3.27.jar:5.3.27]
	at org.springframework.web.servlet.mvc.method.annotation.RequestMappingHandlerAdapter.handleInternal(RequestMappingHandlerAdapter.java:808) ~[spring-webmvc-5.3.27.jar:5.3.27]
	at org.springframework.web.servlet.mvc.method.AbstractHandlerMethodAdapter.handle(AbstractHandlerMethodAdapter.java:87) ~[spring-webmvc-5.3.27.jar:5.3.27]
	at org.springframework.web.servlet.DispatcherServlet.doDispatch(DispatcherServlet.java:1072) ~[spring-webmvc-5.3.27.jar:5.3.27]
	at org.springframework.web.servlet.DispatcherServlet.doService(DispatcherServlet.java:965) ~[spring-webmvc-5.3.27.jar:5.3.27]
	at org.springframework.web.servlet.FrameworkServlet.processRequest(FrameworkServlet.java:1006) ~[spring-webmvc-5.3.27.jar:5.3.27]
	at org.springframework.web.servlet.FrameworkServlet.doPost(FrameworkServlet.java:909) ~[spring-webmvc-5.3.27.jar:5.3.27]
	at javax.servlet.http.HttpServlet.service(HttpServlet.java:555) ~[tomcat-embed-core-9.0.75.jar:4.0.FR]
	at org.springframework.web.servlet.FrameworkServlet.service(FrameworkServlet.java:883) ~[spring-webmvc-5.3.27.jar:5.3.27]
	at javax.servlet.http.HttpServlet.service(HttpServlet.java:623) ~[tomcat-embed-core-9.0.75.jar:4.0.FR]
	at org.apache.catalina.core.ApplicationFilterChain.internalDoFilter(ApplicationFilterChain.java:209) ~[tomcat-embed-core-9.0.75.jar:9.0.75]
	at org.apache.catalina.core.ApplicationFilterChain.doFilter(ApplicationFilterChain.java:153) ~[tomcat-embed-core-9.0.75.jar:9.0.75]
	at org.apache.tomcat.websocket.server.WsFilter.doFilter(WsFilter.java:51) ~[tomcat-embed-websocket-9.0.75.jar:9.0.75]
	at org.apache.catalina.core.ApplicationFilterChain.internalDoFilter(ApplicationFilterChain.java:178) ~[tomcat-embed-core-9.0.75.jar:9.0.75]
	at org.apache.catalina.core.ApplicationFilterChain.doFilter(ApplicationFilterChain.java:153) ~[tomcat-embed-core-9.0.75.jar:9.0.75]
	at org.springframework.web.filter.RequestContextFilter.doFilterInternal(RequestContextFilter.java:100) ~[spring-web-5.3.27.jar:5.3.27]
	at org.springframework.web.filter.OncePerRequestFilter.doFilter(OncePerRequestFilter.java:117) ~[spring-web-5.3.27.jar:5.3.27]
	at org.apache.catalina.core.ApplicationFilterChain.internalDoFilter(ApplicationFilterChain.java:178) ~[tomcat-embed-core-9.0.75.jar:9.0.75]
	at org.apache.catalina.core.ApplicationFilterChain.doFilter(ApplicationFilterChain.java:153) ~[tomcat-embed-core-9.0.75.jar:9.0.75]
	at org.springframework.web.filter.FormContentFilter.doFilterInternal(FormContentFilter.java:93) ~[spring-web-5.3.27.jar:5.3.27]
	at org.springframework.web.filter.OncePerRequestFilter.doFilter(OncePerRequestFilter.java:117) ~[spring-web-5.3.27.jar:5.3.27]
	at org.apache.catalina.core.ApplicationFilterChain.internalDoFilter(ApplicationFilterChain.java:178) ~[tomcat-embed-core-9.0.75.jar:9.0.75]
	at org.apache.catalina.core.ApplicationFilterChain.doFilter(ApplicationFilterChain.java:153) ~[tomcat-embed-core-9.0.75.jar:9.0.75]
	at org.springframework.web.filter.CharacterEncodingFilter.doFilterInternal(CharacterEncodingFilter.java:201) ~[spring-web-5.3.27.jar:5.3.27]
	at org.springframework.web.filter.OncePerRequestFilter.doFilter(OncePerRequestFilter.java:117) ~[spring-web-5.3.27.jar:5.3.27]
	at org.apache.catalina.core.ApplicationFilterChain.internalDoFilter(ApplicationFilterChain.java:178) ~[tomcat-embed-core-9.0.75.jar:9.0.75]
	at org.apache.catalina.core.ApplicationFilterChain.doFilter(ApplicationFilterChain.java:153) ~[tomcat-embed-core-9.0.75.jar:9.0.75]
	at org.apache.catalina.core.StandardWrapperValve.invoke(StandardWrapperValve.java:167) ~[tomcat-embed-core-9.0.75.jar:9.0.75]
	at org.apache.catalina.core.StandardContextValve.invoke(StandardContextValve.java:90) ~[tomcat-embed-core-9.0.75.jar:9.0.75]
	at org.apache.catalina.authenticator.AuthenticatorBase.invoke(AuthenticatorBase.java:481) ~[tomcat-embed-core-9.0.75.jar:9.0.75]
	at org.apache.catalina.core.StandardHostValve.invoke(StandardHostValve.java:130) ~[tomcat-embed-core-9.0.75.jar:9.0.75]
	at org.apache.catalina.valves.ErrorReportValve.invoke(ErrorReportValve.java:93) ~[tomcat-embed-core-9.0.75.jar:9.0.75]
	at org.apache.catalina.core.StandardEngineValve.invoke(StandardEngineValve.java:74) ~[tomcat-embed-core-9.0.75.jar:9.0.75]
	at org.apache.catalina.connector.CoyoteAdapter.service(CoyoteAdapter.java:343) ~[tomcat-embed-core-9.0.75.jar:9.0.75]
	at org.apache.coyote.http11.Http11Processor.service(Http11Processor.java:390) ~[tomcat-embed-core-9.0.75.jar:9.0.75]
	at org.apache.coyote.AbstractProcessorLight.process(AbstractProcessorLight.java:63) ~[tomcat-embed-core-9.0.75.jar:9.0.75]
	at org.apache.coyote.AbstractProtocol$ConnectionHandler.process(AbstractProtocol.java:926) ~[tomcat-embed-core-9.0.75.jar:9.0.75]
	at org.apache.tomcat.util.net.NioEndpoint$SocketProcessor.doRun(NioEndpoint.java:1791) ~[tomcat-embed-core-9.0.75.jar:9.0.75]
	at org.apache.tomcat.util.net.SocketProcessorBase.run(SocketProcessorBase.java:52) ~[tomcat-embed-core-9.0.75.jar:9.0.75]
	at org.apache.tomcat.util.threads.ThreadPoolExecutor.runWorker(ThreadPoolExecutor.java:1191) ~[tomcat-embed-core-9.0.75.jar:9.0.75]
	at org.apache.tomcat.util.threads.ThreadPoolExecutor$Worker.run(ThreadPoolExecutor.java:659) ~[tomcat-embed-core-9.0.75.jar:9.0.75]
	at org.apache.tomcat.util.threads.TaskThread$WrappingRunnable.run(TaskThread.java:61) ~[tomcat-embed-core-9.0.75.jar:9.0.75]
	at java.base/java.lang.Thread.run(Thread.java:834) ~[na:na]

21:18:36:757  INFO 33616 --- [nacos-grpc-client-executor-28] com.alibaba.nacos.common.remote.client   : [608e1aac-f55c-4254-9258-13333f458392_config-0] Receive server push request, request = ConfigChangeNotifyRequest, requestId = 108
21:18:36:757  INFO 33616 --- [nacos-grpc-client-executor-28] com.alibaba.nacos.common.remote.client   : [608e1aac-f55c-4254-9258-13333f458392_config-0] Ack server push request, request = ConfigChangeNotifyRequest, requestId = 108
21:18:38:370  INFO 33616 --- [nacos.client.cachedata.internal.notifier] o.s.cloud.commons.util.InetUtils         : Cannot determine local hostname
21:18:38:438  WARN 33616 --- [nacos.client.cachedata.internal.notifier] c.a.c.n.c.NacosPropertySourceBuilder     : Ignore the empty nacos configuration and get it based on dataId[cart-service] & group[DEFAULT_GROUP]
21:18:38:453  WARN 33616 --- [nacos.client.cachedata.internal.notifier] c.a.c.n.c.NacosPropertySourceBuilder     : Ignore the empty nacos configuration and get it based on dataId[cart-service-dev.yaml] & group[DEFAULT_GROUP]
21:18:38:453  INFO 33616 --- [nacos.client.cachedata.internal.notifier] b.c.PropertySourceBootstrapConfiguration : Located property source: [BootstrapPropertySource {name='bootstrapProperties-cart-service-dev.yaml,DEFAULT_GROUP'}, BootstrapPropertySource {name='bootstrapProperties-cart-service.yaml,DEFAULT_GROUP'}, BootstrapPropertySource {name='bootstrapProperties-cart-service,DEFAULT_GROUP'}, BootstrapPropertySource {name='bootstrapProperties-shared-swagger.yaml,DEFAULT_GROUP'}, BootstrapPropertySource {name='bootstrapProperties-shared-log.yaml,DEFAULT_GROUP'}, BootstrapPropertySource {name='bootstrapProperties-shared-jdbc.yaml,DEFAULT_GROUP'}]
21:18:38:483  INFO 33616 --- [nacos.client.cachedata.internal.notifier] o.s.boot.SpringApplication               : The following 1 profile is active: "dev"
21:18:38:483  INFO 33616 --- [nacos.client.cachedata.internal.notifier] o.s.boot.SpringApplication               : Started application in 1.716 seconds (JVM running for 78.219)
21:18:38:538  INFO 33616 --- [nacos.client.cachedata.internal.notifier] o.s.c.e.event.RefreshEventListener       : Refresh keys changed: [hm.cart.maxAmount]
21:18:53:272 DEBUG 33616 --- [http-nio-8082-exec-4] c.h.cart.mapper.CartMapper.selectCount   : ==>  Preparing: SELECT COUNT( * ) FROM cart WHERE (user_id = ? AND item_id = ?)
21:18:53:272 DEBUG 33616 --- [http-nio-8082-exec-4] c.h.cart.mapper.CartMapper.selectCount   : ==> Parameters: 1(Long), 100000011127(Long)
21:18:53:279 DEBUG 33616 --- [http-nio-8082-exec-4] c.h.cart.mapper.CartMapper.selectCount   : <==      Total: 1
21:18:53:279 DEBUG 33616 --- [http-nio-8082-exec-4] c.h.cart.mapper.CartMapper.selectCount   : ==>  Preparing: SELECT COUNT( * ) FROM cart WHERE (user_id = ?)
21:18:53:279 DEBUG 33616 --- [http-nio-8082-exec-4] c.h.cart.mapper.CartMapper.selectCount   : ==> Parameters: 1(Long)
21:18:53:279 DEBUG 33616 --- [http-nio-8082-exec-4] c.h.cart.mapper.CartMapper.selectCount   : <==      Total: 1
21:18:53:283 DEBUG 33616 --- [http-nio-8082-exec-4] com.hmall.cart.mapper.CartMapper.insert  : ==>  Preparing: INSERT INTO cart ( user_id, item_id, name, spec, price, image ) VALUES ( ?, ?, ?, ?, ?, ? )
21:18:53:283 DEBUG 33616 --- [http-nio-8082-exec-4] com.hmall.cart.mapper.CartMapper.insert  : ==> Parameters: 1(Long), 100000011127(Long), SUMMIT22PCPC154T4A (String), {"": ""}(String), 26600(Integer), https://m.360buyimg.com/mobilecms/s720x720_jfs/t1/25363/12/2929/274060/5c21df3aE1789bda7/030af31afd116ae0.jpg!q70.jpg.webp(String)
21:18:53:283 DEBUG 33616 --- [http-nio-8082-exec-4] com.hmall.cart.mapper.CartMapper.insert  : <==    Updates: 1
21:18:53:332 DEBUG 33616 --- [http-nio-8082-exec-3] c.h.cart.mapper.CartMapper.selectList    : ==>  Preparing: SELECT id,user_id,item_id,num,name,spec,price,image,create_time,update_time FROM cart WHERE (user_id = ?)
21:18:53:333 DEBUG 33616 --- [http-nio-8082-exec-3] c.h.cart.mapper.CartMapper.selectList    : ==> Parameters: 1(Long)
21:18:53:335 DEBUG 33616 --- [http-nio-8082-exec-3] c.h.cart.mapper.CartMapper.selectList    : <==      Total: 2
21:18:53:336 DEBUG 33616 --- [http-nio-8082-exec-3] com.hmall.api.client.ItemClient          : [ItemClient#queryItemByIds] ---> GET http://item-service/items?ids=100000006163&ids=100000011127 HTTP/1.1
21:18:53:336 DEBUG 33616 --- [http-nio-8082-exec-3] com.hmall.api.client.ItemClient          : [ItemClient#queryItemByIds] ---> END HTTP (0-byte body)
21:18:53:351 DEBUG 33616 --- [http-nio-8082-exec-3] com.hmall.api.client.ItemClient          : [ItemClient#queryItemByIds] <--- HTTP/1.1 200  (14ms)
21:18:53:351 DEBUG 33616 --- [http-nio-8082-exec-3] com.hmall.api.client.ItemClient          : [ItemClient#queryItemByIds] connection: keep-alive
21:18:53:351 DEBUG 33616 --- [http-nio-8082-exec-3] com.hmall.api.client.ItemClient          : [ItemClient#queryItemByIds] content-type: application/json
21:18:53:351 DEBUG 33616 --- [http-nio-8082-exec-3] com.hmall.api.client.ItemClient          : [ItemClient#queryItemByIds] date: Wed, 23 Oct 2024 13:18:53 GMT
21:18:53:351 DEBUG 33616 --- [http-nio-8082-exec-3] com.hmall.api.client.ItemClient          : [ItemClient#queryItemByIds] keep-alive: timeout=60
21:18:53:351 DEBUG 33616 --- [http-nio-8082-exec-3] com.hmall.api.client.ItemClient          : [ItemClient#queryItemByIds] transfer-encoding: chunked
21:18:53:351 DEBUG 33616 --- [http-nio-8082-exec-3] com.hmall.api.client.ItemClient          : [ItemClient#queryItemByIds] 
21:18:53:351 DEBUG 33616 --- [http-nio-8082-exec-3] com.hmall.api.client.ItemClient          : [ItemClient#queryItemByIds] [{"id":"100000006163","name":"(BOBDOG)XXL80(15kg)","price":67100,"stock":10000,"image":"https://m.360buyimg.com/mobilecms/s720x720_jfs/t23998/350/2363990466/222391/a6e9581d/5b7cba5bN0c18fb4f.jpg!q70.jpg.webp","category":"","brand":"","spec":"{}","sold":11,"commentCount":33343434,"isAD":false,"status":2},{"id":"100000011127","name":"SUMMIT22PCPC154T4A ","price":26600,"stock":10000,"image":"https://m.360buyimg.com/mobilecms/s720x720_jfs/t1/25363/12/2929/274060/5c21df3aE1789bda7/030af31afd116ae0.jpg!q70.jpg.webp","category":"","brand":"","spec":"{\"\": \"\"}","sold":45454,"commentCount":233324,"isAD":false,"status":1}]
21:18:53:351 DEBUG 33616 --- [http-nio-8082-exec-3] com.hmall.api.client.ItemClient          : [ItemClient#queryItemByIds] <--- END HTTP (791-byte body)
