03:00:03:637  INFO 8768 --- [nacos-grpc-client-executor-3110] com.alibaba.nacos.common.remote.client   : [eafef83a-3414-4f63-b362-86fc310dc81e_config-0] Receive server push request, request = ClientDetectionRequest, requestId = 427
03:00:03:653  INFO 8768 --- [nacos-grpc-client-executor-3110] com.alibaba.nacos.common.remote.client   : [eafef83a-3414-4f63-b362-86fc310dc81e_config-0] Ack server push request, request = ClientDetectionRequest, requestId = 427
08:53:26:273  INFO 8768 --- [nacos-grpc-client-executor-3483] com.alibaba.nacos.common.remote.client   : [9c818ab3-0c3c-4d15-99c6-826c7c4027c0] Receive server push request, request = ClientDetectionRequest, requestId = 434
08:53:26:279  INFO 8768 --- [nacos-grpc-client-executor-3483] com.alibaba.nacos.common.remote.client   : [9c818ab3-0c3c-4d15-99c6-826c7c4027c0] Ack server push request, request = ClientDetectionRequest, requestId = 434
12:55:02:721  WARN 8768 --- [Thread-1] c.a.n.common.http.HttpClientBeanHolder   : [HttpClientBeanHolder] Start destroying common HttpClient
12:55:02:721  WARN 8768 --- [Thread-5] c.a.nacos.common.notify.NotifyCenter     : [NotifyCenter] Start destroying Publisher
12:55:02:725  WARN 8768 --- [Thread-5] c.a.nacos.common.notify.NotifyCenter     : [NotifyCenter] Destruction of the end
12:55:02:727  WARN 8768 --- [Thread-1] c.a.n.common.http.HttpClientBeanHolder   : [HttpClientBeanHolder] Destruction of the end
12:55:02:800  INFO 8768 --- [SpringApplicationShutdownHook] c.a.c.n.registry.NacosServiceRegistry    : De-registering from Nacos Server now...
12:55:02:806  INFO 8768 --- [SpringApplicationShutdownHook] c.a.c.n.registry.NacosServiceRegistry    : De-registration finished.
12:55:03:141  INFO 8768 --- [SpringApplicationShutdownHook] com.alibaba.nacos.common.remote.client   : Shutdown rpc client, set status to shutdown
12:55:03:142  INFO 8768 --- [SpringApplicationShutdownHook] com.alibaba.nacos.common.remote.client   : Shutdown client event executor java.util.concurrent.ScheduledThreadPoolExecutor@7bacd237[Running, pool size = 2, active threads = 2, queued tasks = 0, completed tasks = 0]
12:55:03:143  INFO 8768 --- [SpringApplicationShutdownHook] com.alibaba.nacos.common.remote.client   : Close current connection 1729849380913_127.0.0.1_11372
12:55:03:145  INFO 8768 --- [nacos-grpc-client-executor-8845] c.a.n.c.remote.client.grpc.GrpcClient    : [1729849380913_127.0.0.1_11372]Ignore complete event,isRunning:false,isAbandon=false
12:55:03:165  INFO 8768 --- [SpringApplicationShutdownHook] c.a.n.c.remote.client.grpc.GrpcClient    : Shutdown grpc executor java.util.concurrent.ThreadPoolExecutor@5239269f[Running, pool size = 16, active threads = 0, queued tasks = 0, completed tasks = 8846]
13:17:47:381  INFO 12956 --- [main] com.hmall.gateway.GatewayApplication     : No active profile set, falling back to 1 default profile: "default"
13:17:47:450 ERROR 12956 --- [nacos-grpc-client-executor-12] c.a.n.c.remote.client.grpc.GrpcClient    : [1729919867010_127.0.0.1_2648]Error to process server push response: {"headers":{},"abilityTable":{"supportPersistentInstanceByGrpc":true},"module":"internal"}
13:17:47:983  INFO 12956 --- [main] o.s.cloud.context.scope.GenericScope     : BeanFactory id=ab7eba3b-bca4-35ba-8e37-4bef2229baa0
13:17:48:038  INFO 12956 --- [main] trationDelegate$BeanPostProcessorChecker : Bean 'org.springframework.cloud.client.loadbalancer.reactive.LoadBalancerBeanPostProcessorAutoConfiguration' of type [org.springframework.cloud.client.loadbalancer.reactive.LoadBalancerBeanPostProcessorAutoConfiguration] is not eligible for getting processed by all BeanPostProcessors (for example: not eligible for auto-proxying)
13:17:48:041  INFO 12956 --- [main] trationDelegate$BeanPostProcessorChecker : Bean 'org.springframework.cloud.client.loadbalancer.reactive.LoadBalancerBeanPostProcessorAutoConfiguration$ReactorDeferringLoadBalancerFilterConfig' of type [org.springframework.cloud.client.loadbalancer.reactive.LoadBalancerBeanPostProcessorAutoConfiguration$ReactorDeferringLoadBalancerFilterConfig] is not eligible for getting processed by all BeanPostProcessors (for example: not eligible for auto-proxying)
13:17:48:044  INFO 12956 --- [main] trationDelegate$BeanPostProcessorChecker : Bean 'reactorDeferringLoadBalancerExchangeFilterFunction' of type [org.springframework.cloud.client.loadbalancer.reactive.DeferringLoadBalancerExchangeFilterFunction] is not eligible for getting processed by all BeanPostProcessors (for example: not eligible for auto-proxying)
13:17:48:747 DEBUG 12956 --- [main] c.h.gateway.route.DynamicRouteLoader     : 监听到路由配置变更：[
    {
        "id": "item",
        "predicates": [{
            "name": "Path",
            "args": {"_genkey_0":"/items/**", "_genkey_1":"/search/**"}
        }],
        "filters": [],
        "uri": "lb://item-service"
    },
    {
        "id": "cart",
        "predicates": [{
            "name": "Path",
            "args": {"_genkey_0":"/carts/**"}
        }],
        "filters": [],
        "uri": "lb://cart-service"
    },
    {
        "id": "user",
        "predicates": [{
            "name": "Path",
            "args": {"_genkey_0":"/users/**", "_genkey_1":"/addresses/**"}
        }],
        "filters": [],
        "uri": "lb://user-service"
    },
    {
        "id": "trade",
        "predicates": [{
            "name": "Path",
            "args": {"_genkey_0":"/orders/**"}
        }],
        "filters": [],
        "uri": "lb://trade-service"
    },
    {
        "id": "pay",
        "predicates": [{
            "name": "Path",
            "args": {"_genkey_0":"/pay-orders/**"}
        }],
        "filters": [],
        "uri": "lb://pay-service"
    }
]
13:17:50:906  INFO 12956 --- [main] o.s.cloud.commons.util.InetUtils         : Cannot determine local hostname
13:17:52:508  INFO 12956 --- [main] o.s.cloud.commons.util.InetUtils         : Cannot determine local hostname
13:17:52:870  INFO 12956 --- [main] o.s.c.g.r.RouteDefinitionRouteLocator    : Loaded RoutePredicateFactory [After]
13:17:52:870  INFO 12956 --- [main] o.s.c.g.r.RouteDefinitionRouteLocator    : Loaded RoutePredicateFactory [Before]
13:17:52:871  INFO 12956 --- [main] o.s.c.g.r.RouteDefinitionRouteLocator    : Loaded RoutePredicateFactory [Between]
13:17:52:871  INFO 12956 --- [main] o.s.c.g.r.RouteDefinitionRouteLocator    : Loaded RoutePredicateFactory [Cookie]
13:17:52:871  INFO 12956 --- [main] o.s.c.g.r.RouteDefinitionRouteLocator    : Loaded RoutePredicateFactory [Header]
13:17:52:871  INFO 12956 --- [main] o.s.c.g.r.RouteDefinitionRouteLocator    : Loaded RoutePredicateFactory [Host]
13:17:52:871  INFO 12956 --- [main] o.s.c.g.r.RouteDefinitionRouteLocator    : Loaded RoutePredicateFactory [Method]
13:17:52:871  INFO 12956 --- [main] o.s.c.g.r.RouteDefinitionRouteLocator    : Loaded RoutePredicateFactory [Path]
13:17:52:871  INFO 12956 --- [main] o.s.c.g.r.RouteDefinitionRouteLocator    : Loaded RoutePredicateFactory [Query]
13:17:52:871  INFO 12956 --- [main] o.s.c.g.r.RouteDefinitionRouteLocator    : Loaded RoutePredicateFactory [ReadBody]
13:17:52:871  INFO 12956 --- [main] o.s.c.g.r.RouteDefinitionRouteLocator    : Loaded RoutePredicateFactory [RemoteAddr]
13:17:52:871  INFO 12956 --- [main] o.s.c.g.r.RouteDefinitionRouteLocator    : Loaded RoutePredicateFactory [XForwardedRemoteAddr]
13:17:52:871  INFO 12956 --- [main] o.s.c.g.r.RouteDefinitionRouteLocator    : Loaded RoutePredicateFactory [Weight]
13:17:52:871  INFO 12956 --- [main] o.s.c.g.r.RouteDefinitionRouteLocator    : Loaded RoutePredicateFactory [CloudFoundryRouteService]
13:17:54:807  INFO 12956 --- [main] o.s.cloud.commons.util.InetUtils         : Cannot determine local hostname
13:17:55:122  INFO 12956 --- [main] com.alibaba.nacos.common.remote.client   : [RpcClientFactory] create a new rpc client of 91e8342e-864d-4c16-b40b-d9377779195a
13:17:55:122  INFO 12956 --- [main] com.alibaba.nacos.common.remote.client   : [91e8342e-864d-4c16-b40b-d9377779195a] RpcClient init label, labels = {module=naming, source=sdk}
13:17:55:124  INFO 12956 --- [main] com.alibaba.nacos.common.remote.client   : [91e8342e-864d-4c16-b40b-d9377779195a] RpcClient init, ServerListFactory = com.alibaba.nacos.client.naming.core.ServerListManager
13:17:55:124  INFO 12956 --- [main] com.alibaba.nacos.common.remote.client   : [91e8342e-864d-4c16-b40b-d9377779195a] Registry connection listener to current client:com.alibaba.nacos.client.naming.remote.gprc.redo.NamingGrpcRedoService
13:17:55:124  INFO 12956 --- [main] com.alibaba.nacos.common.remote.client   : [91e8342e-864d-4c16-b40b-d9377779195a] Register server push request handler:com.alibaba.nacos.client.naming.remote.gprc.NamingPushRequestHandler
13:17:55:125  INFO 12956 --- [main] com.alibaba.nacos.common.remote.client   : [91e8342e-864d-4c16-b40b-d9377779195a] Try to connect to server on start up, server: {serverIp = 'localhost', server main port = 8848}
13:17:55:263 ERROR 12956 --- [nacos-grpc-client-executor-3] c.a.n.c.remote.client.grpc.GrpcClient    : [1729919875175_127.0.0.1_2900]Error to process server push response: {"headers":{},"abilityTable":{"supportPersistentInstanceByGrpc":true},"module":"internal"}
13:17:55:346  INFO 12956 --- [main] com.alibaba.nacos.common.remote.client   : [91e8342e-864d-4c16-b40b-d9377779195a] Success to connect to server [localhost:8848] on start up, connectionId = 1729919875175_127.0.0.1_2900
13:17:55:349  INFO 12956 --- [main] com.alibaba.nacos.common.remote.client   : [91e8342e-864d-4c16-b40b-d9377779195a] Register server push request handler:com.alibaba.nacos.common.remote.client.RpcClient$ConnectResetRequestHandler
13:17:55:349  INFO 12956 --- [main] com.alibaba.nacos.common.remote.client   : [91e8342e-864d-4c16-b40b-d9377779195a] Register server push request handler:com.alibaba.nacos.common.remote.client.RpcClient$$Lambda$461/0x0000000800436440
13:17:55:350  INFO 12956 --- [com.alibaba.nacos.client.remote.worker] com.alibaba.nacos.common.remote.client   : [91e8342e-864d-4c16-b40b-d9377779195a] Notify connected event to listeners.
13:17:55:951  INFO 12956 --- [nacos-grpc-client-executor-5] com.alibaba.nacos.common.remote.client   : [91e8342e-864d-4c16-b40b-d9377779195a] Receive server push request, request = NotifySubscriberRequest, requestId = 2
13:17:55:951  INFO 12956 --- [nacos-grpc-client-executor-5] com.alibaba.nacos.common.remote.client   : [91e8342e-864d-4c16-b40b-d9377779195a] Ack server push request, request = NotifySubscriberRequest, requestId = 2
13:17:56:584  INFO 12956 --- [main] o.s.b.web.embedded.netty.NettyWebServer  : Netty started on port 8080
13:17:58:526  INFO 12956 --- [main] o.s.cloud.commons.util.InetUtils         : Cannot determine local hostname
13:18:00:724  INFO 12956 --- [main] o.s.cloud.commons.util.InetUtils         : Cannot determine local hostname
13:18:00:750  INFO 12956 --- [main] c.a.c.n.registry.NacosServiceRegistry    : nacos registry, DEFAULT_GROUP gateway 192.168.26.1:8080 register finished
13:18:00:766  INFO 12956 --- [main] com.hmall.gateway.GatewayApplication     : Started GatewayApplication in 19.705 seconds (JVM running for 20.677)
13:18:00:768  INFO 12956 --- [main] c.a.c.n.refresh.NacosContextRefresher    : [Nacos Config] Listening config: dataId=gateway.yaml, group=DEFAULT_GROUP
13:18:00:769  INFO 12956 --- [main] c.a.c.n.refresh.NacosContextRefresher    : [Nacos Config] Listening config: dataId=gateway, group=DEFAULT_GROUP
13:18:01:282  INFO 12956 --- [nacos-grpc-client-executor-10] com.alibaba.nacos.common.remote.client   : [91e8342e-864d-4c16-b40b-d9377779195a] Receive server push request, request = NotifySubscriberRequest, requestId = 4
13:18:01:285  INFO 12956 --- [nacos-grpc-client-executor-10] com.alibaba.nacos.common.remote.client   : [91e8342e-864d-4c16-b40b-d9377779195a] Ack server push request, request = NotifySubscriberRequest, requestId = 4
13:34:58:173  INFO 12956 --- [nacos-grpc-client-executor-226] com.alibaba.nacos.common.remote.client   : [91e8342e-864d-4c16-b40b-d9377779195a] Receive server push request, request = NotifySubscriberRequest, requestId = 14
13:34:58:174  INFO 12956 --- [nacos-grpc-client-executor-226] com.alibaba.nacos.common.remote.client   : [91e8342e-864d-4c16-b40b-d9377779195a] Ack server push request, request = NotifySubscriberRequest, requestId = 14
13:34:59:045  INFO 12956 --- [nacos-grpc-client-executor-230] com.alibaba.nacos.common.remote.client   : [91e8342e-864d-4c16-b40b-d9377779195a] Receive server push request, request = NotifySubscriberRequest, requestId = 15
13:34:59:046  INFO 12956 --- [nacos-grpc-client-executor-230] com.alibaba.nacos.common.remote.client   : [91e8342e-864d-4c16-b40b-d9377779195a] Ack server push request, request = NotifySubscriberRequest, requestId = 15
14:04:41:444  WARN 12956 --- [Thread-5] c.a.nacos.common.notify.NotifyCenter     : [NotifyCenter] Start destroying Publisher
14:04:41:444  WARN 12956 --- [Thread-1] c.a.n.common.http.HttpClientBeanHolder   : [HttpClientBeanHolder] Start destroying common HttpClient
14:04:41:445  WARN 12956 --- [Thread-5] c.a.nacos.common.notify.NotifyCenter     : [NotifyCenter] Destruction of the end
14:04:41:445  WARN 12956 --- [Thread-1] c.a.n.common.http.HttpClientBeanHolder   : [HttpClientBeanHolder] Destruction of the end
14:04:41:452  INFO 12956 --- [SpringApplicationShutdownHook] c.a.c.n.registry.NacosServiceRegistry    : De-registering from Nacos Server now...
14:04:41:453  INFO 12956 --- [SpringApplicationShutdownHook] c.a.c.n.registry.NacosServiceRegistry    : De-registration finished.
14:04:41:785  INFO 12956 --- [SpringApplicationShutdownHook] com.alibaba.nacos.common.remote.client   : Shutdown rpc client, set status to shutdown
14:04:41:785  INFO 12956 --- [SpringApplicationShutdownHook] com.alibaba.nacos.common.remote.client   : Shutdown client event executor java.util.concurrent.ScheduledThreadPoolExecutor@3a55d433[Running, pool size = 2, active threads = 2, queued tasks = 0, completed tasks = 0]
14:04:41:785  INFO 12956 --- [SpringApplicationShutdownHook] com.alibaba.nacos.common.remote.client   : Close current connection 1729919875175_127.0.0.1_2900
14:04:41:786  INFO 12956 --- [nacos-grpc-client-executor-630] c.a.n.c.remote.client.grpc.GrpcClient    : [1729919875175_127.0.0.1_2900]Ignore complete event,isRunning:false,isAbandon=false
14:04:41:801  INFO 12956 --- [SpringApplicationShutdownHook] c.a.n.c.remote.client.grpc.GrpcClient    : Shutdown grpc executor java.util.concurrent.ThreadPoolExecutor@600a1b4[Running, pool size = 5, active threads = 0, queued tasks = 0, completed tasks = 631]
14:05:44:307  INFO 28036 --- [main] com.hmall.gateway.GatewayApplication     : No active profile set, falling back to 1 default profile: "default"
14:05:44:881  INFO 28036 --- [main] o.s.cloud.context.scope.GenericScope     : BeanFactory id=ab7eba3b-bca4-35ba-8e37-4bef2229baa0
14:05:44:928  INFO 28036 --- [main] trationDelegate$BeanPostProcessorChecker : Bean 'org.springframework.cloud.client.loadbalancer.reactive.LoadBalancerBeanPostProcessorAutoConfiguration' of type [org.springframework.cloud.client.loadbalancer.reactive.LoadBalancerBeanPostProcessorAutoConfiguration] is not eligible for getting processed by all BeanPostProcessors (for example: not eligible for auto-proxying)
14:05:44:930  INFO 28036 --- [main] trationDelegate$BeanPostProcessorChecker : Bean 'org.springframework.cloud.client.loadbalancer.reactive.LoadBalancerBeanPostProcessorAutoConfiguration$ReactorDeferringLoadBalancerFilterConfig' of type [org.springframework.cloud.client.loadbalancer.reactive.LoadBalancerBeanPostProcessorAutoConfiguration$ReactorDeferringLoadBalancerFilterConfig] is not eligible for getting processed by all BeanPostProcessors (for example: not eligible for auto-proxying)
14:05:44:931  INFO 28036 --- [main] trationDelegate$BeanPostProcessorChecker : Bean 'reactorDeferringLoadBalancerExchangeFilterFunction' of type [org.springframework.cloud.client.loadbalancer.reactive.DeferringLoadBalancerExchangeFilterFunction] is not eligible for getting processed by all BeanPostProcessors (for example: not eligible for auto-proxying)
14:05:45:544 DEBUG 28036 --- [main] c.h.gateway.route.DynamicRouteLoader     : 监听到路由配置变更：[
    {
        "id": "item",
        "predicates": [{
            "name": "Path",
            "args": {"_genkey_0":"/items/**", "_genkey_1":"/search/**"}
        }],
        "filters": [],
        "uri": "lb://item-service"
    },
    {
        "id": "cart",
        "predicates": [{
            "name": "Path",
            "args": {"_genkey_0":"/carts/**"}
        }],
        "filters": [],
        "uri": "lb://cart-service"
    },
    {
        "id": "user",
        "predicates": [{
            "name": "Path",
            "args": {"_genkey_0":"/users/**", "_genkey_1":"/addresses/**"}
        }],
        "filters": [],
        "uri": "lb://user-service"
    },
    {
        "id": "trade",
        "predicates": [{
            "name": "Path",
            "args": {"_genkey_0":"/orders/**"}
        }],
        "filters": [],
        "uri": "lb://trade-service"
    },
    {
        "id": "pay",
        "predicates": [{
            "name": "Path",
            "args": {"_genkey_0":"/pay-orders/**"}
        }],
        "filters": [],
        "uri": "lb://pay-service"
    }
]
14:05:47:352  INFO 28036 --- [main] o.s.cloud.commons.util.InetUtils         : Cannot determine local hostname
14:05:49:140  INFO 28036 --- [main] o.s.cloud.commons.util.InetUtils         : Cannot determine local hostname
14:05:49:368  INFO 28036 --- [main] o.s.c.g.r.RouteDefinitionRouteLocator    : Loaded RoutePredicateFactory [After]
14:05:49:369  INFO 28036 --- [main] o.s.c.g.r.RouteDefinitionRouteLocator    : Loaded RoutePredicateFactory [Before]
14:05:49:369  INFO 28036 --- [main] o.s.c.g.r.RouteDefinitionRouteLocator    : Loaded RoutePredicateFactory [Between]
14:05:49:369  INFO 28036 --- [main] o.s.c.g.r.RouteDefinitionRouteLocator    : Loaded RoutePredicateFactory [Cookie]
14:05:49:369  INFO 28036 --- [main] o.s.c.g.r.RouteDefinitionRouteLocator    : Loaded RoutePredicateFactory [Header]
14:05:49:369  INFO 28036 --- [main] o.s.c.g.r.RouteDefinitionRouteLocator    : Loaded RoutePredicateFactory [Host]
14:05:49:369  INFO 28036 --- [main] o.s.c.g.r.RouteDefinitionRouteLocator    : Loaded RoutePredicateFactory [Method]
14:05:49:369  INFO 28036 --- [main] o.s.c.g.r.RouteDefinitionRouteLocator    : Loaded RoutePredicateFactory [Path]
14:05:49:369  INFO 28036 --- [main] o.s.c.g.r.RouteDefinitionRouteLocator    : Loaded RoutePredicateFactory [Query]
14:05:49:369  INFO 28036 --- [main] o.s.c.g.r.RouteDefinitionRouteLocator    : Loaded RoutePredicateFactory [ReadBody]
14:05:49:369  INFO 28036 --- [main] o.s.c.g.r.RouteDefinitionRouteLocator    : Loaded RoutePredicateFactory [RemoteAddr]
14:05:49:369  INFO 28036 --- [main] o.s.c.g.r.RouteDefinitionRouteLocator    : Loaded RoutePredicateFactory [XForwardedRemoteAddr]
14:05:49:369  INFO 28036 --- [main] o.s.c.g.r.RouteDefinitionRouteLocator    : Loaded RoutePredicateFactory [Weight]
14:05:49:369  INFO 28036 --- [main] o.s.c.g.r.RouteDefinitionRouteLocator    : Loaded RoutePredicateFactory [CloudFoundryRouteService]
14:05:51:604  INFO 28036 --- [main] o.s.cloud.commons.util.InetUtils         : Cannot determine local hostname
14:05:51:768  INFO 28036 --- [main] com.alibaba.nacos.common.remote.client   : [RpcClientFactory] create a new rpc client of 3fa5e9bb-c6ac-40ca-9061-c72f70680fde
14:05:51:768  INFO 28036 --- [main] com.alibaba.nacos.common.remote.client   : [3fa5e9bb-c6ac-40ca-9061-c72f70680fde] RpcClient init label, labels = {module=naming, source=sdk}
14:05:51:770  INFO 28036 --- [main] com.alibaba.nacos.common.remote.client   : [3fa5e9bb-c6ac-40ca-9061-c72f70680fde] RpcClient init, ServerListFactory = com.alibaba.nacos.client.naming.core.ServerListManager
14:05:51:770  INFO 28036 --- [main] com.alibaba.nacos.common.remote.client   : [3fa5e9bb-c6ac-40ca-9061-c72f70680fde] Registry connection listener to current client:com.alibaba.nacos.client.naming.remote.gprc.redo.NamingGrpcRedoService
14:05:51:770  INFO 28036 --- [main] com.alibaba.nacos.common.remote.client   : [3fa5e9bb-c6ac-40ca-9061-c72f70680fde] Register server push request handler:com.alibaba.nacos.client.naming.remote.gprc.NamingPushRequestHandler
14:05:51:770  INFO 28036 --- [main] com.alibaba.nacos.common.remote.client   : [3fa5e9bb-c6ac-40ca-9061-c72f70680fde] Try to connect to server on start up, server: {serverIp = 'localhost', server main port = 8848}
14:05:51:783 ERROR 28036 --- [nacos-grpc-client-executor-3] c.a.n.c.remote.client.grpc.GrpcClient    : [1729922751775_127.0.0.1_7508]Error to process server push response: {"headers":{},"abilityTable":{"supportPersistentInstanceByGrpc":true},"module":"internal"}
14:05:51:892  INFO 28036 --- [main] com.alibaba.nacos.common.remote.client   : [3fa5e9bb-c6ac-40ca-9061-c72f70680fde] Success to connect to server [localhost:8848] on start up, connectionId = 1729922751775_127.0.0.1_7508
14:05:51:892  INFO 28036 --- [main] com.alibaba.nacos.common.remote.client   : [3fa5e9bb-c6ac-40ca-9061-c72f70680fde] Register server push request handler:com.alibaba.nacos.common.remote.client.RpcClient$ConnectResetRequestHandler
14:05:51:892  INFO 28036 --- [com.alibaba.nacos.client.remote.worker] com.alibaba.nacos.common.remote.client   : [3fa5e9bb-c6ac-40ca-9061-c72f70680fde] Notify connected event to listeners.
14:05:51:892  INFO 28036 --- [main] com.alibaba.nacos.common.remote.client   : [3fa5e9bb-c6ac-40ca-9061-c72f70680fde] Register server push request handler:com.alibaba.nacos.common.remote.client.RpcClient$$Lambda$461/0x0000000800436440
14:05:52:448  INFO 28036 --- [nacos-grpc-client-executor-5] com.alibaba.nacos.common.remote.client   : [3fa5e9bb-c6ac-40ca-9061-c72f70680fde] Receive server push request, request = NotifySubscriberRequest, requestId = 19
14:05:52:448  INFO 28036 --- [nacos-grpc-client-executor-5] com.alibaba.nacos.common.remote.client   : [3fa5e9bb-c6ac-40ca-9061-c72f70680fde] Ack server push request, request = NotifySubscriberRequest, requestId = 19
14:05:52:475  INFO 28036 --- [main] o.s.b.web.embedded.netty.NettyWebServer  : Netty started on port 8080
14:05:54:165  INFO 28036 --- [main] o.s.cloud.commons.util.InetUtils         : Cannot determine local hostname
14:05:56:453  INFO 28036 --- [main] o.s.cloud.commons.util.InetUtils         : Cannot determine local hostname
14:05:56:460  INFO 28036 --- [main] c.a.c.n.registry.NacosServiceRegistry    : nacos registry, DEFAULT_GROUP gateway 192.168.26.1:8080 register finished
14:05:56:486  INFO 28036 --- [main] com.hmall.gateway.GatewayApplication     : Started GatewayApplication in 17.97 seconds (JVM running for 18.826)
14:05:56:489  INFO 28036 --- [main] c.a.c.n.refresh.NacosContextRefresher    : [Nacos Config] Listening config: dataId=gateway.yaml, group=DEFAULT_GROUP
14:05:56:490  INFO 28036 --- [main] c.a.c.n.refresh.NacosContextRefresher    : [Nacos Config] Listening config: dataId=gateway, group=DEFAULT_GROUP
14:05:57:045  INFO 28036 --- [nacos-grpc-client-executor-9] com.alibaba.nacos.common.remote.client   : [3fa5e9bb-c6ac-40ca-9061-c72f70680fde] Receive server push request, request = NotifySubscriberRequest, requestId = 20
14:05:57:048  INFO 28036 --- [nacos-grpc-client-executor-9] com.alibaba.nacos.common.remote.client   : [3fa5e9bb-c6ac-40ca-9061-c72f70680fde] Ack server push request, request = NotifySubscriberRequest, requestId = 20
14:06:31:963  INFO 28036 --- [nacos-grpc-client-executor-17] com.alibaba.nacos.common.remote.client   : [3fa5e9bb-c6ac-40ca-9061-c72f70680fde] Receive server push request, request = NotifySubscriberRequest, requestId = 30
14:06:31:964  INFO 28036 --- [nacos-grpc-client-executor-17] com.alibaba.nacos.common.remote.client   : [3fa5e9bb-c6ac-40ca-9061-c72f70680fde] Ack server push request, request = NotifySubscriberRequest, requestId = 30
14:06:32:620  INFO 28036 --- [nacos-grpc-client-executor-20] com.alibaba.nacos.common.remote.client   : [3fa5e9bb-c6ac-40ca-9061-c72f70680fde] Receive server push request, request = NotifySubscriberRequest, requestId = 31
14:06:32:621  INFO 28036 --- [nacos-grpc-client-executor-20] com.alibaba.nacos.common.remote.client   : [3fa5e9bb-c6ac-40ca-9061-c72f70680fde] Ack server push request, request = NotifySubscriberRequest, requestId = 31
16:08:44:474  INFO 28036 --- [nacos-grpc-client-executor-1592] com.alibaba.nacos.common.remote.client   : [3fa5e9bb-c6ac-40ca-9061-c72f70680fde] Receive server push request, request = NotifySubscriberRequest, requestId = 33
16:08:44:475  INFO 28036 --- [nacos-grpc-client-executor-1592] com.alibaba.nacos.common.remote.client   : [3fa5e9bb-c6ac-40ca-9061-c72f70680fde] Ack server push request, request = NotifySubscriberRequest, requestId = 33
16:08:49:477  INFO 28036 --- [nacos-grpc-client-executor-1595] com.alibaba.nacos.common.remote.client   : [3fa5e9bb-c6ac-40ca-9061-c72f70680fde] Receive server push request, request = NotifySubscriberRequest, requestId = 34
16:08:49:478  INFO 28036 --- [nacos-grpc-client-executor-1595] com.alibaba.nacos.common.remote.client   : [3fa5e9bb-c6ac-40ca-9061-c72f70680fde] Ack server push request, request = NotifySubscriberRequest, requestId = 34
16:08:50:561  INFO 28036 --- [nacos-grpc-client-executor-1598] com.alibaba.nacos.common.remote.client   : [3fa5e9bb-c6ac-40ca-9061-c72f70680fde] Receive server push request, request = NotifySubscriberRequest, requestId = 37
16:08:50:562  INFO 28036 --- [nacos-grpc-client-executor-1598] com.alibaba.nacos.common.remote.client   : [3fa5e9bb-c6ac-40ca-9061-c72f70680fde] Ack server push request, request = NotifySubscriberRequest, requestId = 37
16:12:03:238  WARN 28036 --- [Thread-1] c.a.n.common.http.HttpClientBeanHolder   : [HttpClientBeanHolder] Start destroying common HttpClient
16:12:03:238  WARN 28036 --- [Thread-5] c.a.nacos.common.notify.NotifyCenter     : [NotifyCenter] Start destroying Publisher
16:12:03:238  WARN 28036 --- [Thread-5] c.a.nacos.common.notify.NotifyCenter     : [NotifyCenter] Destruction of the end
16:12:03:239  WARN 28036 --- [Thread-1] c.a.n.common.http.HttpClientBeanHolder   : [HttpClientBeanHolder] Destruction of the end
16:12:03:249  INFO 28036 --- [SpringApplicationShutdownHook] c.a.c.n.registry.NacosServiceRegistry    : De-registering from Nacos Server now...
16:12:03:251  INFO 28036 --- [SpringApplicationShutdownHook] c.a.c.n.registry.NacosServiceRegistry    : De-registration finished.
16:12:03:582  INFO 28036 --- [SpringApplicationShutdownHook] com.alibaba.nacos.common.remote.client   : Shutdown rpc client, set status to shutdown
16:12:03:582  INFO 28036 --- [SpringApplicationShutdownHook] com.alibaba.nacos.common.remote.client   : Shutdown client event executor java.util.concurrent.ScheduledThreadPoolExecutor@71831c63[Running, pool size = 2, active threads = 2, queued tasks = 0, completed tasks = 0]
16:12:03:582  INFO 28036 --- [SpringApplicationShutdownHook] com.alibaba.nacos.common.remote.client   : Close current connection 1729922751775_127.0.0.1_7508
16:12:03:584  INFO 28036 --- [nacos-grpc-client-executor-1642] c.a.n.c.remote.client.grpc.GrpcClient    : [1729922751775_127.0.0.1_7508]Ignore complete event,isRunning:false,isAbandon=false
16:12:03:587  INFO 28036 --- [SpringApplicationShutdownHook] c.a.n.c.remote.client.grpc.GrpcClient    : Shutdown grpc executor java.util.concurrent.ThreadPoolExecutor@4be3efd6[Running, pool size = 4, active threads = 0, queued tasks = 0, completed tasks = 1643]
16:12:22:831  INFO 26280 --- [main] com.hmall.gateway.GatewayApplication     : No active profile set, falling back to 1 default profile: "default"
16:12:23:260  INFO 26280 --- [main] o.s.cloud.context.scope.GenericScope     : BeanFactory id=ab7eba3b-bca4-35ba-8e37-4bef2229baa0
16:12:23:300  INFO 26280 --- [main] trationDelegate$BeanPostProcessorChecker : Bean 'org.springframework.cloud.client.loadbalancer.reactive.LoadBalancerBeanPostProcessorAutoConfiguration' of type [org.springframework.cloud.client.loadbalancer.reactive.LoadBalancerBeanPostProcessorAutoConfiguration] is not eligible for getting processed by all BeanPostProcessors (for example: not eligible for auto-proxying)
16:12:23:301  INFO 26280 --- [main] trationDelegate$BeanPostProcessorChecker : Bean 'org.springframework.cloud.client.loadbalancer.reactive.LoadBalancerBeanPostProcessorAutoConfiguration$ReactorDeferringLoadBalancerFilterConfig' of type [org.springframework.cloud.client.loadbalancer.reactive.LoadBalancerBeanPostProcessorAutoConfiguration$ReactorDeferringLoadBalancerFilterConfig] is not eligible for getting processed by all BeanPostProcessors (for example: not eligible for auto-proxying)
16:12:23:302  INFO 26280 --- [main] trationDelegate$BeanPostProcessorChecker : Bean 'reactorDeferringLoadBalancerExchangeFilterFunction' of type [org.springframework.cloud.client.loadbalancer.reactive.DeferringLoadBalancerExchangeFilterFunction] is not eligible for getting processed by all BeanPostProcessors (for example: not eligible for auto-proxying)
16:12:23:781 DEBUG 26280 --- [main] c.h.gateway.route.DynamicRouteLoader     : 监听到路由配置变更：[
    {
        "id": "item",
        "predicates": [{
            "name": "Path",
            "args": {"_genkey_0":"/items/**", "_genkey_1":"/search/**"}
        }],
        "filters": [],
        "uri": "lb://item-service"
    },
    {
        "id": "cart",
        "predicates": [{
            "name": "Path",
            "args": {"_genkey_0":"/carts/**"}
        }],
        "filters": [],
        "uri": "lb://cart-service"
    },
    {
        "id": "user",
        "predicates": [{
            "name": "Path",
            "args": {"_genkey_0":"/users/**", "_genkey_1":"/addresses/**"}
        }],
        "filters": [],
        "uri": "lb://user-service"
    },
    {
        "id": "trade",
        "predicates": [{
            "name": "Path",
            "args": {"_genkey_0":"/orders/**"}
        }],
        "filters": [],
        "uri": "lb://trade-service"
    },
    {
        "id": "pay",
        "predicates": [{
            "name": "Path",
            "args": {"_genkey_0":"/pay-orders/**"}
        }],
        "filters": [],
        "uri": "lb://pay-service"
    }
]
16:12:25:853  INFO 26280 --- [main] o.s.cloud.commons.util.InetUtils         : Cannot determine local hostname
16:12:27:579  INFO 26280 --- [main] o.s.cloud.commons.util.InetUtils         : Cannot determine local hostname
16:12:27:825  INFO 26280 --- [main] o.s.c.g.r.RouteDefinitionRouteLocator    : Loaded RoutePredicateFactory [After]
16:12:27:825  INFO 26280 --- [main] o.s.c.g.r.RouteDefinitionRouteLocator    : Loaded RoutePredicateFactory [Before]
16:12:27:826  INFO 26280 --- [main] o.s.c.g.r.RouteDefinitionRouteLocator    : Loaded RoutePredicateFactory [Between]
16:12:27:826  INFO 26280 --- [main] o.s.c.g.r.RouteDefinitionRouteLocator    : Loaded RoutePredicateFactory [Cookie]
16:12:27:826  INFO 26280 --- [main] o.s.c.g.r.RouteDefinitionRouteLocator    : Loaded RoutePredicateFactory [Header]
16:12:27:826  INFO 26280 --- [main] o.s.c.g.r.RouteDefinitionRouteLocator    : Loaded RoutePredicateFactory [Host]
16:12:27:826  INFO 26280 --- [main] o.s.c.g.r.RouteDefinitionRouteLocator    : Loaded RoutePredicateFactory [Method]
16:12:27:826  INFO 26280 --- [main] o.s.c.g.r.RouteDefinitionRouteLocator    : Loaded RoutePredicateFactory [Path]
16:12:27:826  INFO 26280 --- [main] o.s.c.g.r.RouteDefinitionRouteLocator    : Loaded RoutePredicateFactory [Query]
16:12:27:826  INFO 26280 --- [main] o.s.c.g.r.RouteDefinitionRouteLocator    : Loaded RoutePredicateFactory [ReadBody]
16:12:27:826  INFO 26280 --- [main] o.s.c.g.r.RouteDefinitionRouteLocator    : Loaded RoutePredicateFactory [RemoteAddr]
16:12:27:826  INFO 26280 --- [main] o.s.c.g.r.RouteDefinitionRouteLocator    : Loaded RoutePredicateFactory [XForwardedRemoteAddr]
16:12:27:826  INFO 26280 --- [main] o.s.c.g.r.RouteDefinitionRouteLocator    : Loaded RoutePredicateFactory [Weight]
16:12:27:826  INFO 26280 --- [main] o.s.c.g.r.RouteDefinitionRouteLocator    : Loaded RoutePredicateFactory [CloudFoundryRouteService]
16:12:29:545  INFO 26280 --- [main] o.s.cloud.commons.util.InetUtils         : Cannot determine local hostname
16:12:29:724  INFO 26280 --- [main] com.alibaba.nacos.common.remote.client   : [RpcClientFactory] create a new rpc client of cfec5cd5-af96-44f7-b40e-b38d7eb2c860
16:12:29:724  INFO 26280 --- [main] com.alibaba.nacos.common.remote.client   : [cfec5cd5-af96-44f7-b40e-b38d7eb2c860] RpcClient init label, labels = {module=naming, source=sdk}
16:12:29:725  INFO 26280 --- [main] com.alibaba.nacos.common.remote.client   : [cfec5cd5-af96-44f7-b40e-b38d7eb2c860] RpcClient init, ServerListFactory = com.alibaba.nacos.client.naming.core.ServerListManager
16:12:29:725  INFO 26280 --- [main] com.alibaba.nacos.common.remote.client   : [cfec5cd5-af96-44f7-b40e-b38d7eb2c860] Registry connection listener to current client:com.alibaba.nacos.client.naming.remote.gprc.redo.NamingGrpcRedoService
16:12:29:725  INFO 26280 --- [main] com.alibaba.nacos.common.remote.client   : [cfec5cd5-af96-44f7-b40e-b38d7eb2c860] Register server push request handler:com.alibaba.nacos.client.naming.remote.gprc.NamingPushRequestHandler
16:12:29:725  INFO 26280 --- [main] com.alibaba.nacos.common.remote.client   : [cfec5cd5-af96-44f7-b40e-b38d7eb2c860] Try to connect to server on start up, server: {serverIp = 'localhost', server main port = 8848}
16:12:29:743 ERROR 26280 --- [nacos-grpc-client-executor-3] c.a.n.c.remote.client.grpc.GrpcClient    : [1729930349732_127.0.0.1_6872]Error to process server push response: {"headers":{},"abilityTable":{"supportPersistentInstanceByGrpc":true},"module":"internal"}
16:12:29:855  INFO 26280 --- [main] com.alibaba.nacos.common.remote.client   : [cfec5cd5-af96-44f7-b40e-b38d7eb2c860] Success to connect to server [localhost:8848] on start up, connectionId = 1729930349732_127.0.0.1_6872
16:12:29:855  INFO 26280 --- [main] com.alibaba.nacos.common.remote.client   : [cfec5cd5-af96-44f7-b40e-b38d7eb2c860] Register server push request handler:com.alibaba.nacos.common.remote.client.RpcClient$ConnectResetRequestHandler
16:12:29:855  INFO 26280 --- [com.alibaba.nacos.client.remote.worker] com.alibaba.nacos.common.remote.client   : [cfec5cd5-af96-44f7-b40e-b38d7eb2c860] Notify connected event to listeners.
16:12:29:855  INFO 26280 --- [main] com.alibaba.nacos.common.remote.client   : [cfec5cd5-af96-44f7-b40e-b38d7eb2c860] Register server push request handler:com.alibaba.nacos.common.remote.client.RpcClient$$Lambda$461/0x0000000800436440
16:12:30:433  INFO 26280 --- [nacos-grpc-client-executor-5] com.alibaba.nacos.common.remote.client   : [cfec5cd5-af96-44f7-b40e-b38d7eb2c860] Receive server push request, request = NotifySubscriberRequest, requestId = 42
16:12:30:434  INFO 26280 --- [nacos-grpc-client-executor-5] com.alibaba.nacos.common.remote.client   : [cfec5cd5-af96-44f7-b40e-b38d7eb2c860] Ack server push request, request = NotifySubscriberRequest, requestId = 42
16:12:30:771  INFO 26280 --- [main] o.s.b.web.embedded.netty.NettyWebServer  : Netty started on port 8080
16:12:32:475  INFO 26280 --- [main] o.s.cloud.commons.util.InetUtils         : Cannot determine local hostname
16:12:34:718  INFO 26280 --- [main] o.s.cloud.commons.util.InetUtils         : Cannot determine local hostname
16:12:34:726  INFO 26280 --- [main] c.a.c.n.registry.NacosServiceRegistry    : nacos registry, DEFAULT_GROUP gateway 192.168.26.1:8080 register finished
16:12:34:741  INFO 26280 --- [main] com.hmall.gateway.GatewayApplication     : Started GatewayApplication in 17.886 seconds (JVM running for 18.843)
16:12:34:743  INFO 26280 --- [main] c.a.c.n.refresh.NacosContextRefresher    : [Nacos Config] Listening config: dataId=gateway.yaml, group=DEFAULT_GROUP
16:12:34:744  INFO 26280 --- [main] c.a.c.n.refresh.NacosContextRefresher    : [Nacos Config] Listening config: dataId=gateway, group=DEFAULT_GROUP
16:12:35:315  INFO 26280 --- [nacos-grpc-client-executor-9] com.alibaba.nacos.common.remote.client   : [cfec5cd5-af96-44f7-b40e-b38d7eb2c860] Receive server push request, request = NotifySubscriberRequest, requestId = 43
16:12:35:317  INFO 26280 --- [nacos-grpc-client-executor-9] com.alibaba.nacos.common.remote.client   : [cfec5cd5-af96-44f7-b40e-b38d7eb2c860] Ack server push request, request = NotifySubscriberRequest, requestId = 43
16:13:04:480  INFO 26280 --- [nacos-grpc-client-executor-16] com.alibaba.nacos.common.remote.client   : [cfec5cd5-af96-44f7-b40e-b38d7eb2c860] Receive server push request, request = NotifySubscriberRequest, requestId = 53
16:13:04:480  INFO 26280 --- [nacos-grpc-client-executor-16] com.alibaba.nacos.common.remote.client   : [cfec5cd5-af96-44f7-b40e-b38d7eb2c860] Ack server push request, request = NotifySubscriberRequest, requestId = 53
16:13:04:803  INFO 26280 --- [nacos-grpc-client-executor-17] com.alibaba.nacos.common.remote.client   : [cfec5cd5-af96-44f7-b40e-b38d7eb2c860] Receive server push request, request = NotifySubscriberRequest, requestId = 54
16:13:04:804  INFO 26280 --- [nacos-grpc-client-executor-17] com.alibaba.nacos.common.remote.client   : [cfec5cd5-af96-44f7-b40e-b38d7eb2c860] Ack server push request, request = NotifySubscriberRequest, requestId = 54
16:13:06:104  INFO 26280 --- [nacos-grpc-client-executor-21] com.alibaba.nacos.common.remote.client   : [cfec5cd5-af96-44f7-b40e-b38d7eb2c860] Receive server push request, request = NotifySubscriberRequest, requestId = 55
16:13:06:105  INFO 26280 --- [nacos-grpc-client-executor-21] com.alibaba.nacos.common.remote.client   : [cfec5cd5-af96-44f7-b40e-b38d7eb2c860] Ack server push request, request = NotifySubscriberRequest, requestId = 55
16:18:05:455  INFO 26280 --- [nacos-grpc-client-executor-90] com.alibaba.nacos.common.remote.client   : [cfec5cd5-af96-44f7-b40e-b38d7eb2c860] Receive server push request, request = NotifySubscriberRequest, requestId = 57
16:18:05:455  INFO 26280 --- [nacos-grpc-client-executor-90] com.alibaba.nacos.common.remote.client   : [cfec5cd5-af96-44f7-b40e-b38d7eb2c860] Ack server push request, request = NotifySubscriberRequest, requestId = 57
16:18:07:633  INFO 26280 --- [nacos-grpc-client-executor-94] com.alibaba.nacos.common.remote.client   : [cfec5cd5-af96-44f7-b40e-b38d7eb2c860] Receive server push request, request = NotifySubscriberRequest, requestId = 58
16:18:07:634  INFO 26280 --- [nacos-grpc-client-executor-94] com.alibaba.nacos.common.remote.client   : [cfec5cd5-af96-44f7-b40e-b38d7eb2c860] Ack server push request, request = NotifySubscriberRequest, requestId = 58
16:31:19:136  WARN 26280 --- [Thread-5] c.a.nacos.common.notify.NotifyCenter     : [NotifyCenter] Start destroying Publisher
16:31:19:136  WARN 26280 --- [Thread-1] c.a.n.common.http.HttpClientBeanHolder   : [HttpClientBeanHolder] Start destroying common HttpClient
16:31:19:136  WARN 26280 --- [Thread-5] c.a.nacos.common.notify.NotifyCenter     : [NotifyCenter] Destruction of the end
16:31:19:136  WARN 26280 --- [Thread-1] c.a.n.common.http.HttpClientBeanHolder   : [HttpClientBeanHolder] Destruction of the end
16:31:19:144  INFO 26280 --- [SpringApplicationShutdownHook] c.a.c.n.registry.NacosServiceRegistry    : De-registering from Nacos Server now...
16:31:19:145  INFO 26280 --- [SpringApplicationShutdownHook] c.a.c.n.registry.NacosServiceRegistry    : De-registration finished.
16:31:19:469  INFO 26280 --- [SpringApplicationShutdownHook] com.alibaba.nacos.common.remote.client   : Shutdown rpc client, set status to shutdown
16:31:19:469  INFO 26280 --- [SpringApplicationShutdownHook] com.alibaba.nacos.common.remote.client   : Shutdown client event executor java.util.concurrent.ScheduledThreadPoolExecutor@6f4b09bf[Running, pool size = 2, active threads = 2, queued tasks = 0, completed tasks = 0]
16:31:19:469  INFO 26280 --- [SpringApplicationShutdownHook] com.alibaba.nacos.common.remote.client   : Close current connection 1729930349732_127.0.0.1_6872
16:31:19:470  INFO 26280 --- [nacos-grpc-client-executor-295] c.a.n.c.remote.client.grpc.GrpcClient    : [1729930349732_127.0.0.1_6872]Ignore complete event,isRunning:false,isAbandon=false
16:31:19:470  INFO 26280 --- [SpringApplicationShutdownHook] c.a.n.c.remote.client.grpc.GrpcClient    : Shutdown grpc executor java.util.concurrent.ThreadPoolExecutor@7c12c479[Running, pool size = 4, active threads = 0, queued tasks = 0, completed tasks = 296]
16:31:37:381  INFO 23448 --- [main] com.hmall.gateway.GatewayApplication     : No active profile set, falling back to 1 default profile: "default"
16:31:37:852  INFO 23448 --- [main] o.s.cloud.context.scope.GenericScope     : BeanFactory id=ab7eba3b-bca4-35ba-8e37-4bef2229baa0
16:31:37:914  INFO 23448 --- [main] trationDelegate$BeanPostProcessorChecker : Bean 'org.springframework.cloud.client.loadbalancer.reactive.LoadBalancerBeanPostProcessorAutoConfiguration' of type [org.springframework.cloud.client.loadbalancer.reactive.LoadBalancerBeanPostProcessorAutoConfiguration] is not eligible for getting processed by all BeanPostProcessors (for example: not eligible for auto-proxying)
16:31:37:916  INFO 23448 --- [main] trationDelegate$BeanPostProcessorChecker : Bean 'org.springframework.cloud.client.loadbalancer.reactive.LoadBalancerBeanPostProcessorAutoConfiguration$ReactorDeferringLoadBalancerFilterConfig' of type [org.springframework.cloud.client.loadbalancer.reactive.LoadBalancerBeanPostProcessorAutoConfiguration$ReactorDeferringLoadBalancerFilterConfig] is not eligible for getting processed by all BeanPostProcessors (for example: not eligible for auto-proxying)
16:31:37:919  INFO 23448 --- [main] trationDelegate$BeanPostProcessorChecker : Bean 'reactorDeferringLoadBalancerExchangeFilterFunction' of type [org.springframework.cloud.client.loadbalancer.reactive.DeferringLoadBalancerExchangeFilterFunction] is not eligible for getting processed by all BeanPostProcessors (for example: not eligible for auto-proxying)
16:31:38:550 DEBUG 23448 --- [main] c.h.gateway.route.DynamicRouteLoader     : 监听到路由配置变更：[
    {
        "id": "item",
        "predicates": [{
            "name": "Path",
            "args": {"_genkey_0":"/items/**", "_genkey_1":"/search/**"}
        }],
        "filters": [],
        "uri": "lb://item-service"
    },
    {
        "id": "cart",
        "predicates": [{
            "name": "Path",
            "args": {"_genkey_0":"/carts/**"}
        }],
        "filters": [],
        "uri": "lb://cart-service"
    },
    {
        "id": "user",
        "predicates": [{
            "name": "Path",
            "args": {"_genkey_0":"/users/**", "_genkey_1":"/addresses/**"}
        }],
        "filters": [],
        "uri": "lb://user-service"
    },
    {
        "id": "trade",
        "predicates": [{
            "name": "Path",
            "args": {"_genkey_0":"/orders/**"}
        }],
        "filters": [],
        "uri": "lb://trade-service"
    },
    {
        "id": "pay",
        "predicates": [{
            "name": "Path",
            "args": {"_genkey_0":"/pay-orders/**"}
        }],
        "filters": [],
        "uri": "lb://pay-service"
    }
]
16:31:40:411  INFO 23448 --- [main] o.s.cloud.commons.util.InetUtils         : Cannot determine local hostname
16:31:42:026  INFO 23448 --- [main] o.s.cloud.commons.util.InetUtils         : Cannot determine local hostname
16:31:42:326  INFO 23448 --- [main] o.s.c.g.r.RouteDefinitionRouteLocator    : Loaded RoutePredicateFactory [After]
16:31:42:326  INFO 23448 --- [main] o.s.c.g.r.RouteDefinitionRouteLocator    : Loaded RoutePredicateFactory [Before]
16:31:42:326  INFO 23448 --- [main] o.s.c.g.r.RouteDefinitionRouteLocator    : Loaded RoutePredicateFactory [Between]
16:31:42:326  INFO 23448 --- [main] o.s.c.g.r.RouteDefinitionRouteLocator    : Loaded RoutePredicateFactory [Cookie]
16:31:42:326  INFO 23448 --- [main] o.s.c.g.r.RouteDefinitionRouteLocator    : Loaded RoutePredicateFactory [Header]
16:31:42:327  INFO 23448 --- [main] o.s.c.g.r.RouteDefinitionRouteLocator    : Loaded RoutePredicateFactory [Host]
16:31:42:327  INFO 23448 --- [main] o.s.c.g.r.RouteDefinitionRouteLocator    : Loaded RoutePredicateFactory [Method]
16:31:42:327  INFO 23448 --- [main] o.s.c.g.r.RouteDefinitionRouteLocator    : Loaded RoutePredicateFactory [Path]
16:31:42:327  INFO 23448 --- [main] o.s.c.g.r.RouteDefinitionRouteLocator    : Loaded RoutePredicateFactory [Query]
16:31:42:327  INFO 23448 --- [main] o.s.c.g.r.RouteDefinitionRouteLocator    : Loaded RoutePredicateFactory [ReadBody]
16:31:42:327  INFO 23448 --- [main] o.s.c.g.r.RouteDefinitionRouteLocator    : Loaded RoutePredicateFactory [RemoteAddr]
16:31:42:327  INFO 23448 --- [main] o.s.c.g.r.RouteDefinitionRouteLocator    : Loaded RoutePredicateFactory [XForwardedRemoteAddr]
16:31:42:327  INFO 23448 --- [main] o.s.c.g.r.RouteDefinitionRouteLocator    : Loaded RoutePredicateFactory [Weight]
16:31:42:327  INFO 23448 --- [main] o.s.c.g.r.RouteDefinitionRouteLocator    : Loaded RoutePredicateFactory [CloudFoundryRouteService]
16:31:44:127  INFO 23448 --- [main] o.s.cloud.commons.util.InetUtils         : Cannot determine local hostname
16:31:44:294  INFO 23448 --- [main] com.alibaba.nacos.common.remote.client   : [RpcClientFactory] create a new rpc client of 63b3a49f-b54b-479c-a042-52d1a57d5a4e
16:31:44:294  INFO 23448 --- [main] com.alibaba.nacos.common.remote.client   : [63b3a49f-b54b-479c-a042-52d1a57d5a4e] RpcClient init label, labels = {module=naming, source=sdk}
16:31:44:296  INFO 23448 --- [main] com.alibaba.nacos.common.remote.client   : [63b3a49f-b54b-479c-a042-52d1a57d5a4e] RpcClient init, ServerListFactory = com.alibaba.nacos.client.naming.core.ServerListManager
16:31:44:297  INFO 23448 --- [main] com.alibaba.nacos.common.remote.client   : [63b3a49f-b54b-479c-a042-52d1a57d5a4e] Registry connection listener to current client:com.alibaba.nacos.client.naming.remote.gprc.redo.NamingGrpcRedoService
16:31:44:297  INFO 23448 --- [main] com.alibaba.nacos.common.remote.client   : [63b3a49f-b54b-479c-a042-52d1a57d5a4e] Register server push request handler:com.alibaba.nacos.client.naming.remote.gprc.NamingPushRequestHandler
16:31:44:297  INFO 23448 --- [main] com.alibaba.nacos.common.remote.client   : [63b3a49f-b54b-479c-a042-52d1a57d5a4e] Try to connect to server on start up, server: {serverIp = 'localhost', server main port = 8848}
16:31:44:311 ERROR 23448 --- [nacos-grpc-client-executor-3] c.a.n.c.remote.client.grpc.GrpcClient    : [1729931504302_127.0.0.1_9454]Error to process server push response: {"headers":{},"abilityTable":{"supportPersistentInstanceByGrpc":true},"module":"internal"}
16:31:44:422  INFO 23448 --- [main] com.alibaba.nacos.common.remote.client   : [63b3a49f-b54b-479c-a042-52d1a57d5a4e] Success to connect to server [localhost:8848] on start up, connectionId = 1729931504302_127.0.0.1_9454
16:31:44:422  INFO 23448 --- [com.alibaba.nacos.client.remote.worker] com.alibaba.nacos.common.remote.client   : [63b3a49f-b54b-479c-a042-52d1a57d5a4e] Notify connected event to listeners.
16:31:44:422  INFO 23448 --- [main] com.alibaba.nacos.common.remote.client   : [63b3a49f-b54b-479c-a042-52d1a57d5a4e] Register server push request handler:com.alibaba.nacos.common.remote.client.RpcClient$ConnectResetRequestHandler
16:31:44:422  INFO 23448 --- [main] com.alibaba.nacos.common.remote.client   : [63b3a49f-b54b-479c-a042-52d1a57d5a4e] Register server push request handler:com.alibaba.nacos.common.remote.client.RpcClient$$Lambda$461/0x0000000800436440
16:31:44:944  INFO 23448 --- [nacos-grpc-client-executor-5] com.alibaba.nacos.common.remote.client   : [63b3a49f-b54b-479c-a042-52d1a57d5a4e] Receive server push request, request = NotifySubscriberRequest, requestId = 65
16:31:44:944  INFO 23448 --- [nacos-grpc-client-executor-5] com.alibaba.nacos.common.remote.client   : [63b3a49f-b54b-479c-a042-52d1a57d5a4e] Ack server push request, request = NotifySubscriberRequest, requestId = 65
16:31:45:025  INFO 23448 --- [main] o.s.b.web.embedded.netty.NettyWebServer  : Netty started on port 8080
16:31:46:648  INFO 23448 --- [main] o.s.cloud.commons.util.InetUtils         : Cannot determine local hostname
16:31:48:704  INFO 23448 --- [main] o.s.cloud.commons.util.InetUtils         : Cannot determine local hostname
16:31:48:712  INFO 23448 --- [main] c.a.c.n.registry.NacosServiceRegistry    : nacos registry, DEFAULT_GROUP gateway 192.168.26.1:8080 register finished
16:31:48:732  INFO 23448 --- [main] com.hmall.gateway.GatewayApplication     : Started GatewayApplication in 17.114 seconds (JVM running for 17.92)
16:31:48:734  INFO 23448 --- [main] c.a.c.n.refresh.NacosContextRefresher    : [Nacos Config] Listening config: dataId=gateway.yaml, group=DEFAULT_GROUP
16:31:48:739  INFO 23448 --- [main] c.a.c.n.refresh.NacosContextRefresher    : [Nacos Config] Listening config: dataId=gateway, group=DEFAULT_GROUP
16:31:49:282  INFO 23448 --- [nacos-grpc-client-executor-9] com.alibaba.nacos.common.remote.client   : [63b3a49f-b54b-479c-a042-52d1a57d5a4e] Receive server push request, request = NotifySubscriberRequest, requestId = 66
16:31:49:285  INFO 23448 --- [nacos-grpc-client-executor-9] com.alibaba.nacos.common.remote.client   : [63b3a49f-b54b-479c-a042-52d1a57d5a4e] Ack server push request, request = NotifySubscriberRequest, requestId = 66
16:55:40:097  WARN 23448 --- [Thread-1] c.a.n.common.http.HttpClientBeanHolder   : [HttpClientBeanHolder] Start destroying common HttpClient
16:55:40:097  WARN 23448 --- [Thread-5] c.a.nacos.common.notify.NotifyCenter     : [NotifyCenter] Start destroying Publisher
16:55:40:097  WARN 23448 --- [Thread-5] c.a.nacos.common.notify.NotifyCenter     : [NotifyCenter] Destruction of the end
16:55:40:097  WARN 23448 --- [Thread-1] c.a.n.common.http.HttpClientBeanHolder   : [HttpClientBeanHolder] Destruction of the end
16:55:40:106  INFO 23448 --- [SpringApplicationShutdownHook] c.a.c.n.registry.NacosServiceRegistry    : De-registering from Nacos Server now...
16:55:40:107  INFO 23448 --- [SpringApplicationShutdownHook] c.a.c.n.registry.NacosServiceRegistry    : De-registration finished.
16:55:40:434  INFO 23448 --- [SpringApplicationShutdownHook] com.alibaba.nacos.common.remote.client   : Shutdown rpc client, set status to shutdown
16:55:40:435  INFO 23448 --- [SpringApplicationShutdownHook] com.alibaba.nacos.common.remote.client   : Shutdown client event executor java.util.concurrent.ScheduledThreadPoolExecutor@37e25aa6[Running, pool size = 2, active threads = 2, queued tasks = 0, completed tasks = 0]
16:55:40:435  INFO 23448 --- [SpringApplicationShutdownHook] com.alibaba.nacos.common.remote.client   : Close current connection 1729931504302_127.0.0.1_9454
16:55:40:435  INFO 23448 --- [nacos-grpc-client-executor-301] c.a.n.c.remote.client.grpc.GrpcClient    : [1729931504302_127.0.0.1_9454]Ignore complete event,isRunning:false,isAbandon=false
16:55:40:437  INFO 23448 --- [SpringApplicationShutdownHook] c.a.n.c.remote.client.grpc.GrpcClient    : Shutdown grpc executor java.util.concurrent.ThreadPoolExecutor@7102251e[Running, pool size = 5, active threads = 0, queued tasks = 0, completed tasks = 302]
16:57:52:002  INFO 27572 --- [main] com.hmall.gateway.GatewayApplication     : No active profile set, falling back to 1 default profile: "default"
16:57:52:429  INFO 27572 --- [main] o.s.cloud.context.scope.GenericScope     : BeanFactory id=ab7eba3b-bca4-35ba-8e37-4bef2229baa0
16:57:52:479  INFO 27572 --- [main] trationDelegate$BeanPostProcessorChecker : Bean 'org.springframework.cloud.client.loadbalancer.reactive.LoadBalancerBeanPostProcessorAutoConfiguration' of type [org.springframework.cloud.client.loadbalancer.reactive.LoadBalancerBeanPostProcessorAutoConfiguration] is not eligible for getting processed by all BeanPostProcessors (for example: not eligible for auto-proxying)
16:57:52:480  INFO 27572 --- [main] trationDelegate$BeanPostProcessorChecker : Bean 'org.springframework.cloud.client.loadbalancer.reactive.LoadBalancerBeanPostProcessorAutoConfiguration$ReactorDeferringLoadBalancerFilterConfig' of type [org.springframework.cloud.client.loadbalancer.reactive.LoadBalancerBeanPostProcessorAutoConfiguration$ReactorDeferringLoadBalancerFilterConfig] is not eligible for getting processed by all BeanPostProcessors (for example: not eligible for auto-proxying)
16:57:52:481  INFO 27572 --- [main] trationDelegate$BeanPostProcessorChecker : Bean 'reactorDeferringLoadBalancerExchangeFilterFunction' of type [org.springframework.cloud.client.loadbalancer.reactive.DeferringLoadBalancerExchangeFilterFunction] is not eligible for getting processed by all BeanPostProcessors (for example: not eligible for auto-proxying)
16:57:53:016 DEBUG 27572 --- [main] c.h.gateway.route.DynamicRouteLoader     : 监听到路由配置变更：[
    {
        "id": "item",
        "predicates": [{
            "name": "Path",
            "args": {"_genkey_0":"/items/**", "_genkey_1":"/search/**"}
        }],
        "filters": [],
        "uri": "lb://item-service"
    },
    {
        "id": "cart",
        "predicates": [{
            "name": "Path",
            "args": {"_genkey_0":"/carts/**"}
        }],
        "filters": [],
        "uri": "lb://cart-service"
    },
    {
        "id": "user",
        "predicates": [{
            "name": "Path",
            "args": {"_genkey_0":"/users/**", "_genkey_1":"/addresses/**"}
        }],
        "filters": [],
        "uri": "lb://user-service"
    },
    {
        "id": "trade",
        "predicates": [{
            "name": "Path",
            "args": {"_genkey_0":"/orders/**"}
        }],
        "filters": [],
        "uri": "lb://trade-service"
    },
    {
        "id": "pay",
        "predicates": [{
            "name": "Path",
            "args": {"_genkey_0":"/pay-orders/**"}
        }],
        "filters": [],
        "uri": "lb://pay-service"
    }
]
16:57:54:961  INFO 27572 --- [main] o.s.cloud.commons.util.InetUtils         : Cannot determine local hostname
16:57:56:611  INFO 27572 --- [main] o.s.cloud.commons.util.InetUtils         : Cannot determine local hostname
16:57:56:874  INFO 27572 --- [main] o.s.c.g.r.RouteDefinitionRouteLocator    : Loaded RoutePredicateFactory [After]
16:57:56:874  INFO 27572 --- [main] o.s.c.g.r.RouteDefinitionRouteLocator    : Loaded RoutePredicateFactory [Before]
16:57:56:874  INFO 27572 --- [main] o.s.c.g.r.RouteDefinitionRouteLocator    : Loaded RoutePredicateFactory [Between]
16:57:56:874  INFO 27572 --- [main] o.s.c.g.r.RouteDefinitionRouteLocator    : Loaded RoutePredicateFactory [Cookie]
16:57:56:874  INFO 27572 --- [main] o.s.c.g.r.RouteDefinitionRouteLocator    : Loaded RoutePredicateFactory [Header]
16:57:56:874  INFO 27572 --- [main] o.s.c.g.r.RouteDefinitionRouteLocator    : Loaded RoutePredicateFactory [Host]
16:57:56:874  INFO 27572 --- [main] o.s.c.g.r.RouteDefinitionRouteLocator    : Loaded RoutePredicateFactory [Method]
16:57:56:874  INFO 27572 --- [main] o.s.c.g.r.RouteDefinitionRouteLocator    : Loaded RoutePredicateFactory [Path]
16:57:56:874  INFO 27572 --- [main] o.s.c.g.r.RouteDefinitionRouteLocator    : Loaded RoutePredicateFactory [Query]
16:57:56:874  INFO 27572 --- [main] o.s.c.g.r.RouteDefinitionRouteLocator    : Loaded RoutePredicateFactory [ReadBody]
16:57:56:874  INFO 27572 --- [main] o.s.c.g.r.RouteDefinitionRouteLocator    : Loaded RoutePredicateFactory [RemoteAddr]
16:57:56:874  INFO 27572 --- [main] o.s.c.g.r.RouteDefinitionRouteLocator    : Loaded RoutePredicateFactory [XForwardedRemoteAddr]
16:57:56:874  INFO 27572 --- [main] o.s.c.g.r.RouteDefinitionRouteLocator    : Loaded RoutePredicateFactory [Weight]
16:57:56:874  INFO 27572 --- [main] o.s.c.g.r.RouteDefinitionRouteLocator    : Loaded RoutePredicateFactory [CloudFoundryRouteService]
16:57:58:726  INFO 27572 --- [main] o.s.cloud.commons.util.InetUtils         : Cannot determine local hostname
16:57:58:930  INFO 27572 --- [main] com.alibaba.nacos.common.remote.client   : [RpcClientFactory] create a new rpc client of 7611e56e-701d-4ae3-96cc-89500cd759e6
16:57:58:931  INFO 27572 --- [main] com.alibaba.nacos.common.remote.client   : [7611e56e-701d-4ae3-96cc-89500cd759e6] RpcClient init label, labels = {module=naming, source=sdk}
16:57:58:932  INFO 27572 --- [main] com.alibaba.nacos.common.remote.client   : [7611e56e-701d-4ae3-96cc-89500cd759e6] RpcClient init, ServerListFactory = com.alibaba.nacos.client.naming.core.ServerListManager
16:57:58:932  INFO 27572 --- [main] com.alibaba.nacos.common.remote.client   : [7611e56e-701d-4ae3-96cc-89500cd759e6] Registry connection listener to current client:com.alibaba.nacos.client.naming.remote.gprc.redo.NamingGrpcRedoService
16:57:58:932  INFO 27572 --- [main] com.alibaba.nacos.common.remote.client   : [7611e56e-701d-4ae3-96cc-89500cd759e6] Register server push request handler:com.alibaba.nacos.client.naming.remote.gprc.NamingPushRequestHandler
16:57:58:933  INFO 27572 --- [main] com.alibaba.nacos.common.remote.client   : [7611e56e-701d-4ae3-96cc-89500cd759e6] Try to connect to server on start up, server: {serverIp = 'localhost', server main port = 8848}
16:57:58:950 ERROR 27572 --- [nacos-grpc-client-executor-4] c.a.n.c.remote.client.grpc.GrpcClient    : [1729933078941_127.0.0.1_12433]Error to process server push response: {"headers":{},"abilityTable":{"supportPersistentInstanceByGrpc":true},"module":"internal"}
16:57:59:050  INFO 27572 --- [main] com.alibaba.nacos.common.remote.client   : [7611e56e-701d-4ae3-96cc-89500cd759e6] Success to connect to server [localhost:8848] on start up, connectionId = 1729933078941_127.0.0.1_12433
16:57:59:050  INFO 27572 --- [main] com.alibaba.nacos.common.remote.client   : [7611e56e-701d-4ae3-96cc-89500cd759e6] Register server push request handler:com.alibaba.nacos.common.remote.client.RpcClient$ConnectResetRequestHandler
16:57:59:050  INFO 27572 --- [com.alibaba.nacos.client.remote.worker] com.alibaba.nacos.common.remote.client   : [7611e56e-701d-4ae3-96cc-89500cd759e6] Notify connected event to listeners.
16:57:59:050  INFO 27572 --- [main] com.alibaba.nacos.common.remote.client   : [7611e56e-701d-4ae3-96cc-89500cd759e6] Register server push request handler:com.alibaba.nacos.common.remote.client.RpcClient$$Lambda$461/0x000000080043e440
16:57:59:651  INFO 27572 --- [nacos-grpc-client-executor-6] com.alibaba.nacos.common.remote.client   : [7611e56e-701d-4ae3-96cc-89500cd759e6] Receive server push request, request = NotifySubscriberRequest, requestId = 78
16:57:59:652  INFO 27572 --- [nacos-grpc-client-executor-6] com.alibaba.nacos.common.remote.client   : [7611e56e-701d-4ae3-96cc-89500cd759e6] Ack server push request, request = NotifySubscriberRequest, requestId = 78
16:57:59:740  INFO 27572 --- [main] o.s.b.web.embedded.netty.NettyWebServer  : Netty started on port 8080
16:58:01:591  INFO 27572 --- [main] o.s.cloud.commons.util.InetUtils         : Cannot determine local hostname
16:58:03:667  INFO 27572 --- [main] o.s.cloud.commons.util.InetUtils         : Cannot determine local hostname
16:58:03:673  INFO 27572 --- [main] c.a.c.n.registry.NacosServiceRegistry    : nacos registry, DEFAULT_GROUP gateway 192.168.26.1:8080 register finished
16:58:03:690  INFO 27572 --- [main] com.hmall.gateway.GatewayApplication     : Started GatewayApplication in 17.445 seconds (JVM running for 18.348)
16:58:03:692  INFO 27572 --- [main] c.a.c.n.refresh.NacosContextRefresher    : [Nacos Config] Listening config: dataId=gateway.yaml, group=DEFAULT_GROUP
16:58:03:693  INFO 27572 --- [main] c.a.c.n.refresh.NacosContextRefresher    : [Nacos Config] Listening config: dataId=gateway, group=DEFAULT_GROUP
16:58:04:227  INFO 27572 --- [nacos-grpc-client-executor-10] com.alibaba.nacos.common.remote.client   : [7611e56e-701d-4ae3-96cc-89500cd759e6] Receive server push request, request = NotifySubscriberRequest, requestId = 79
16:58:04:231  INFO 27572 --- [nacos-grpc-client-executor-10] com.alibaba.nacos.common.remote.client   : [7611e56e-701d-4ae3-96cc-89500cd759e6] Ack server push request, request = NotifySubscriberRequest, requestId = 79
