07:49:31:348  INFO 46656 --- [main] com.hmall.item.ItemApplication           : Starting ItemApplication using Java 11.0.15.1 on LAPTOP-HD9ADU9H with PID 46656 (D:\back_end\JAVA\code\hmall\item-service\target\classes started by dogofayaka in D:\back_end\JAVA\code\hmall)
07:49:31:354 DEBUG 46656 --- [main] com.hmall.item.ItemApplication           : Running with Spring Boot v2.7.12, Spring v5.3.27
07:49:31:356  INFO 46656 --- [main] com.hmall.item.ItemApplication           : The following 1 profile is active: "dev"
07:49:32:206  INFO 46656 --- [main] o.s.b.w.embedded.tomcat.TomcatWebServer  : Tomcat initialized with port(s): 8081 (http)
07:49:32:215  INFO 46656 --- [main] o.apache.catalina.core.StandardService   : Starting service [Tomcat]
07:49:32:215  INFO 46656 --- [main] org.apache.catalina.core.StandardEngine  : Starting Servlet engine: [Apache Tomcat/9.0.75]
07:49:32:276  INFO 46656 --- [main] o.a.c.c.C.[Tomcat].[localhost].[/]       : Initializing Spring embedded WebApplicationContext
07:49:32:276  INFO 46656 --- [main] w.s.c.ServletWebServerApplicationContext : Root WebApplicationContext: initialization completed in 893 ms
07:49:33:560  INFO 46656 --- [main] pertySourcedRequestMappingHandlerMapping : Mapped URL path [/v2/api-docs] onto method [springfox.documentation.swagger2.web.Swagger2ControllerWebMvc#getDocumentation(String, HttpServletRequest)]
07:49:33:623  INFO 46656 --- [main] o.s.b.w.embedded.tomcat.TomcatWebServer  : Tomcat started on port(s): 8081 (http) with context path ''
07:49:33:623  INFO 46656 --- [main] d.s.w.p.DocumentationPluginsBootstrapper : Documentation plugins bootstrapped
07:49:33:625  INFO 46656 --- [main] d.s.w.p.DocumentationPluginsBootstrapper : Found 1 custom documentation plugin(s)
07:49:33:645  INFO 46656 --- [main] s.d.s.w.s.ApiListingReferenceScanner     : Scanning for api listing references
07:49:33:734  INFO 46656 --- [main] com.hmall.item.ItemApplication           : Started ItemApplication in 2.66 seconds (JVM running for 3.429)
07:49:42:781  INFO 46656 --- [http-nio-8081-exec-1] o.a.c.c.C.[Tomcat].[localhost].[/]       : Initializing Spring DispatcherServlet 'dispatcherServlet'
07:49:42:781  INFO 46656 --- [http-nio-8081-exec-1] o.s.web.servlet.DispatcherServlet        : Initializing Servlet 'dispatcherServlet'
07:49:42:785  INFO 46656 --- [http-nio-8081-exec-1] o.s.web.servlet.DispatcherServlet        : Completed initialization in 4 ms
08:41:16:971  INFO 9740 --- [main] com.hmall.item.ItemApplication           : Starting ItemApplication using Java 11.0.15.1 on LAPTOP-HD9ADU9H with PID 9740 (D:\back_end\JAVA\code\hmall\item-service\target\classes started by dogofayaka in D:\back_end\JAVA\code\hmall)
08:41:16:971 DEBUG 9740 --- [main] com.hmall.item.ItemApplication           : Running with Spring Boot v2.7.12, Spring v5.3.27
08:41:16:971  INFO 9740 --- [main] com.hmall.item.ItemApplication           : The following 1 profile is active: "dev"
08:41:17:551  INFO 9740 --- [main] o.s.cloud.context.scope.GenericScope     : BeanFactory id=5e9bee20-566e-3312-9013-b264af276fc5
08:41:17:760  INFO 9740 --- [main] o.s.b.w.embedded.tomcat.TomcatWebServer  : Tomcat initialized with port(s): 8081 (http)
08:41:17:760  INFO 9740 --- [main] o.apache.catalina.core.StandardService   : Starting service [Tomcat]
08:41:17:760  INFO 9740 --- [main] org.apache.catalina.core.StandardEngine  : Starting Servlet engine: [Apache Tomcat/9.0.75]
08:41:17:843  INFO 9740 --- [main] o.a.c.c.C.[Tomcat].[localhost].[/]       : Initializing Spring embedded WebApplicationContext
08:41:17:843  INFO 9740 --- [main] w.s.c.ServletWebServerApplicationContext : Root WebApplicationContext: initialization completed in 844 ms
08:41:20:765  INFO 9740 --- [main] o.s.cloud.commons.util.InetUtils         : Cannot determine local hostname
08:41:20:795  INFO 9740 --- [main] pertySourcedRequestMappingHandlerMapping : Mapped URL path [/v2/api-docs] onto method [springfox.documentation.swagger2.web.Swagger2ControllerWebMvc#getDocumentation(String, HttpServletRequest)]
08:41:22:266  INFO 9740 --- [main] o.s.cloud.commons.util.InetUtils         : Cannot determine local hostname
08:41:22:382  INFO 9740 --- [main] com.alibaba.nacos.common.remote.client   : [RpcClientFactory] create a new rpc client of fc306c00-9211-46d2-8971-293a2f430323
08:41:22:409  INFO 9740 --- [main] org.reflections.Reflections              : Reflections took 14 ms to scan 1 urls, producing 3 keys and 6 values 
08:41:22:425  INFO 9740 --- [main] org.reflections.Reflections              : Reflections took 0 ms to scan 1 urls, producing 4 keys and 9 values 
08:41:22:440  INFO 9740 --- [main] org.reflections.Reflections              : Reflections took 15 ms to scan 1 urls, producing 3 keys and 10 values 
08:41:22:440  WARN 9740 --- [main] org.reflections.Reflections              : given scan urls are empty. set urls in the configuration
08:41:22:440  INFO 9740 --- [main] org.reflections.Reflections              : Reflections took 0 ms to scan 1 urls, producing 1 keys and 5 values 
08:41:22:456  INFO 9740 --- [main] org.reflections.Reflections              : Reflections took 16 ms to scan 1 urls, producing 1 keys and 7 values 
08:41:22:456  INFO 9740 --- [main] org.reflections.Reflections              : Reflections took 0 ms to scan 1 urls, producing 2 keys and 8 values 
08:41:22:456  WARN 9740 --- [main] org.reflections.Reflections              : given scan urls are empty. set urls in the configuration
08:41:22:456  INFO 9740 --- [main] com.alibaba.nacos.common.remote.client   : [fc306c00-9211-46d2-8971-293a2f430323] RpcClient init label, labels = {module=naming, source=sdk}
08:41:22:456  INFO 9740 --- [main] com.alibaba.nacos.common.remote.client   : [fc306c00-9211-46d2-8971-293a2f430323] RpcClient init, ServerListFactory = com.alibaba.nacos.client.naming.core.ServerListManager
08:41:22:456  INFO 9740 --- [main] com.alibaba.nacos.common.remote.client   : [fc306c00-9211-46d2-8971-293a2f430323] Registry connection listener to current client:com.alibaba.nacos.client.naming.remote.gprc.redo.NamingGrpcRedoService
08:41:22:456  INFO 9740 --- [main] com.alibaba.nacos.common.remote.client   : [fc306c00-9211-46d2-8971-293a2f430323] Register server push request handler:com.alibaba.nacos.client.naming.remote.gprc.NamingPushRequestHandler
08:41:22:456  INFO 9740 --- [main] com.alibaba.nacos.common.remote.client   : [fc306c00-9211-46d2-8971-293a2f430323] Try to connect to server on start up, server: {serverIp = '127.0.0.1', server main port = 8848}
08:41:24:050  INFO 9740 --- [main] com.alibaba.nacos.common.remote.client   : [fc306c00-9211-46d2-8971-293a2f430323] Success to connect to server [127.0.0.1:8848] on start up, connectionId = 1729557683846_127.0.0.1_8249
08:41:24:050  INFO 9740 --- [main] com.alibaba.nacos.common.remote.client   : [fc306c00-9211-46d2-8971-293a2f430323] Register server push request handler:com.alibaba.nacos.common.remote.client.RpcClient$ConnectResetRequestHandler
08:41:24:050  INFO 9740 --- [com.alibaba.nacos.client.remote.worker] com.alibaba.nacos.common.remote.client   : [fc306c00-9211-46d2-8971-293a2f430323] Notify connected event to listeners.
08:41:24:050  INFO 9740 --- [main] com.alibaba.nacos.common.remote.client   : [fc306c00-9211-46d2-8971-293a2f430323] Register server push request handler:com.alibaba.nacos.common.remote.client.RpcClient$$Lambda$903/0x000000080067a040
08:41:24:099  INFO 9740 --- [main] o.s.b.w.embedded.tomcat.TomcatWebServer  : Tomcat started on port(s): 8081 (http) with context path ''
08:41:24:115  INFO 9740 --- [main] c.a.c.n.registry.NacosServiceRegistry    : nacos registry, DEFAULT_GROUP item-service 192.168.26.1:8081 register finished
08:41:24:225 ERROR 9740 --- [nacos-grpc-client-executor-10] c.a.n.c.remote.client.grpc.GrpcClient    : [1729557683846_127.0.0.1_8249]Error to process server push response: {"headers":{},"abilityTable":{"supportPersistentInstanceByGrpc":true},"module":"internal"}
08:41:24:655  INFO 9740 --- [nacos-grpc-client-executor-11] com.alibaba.nacos.common.remote.client   : [fc306c00-9211-46d2-8971-293a2f430323] Receive server push request, request = NotifySubscriberRequest, requestId = 1
08:41:24:655  INFO 9740 --- [nacos-grpc-client-executor-11] com.alibaba.nacos.common.remote.client   : [fc306c00-9211-46d2-8971-293a2f430323] Ack server push request, request = NotifySubscriberRequest, requestId = 1
08:41:25:556  INFO 9740 --- [main] o.s.cloud.commons.util.InetUtils         : Cannot determine local hostname
08:41:25:556  INFO 9740 --- [main] d.s.w.p.DocumentationPluginsBootstrapper : Documentation plugins bootstrapped
08:41:25:558  INFO 9740 --- [main] d.s.w.p.DocumentationPluginsBootstrapper : Found 1 custom documentation plugin(s)
08:41:25:572  INFO 9740 --- [main] s.d.s.w.s.ApiListingReferenceScanner     : Scanning for api listing references
08:41:25:640  INFO 9740 --- [main] com.hmall.item.ItemApplication           : Started ItemApplication in 10.448 seconds (JVM running for 11.212)
08:43:12:955  WARN 9740 --- [Thread-4] c.a.nacos.common.notify.NotifyCenter     : [NotifyCenter] Start destroying Publisher
08:43:12:955  WARN 9740 --- [Thread-7] c.a.n.common.http.HttpClientBeanHolder   : [HttpClientBeanHolder] Start destroying common HttpClient
08:43:12:955  WARN 9740 --- [Thread-4] c.a.nacos.common.notify.NotifyCenter     : [NotifyCenter] Destruction of the end
08:43:12:956  WARN 9740 --- [Thread-7] c.a.n.common.http.HttpClientBeanHolder   : [HttpClientBeanHolder] Destruction of the end
08:43:13:250  INFO 9740 --- [SpringApplicationShutdownHook] c.a.c.n.registry.NacosServiceRegistry    : De-registering from Nacos Server now...
08:43:13:253  INFO 9740 --- [SpringApplicationShutdownHook] c.a.c.n.registry.NacosServiceRegistry    : De-registration finished.
08:43:13:583  INFO 9740 --- [SpringApplicationShutdownHook] com.alibaba.nacos.common.remote.client   : Shutdown rpc client, set status to shutdown
08:43:13:584  INFO 9740 --- [SpringApplicationShutdownHook] com.alibaba.nacos.common.remote.client   : Shutdown client event executor java.util.concurrent.ScheduledThreadPoolExecutor@58b91c02[Running, pool size = 2, active threads = 2, queued tasks = 0, completed tasks = 0]
08:43:13:584  INFO 9740 --- [SpringApplicationShutdownHook] com.alibaba.nacos.common.remote.client   : Close current connection 1729557683846_127.0.0.1_8249
08:43:13:586  INFO 9740 --- [nacos-grpc-client-executor-51] c.a.n.c.remote.client.grpc.GrpcClient    : [1729557683846_127.0.0.1_8249]Ignore complete event,isRunning:false,isAbandon=false
08:43:13:598  INFO 9740 --- [SpringApplicationShutdownHook] c.a.n.c.remote.client.grpc.GrpcClient    : Shutdown grpc executor java.util.concurrent.ThreadPoolExecutor@3a733ff8[Running, pool size = 8, active threads = 0, queued tasks = 0, completed tasks = 52]
08:43:17:787  INFO 35016 --- [main] com.hmall.item.ItemApplication           : Starting ItemApplication using Java 11.0.15.1 on LAPTOP-HD9ADU9H with PID 35016 (D:\back_end\JAVA\code\hmall\item-service\target\classes started by dogofayaka in D:\back_end\JAVA\code\hmall)
08:43:17:803 DEBUG 35016 --- [main] com.hmall.item.ItemApplication           : Running with Spring Boot v2.7.12, Spring v5.3.27
08:43:17:803  INFO 35016 --- [main] com.hmall.item.ItemApplication           : The following 1 profile is active: "dev"
08:43:18:369  INFO 35016 --- [main] o.s.cloud.context.scope.GenericScope     : BeanFactory id=5e9bee20-566e-3312-9013-b264af276fc5
08:43:18:566  INFO 35016 --- [main] o.s.b.w.embedded.tomcat.TomcatWebServer  : Tomcat initialized with port(s): 8081 (http)
08:43:18:566  INFO 35016 --- [main] o.apache.catalina.core.StandardService   : Starting service [Tomcat]
08:43:18:566  INFO 35016 --- [main] org.apache.catalina.core.StandardEngine  : Starting Servlet engine: [Apache Tomcat/9.0.75]
08:43:18:636  INFO 35016 --- [main] o.a.c.c.C.[Tomcat].[localhost].[/]       : Initializing Spring embedded WebApplicationContext
08:43:18:636  INFO 35016 --- [main] w.s.c.ServletWebServerApplicationContext : Root WebApplicationContext: initialization completed in 817 ms
08:43:21:524  INFO 35016 --- [main] o.s.cloud.commons.util.InetUtils         : Cannot determine local hostname
08:43:21:540  INFO 35016 --- [main] pertySourcedRequestMappingHandlerMapping : Mapped URL path [/v2/api-docs] onto method [springfox.documentation.swagger2.web.Swagger2ControllerWebMvc#getDocumentation(String, HttpServletRequest)]
08:43:22:998  INFO 35016 --- [main] o.s.cloud.commons.util.InetUtils         : Cannot determine local hostname
08:43:23:077  INFO 35016 --- [main] com.alibaba.nacos.common.remote.client   : [RpcClientFactory] create a new rpc client of 63a0d425-7923-42f6-8a59-fd66974cd17a
08:43:23:091  INFO 35016 --- [main] org.reflections.Reflections              : Reflections took 9 ms to scan 1 urls, producing 3 keys and 6 values 
08:43:23:107  INFO 35016 --- [main] org.reflections.Reflections              : Reflections took 0 ms to scan 1 urls, producing 4 keys and 9 values 
08:43:23:119  INFO 35016 --- [main] org.reflections.Reflections              : Reflections took 12 ms to scan 1 urls, producing 3 keys and 10 values 
08:43:23:123  WARN 35016 --- [main] org.reflections.Reflections              : given scan urls are empty. set urls in the configuration
08:43:23:123  INFO 35016 --- [main] org.reflections.Reflections              : Reflections took 0 ms to scan 1 urls, producing 1 keys and 5 values 
08:43:23:123  INFO 35016 --- [main] org.reflections.Reflections              : Reflections took 0 ms to scan 1 urls, producing 1 keys and 7 values 
08:43:23:139  INFO 35016 --- [main] org.reflections.Reflections              : Reflections took 16 ms to scan 1 urls, producing 2 keys and 8 values 
08:43:23:139  WARN 35016 --- [main] org.reflections.Reflections              : given scan urls are empty. set urls in the configuration
08:43:23:139  INFO 35016 --- [main] com.alibaba.nacos.common.remote.client   : [63a0d425-7923-42f6-8a59-fd66974cd17a] RpcClient init label, labels = {module=naming, source=sdk}
08:43:23:139  INFO 35016 --- [main] com.alibaba.nacos.common.remote.client   : [63a0d425-7923-42f6-8a59-fd66974cd17a] RpcClient init, ServerListFactory = com.alibaba.nacos.client.naming.core.ServerListManager
08:43:23:139  INFO 35016 --- [main] com.alibaba.nacos.common.remote.client   : [63a0d425-7923-42f6-8a59-fd66974cd17a] Registry connection listener to current client:com.alibaba.nacos.client.naming.remote.gprc.redo.NamingGrpcRedoService
08:43:23:139  INFO 35016 --- [main] com.alibaba.nacos.common.remote.client   : [63a0d425-7923-42f6-8a59-fd66974cd17a] Register server push request handler:com.alibaba.nacos.client.naming.remote.gprc.NamingPushRequestHandler
08:43:23:139  INFO 35016 --- [main] com.alibaba.nacos.common.remote.client   : [63a0d425-7923-42f6-8a59-fd66974cd17a] Try to connect to server on start up, server: {serverIp = 'localhost', server main port = 8848}
08:43:24:418 ERROR 35016 --- [nacos-grpc-client-executor-4] c.a.n.c.remote.client.grpc.GrpcClient    : [1729557804371_127.0.0.1_8395]Error to process server push response: {"headers":{},"abilityTable":{"supportPersistentInstanceByGrpc":true},"module":"internal"}
08:43:24:528  INFO 35016 --- [main] com.alibaba.nacos.common.remote.client   : [63a0d425-7923-42f6-8a59-fd66974cd17a] Success to connect to server [localhost:8848] on start up, connectionId = 1729557804371_127.0.0.1_8395
08:43:24:528  INFO 35016 --- [com.alibaba.nacos.client.remote.worker] com.alibaba.nacos.common.remote.client   : [63a0d425-7923-42f6-8a59-fd66974cd17a] Notify connected event to listeners.
08:43:24:528  INFO 35016 --- [main] com.alibaba.nacos.common.remote.client   : [63a0d425-7923-42f6-8a59-fd66974cd17a] Register server push request handler:com.alibaba.nacos.common.remote.client.RpcClient$ConnectResetRequestHandler
08:43:24:528  INFO 35016 --- [main] com.alibaba.nacos.common.remote.client   : [63a0d425-7923-42f6-8a59-fd66974cd17a] Register server push request handler:com.alibaba.nacos.common.remote.client.RpcClient$$Lambda$903/0x000000080067a040
08:43:24:561  INFO 35016 --- [main] o.s.b.w.embedded.tomcat.TomcatWebServer  : Tomcat started on port(s): 8081 (http) with context path ''
08:43:24:567  INFO 35016 --- [main] c.a.c.n.registry.NacosServiceRegistry    : nacos registry, DEFAULT_GROUP item-service 192.168.26.1:8081 register finished
08:43:25:107  INFO 35016 --- [nacos-grpc-client-executor-8] com.alibaba.nacos.common.remote.client   : [63a0d425-7923-42f6-8a59-fd66974cd17a] Receive server push request, request = NotifySubscriberRequest, requestId = 2
08:43:25:108  INFO 35016 --- [nacos-grpc-client-executor-8] com.alibaba.nacos.common.remote.client   : [63a0d425-7923-42f6-8a59-fd66974cd17a] Ack server push request, request = NotifySubscriberRequest, requestId = 2
08:43:25:999  INFO 35016 --- [main] o.s.cloud.commons.util.InetUtils         : Cannot determine local hostname
08:43:25:999  INFO 35016 --- [main] d.s.w.p.DocumentationPluginsBootstrapper : Documentation plugins bootstrapped
08:43:26:001  INFO 35016 --- [main] d.s.w.p.DocumentationPluginsBootstrapper : Found 1 custom documentation plugin(s)
08:43:26:002  INFO 35016 --- [main] s.d.s.w.s.ApiListingReferenceScanner     : Scanning for api listing references
08:43:26:082  INFO 35016 --- [main] com.hmall.item.ItemApplication           : Started ItemApplication in 10.068 seconds (JVM running for 10.8)
08:45:26:634  INFO 32072 --- [main] com.hmall.item.ItemApplication           : Starting ItemApplication using Java 11.0.15.1 on LAPTOP-HD9ADU9H with PID 32072 (D:\back_end\JAVA\code\hmall\item-service\target\classes started by dogofayaka in D:\back_end\JAVA\code\hmall)
08:45:26:634 DEBUG 32072 --- [main] com.hmall.item.ItemApplication           : Running with Spring Boot v2.7.12, Spring v5.3.27
08:45:26:634  INFO 32072 --- [main] com.hmall.item.ItemApplication           : The following 1 profile is active: "dev"
08:45:27:265  INFO 32072 --- [main] o.s.cloud.context.scope.GenericScope     : BeanFactory id=5e9bee20-566e-3312-9013-b264af276fc5
08:45:27:503  INFO 32072 --- [main] o.s.b.w.embedded.tomcat.TomcatWebServer  : Tomcat initialized with port(s): 8083 (http)
08:45:27:519  INFO 32072 --- [main] o.apache.catalina.core.StandardService   : Starting service [Tomcat]
08:45:27:519  INFO 32072 --- [main] org.apache.catalina.core.StandardEngine  : Starting Servlet engine: [Apache Tomcat/9.0.75]
08:45:27:582  INFO 32072 --- [main] o.a.c.c.C.[Tomcat].[localhost].[/]       : Initializing Spring embedded WebApplicationContext
08:45:27:582  INFO 32072 --- [main] w.s.c.ServletWebServerApplicationContext : Root WebApplicationContext: initialization completed in 926 ms
08:45:30:487  INFO 32072 --- [main] o.s.cloud.commons.util.InetUtils         : Cannot determine local hostname
08:45:30:503  INFO 32072 --- [main] pertySourcedRequestMappingHandlerMapping : Mapped URL path [/v2/api-docs] onto method [springfox.documentation.swagger2.web.Swagger2ControllerWebMvc#getDocumentation(String, HttpServletRequest)]
08:45:31:967  INFO 32072 --- [main] o.s.cloud.commons.util.InetUtils         : Cannot determine local hostname
08:45:32:034  INFO 32072 --- [main] com.alibaba.nacos.common.remote.client   : [RpcClientFactory] create a new rpc client of 7cc37883-f4bf-479f-86ee-5007a06fbe39
08:45:32:056  INFO 32072 --- [main] org.reflections.Reflections              : Reflections took 20 ms to scan 1 urls, producing 3 keys and 6 values 
08:45:32:067  INFO 32072 --- [main] org.reflections.Reflections              : Reflections took 0 ms to scan 1 urls, producing 4 keys and 9 values 
08:45:32:067  INFO 32072 --- [main] org.reflections.Reflections              : Reflections took 0 ms to scan 1 urls, producing 3 keys and 10 values 
08:45:32:082  WARN 32072 --- [main] org.reflections.Reflections              : given scan urls are empty. set urls in the configuration
08:45:32:083  INFO 32072 --- [main] org.reflections.Reflections              : Reflections took 1 ms to scan 1 urls, producing 1 keys and 5 values 
08:45:32:083  INFO 32072 --- [main] org.reflections.Reflections              : Reflections took 0 ms to scan 1 urls, producing 1 keys and 7 values 
08:45:32:097  INFO 32072 --- [main] org.reflections.Reflections              : Reflections took 14 ms to scan 1 urls, producing 2 keys and 8 values 
08:45:32:097  WARN 32072 --- [main] org.reflections.Reflections              : given scan urls are empty. set urls in the configuration
08:45:32:097  INFO 32072 --- [main] com.alibaba.nacos.common.remote.client   : [7cc37883-f4bf-479f-86ee-5007a06fbe39] RpcClient init label, labels = {module=naming, source=sdk}
08:45:32:097  INFO 32072 --- [main] com.alibaba.nacos.common.remote.client   : [7cc37883-f4bf-479f-86ee-5007a06fbe39] RpcClient init, ServerListFactory = com.alibaba.nacos.client.naming.core.ServerListManager
08:45:32:097  INFO 32072 --- [main] com.alibaba.nacos.common.remote.client   : [7cc37883-f4bf-479f-86ee-5007a06fbe39] Registry connection listener to current client:com.alibaba.nacos.client.naming.remote.gprc.redo.NamingGrpcRedoService
08:45:32:097  INFO 32072 --- [main] com.alibaba.nacos.common.remote.client   : [7cc37883-f4bf-479f-86ee-5007a06fbe39] Register server push request handler:com.alibaba.nacos.client.naming.remote.gprc.NamingPushRequestHandler
08:45:32:097  INFO 32072 --- [main] com.alibaba.nacos.common.remote.client   : [7cc37883-f4bf-479f-86ee-5007a06fbe39] Try to connect to server on start up, server: {serverIp = 'localhost', server main port = 8848}
08:45:33:520 ERROR 32072 --- [nacos-grpc-client-executor-5] c.a.n.c.remote.client.grpc.GrpcClient    : [1729557933467_127.0.0.1_8561]Error to process server push response: {"headers":{},"abilityTable":{"supportPersistentInstanceByGrpc":true},"module":"internal"}
08:45:33:630  INFO 32072 --- [main] com.alibaba.nacos.common.remote.client   : [7cc37883-f4bf-479f-86ee-5007a06fbe39] Success to connect to server [localhost:8848] on start up, connectionId = 1729557933467_127.0.0.1_8561
08:45:33:630  INFO 32072 --- [com.alibaba.nacos.client.remote.worker] com.alibaba.nacos.common.remote.client   : [7cc37883-f4bf-479f-86ee-5007a06fbe39] Notify connected event to listeners.
08:45:33:630  INFO 32072 --- [main] com.alibaba.nacos.common.remote.client   : [7cc37883-f4bf-479f-86ee-5007a06fbe39] Register server push request handler:com.alibaba.nacos.common.remote.client.RpcClient$ConnectResetRequestHandler
08:45:33:630  INFO 32072 --- [main] com.alibaba.nacos.common.remote.client   : [7cc37883-f4bf-479f-86ee-5007a06fbe39] Register server push request handler:com.alibaba.nacos.common.remote.client.RpcClient$$Lambda$903/0x000000080067a040
08:45:33:663  INFO 32072 --- [main] o.s.b.w.embedded.tomcat.TomcatWebServer  : Tomcat started on port(s): 8083 (http) with context path ''
08:45:33:663  INFO 32072 --- [main] c.a.c.n.registry.NacosServiceRegistry    : nacos registry, DEFAULT_GROUP item-service 192.168.26.1:8083 register finished
08:45:34:194  INFO 35016 --- [nacos-grpc-client-executor-50] com.alibaba.nacos.common.remote.client   : [63a0d425-7923-42f6-8a59-fd66974cd17a] Receive server push request, request = NotifySubscriberRequest, requestId = 4
08:45:34:194  INFO 32072 --- [nacos-grpc-client-executor-10] com.alibaba.nacos.common.remote.client   : [7cc37883-f4bf-479f-86ee-5007a06fbe39] Receive server push request, request = NotifySubscriberRequest, requestId = 3
08:45:34:194  INFO 35016 --- [nacos-grpc-client-executor-50] com.alibaba.nacos.common.remote.client   : [63a0d425-7923-42f6-8a59-fd66974cd17a] Ack server push request, request = NotifySubscriberRequest, requestId = 4
08:45:34:199  INFO 32072 --- [nacos-grpc-client-executor-10] com.alibaba.nacos.common.remote.client   : [7cc37883-f4bf-479f-86ee-5007a06fbe39] Ack server push request, request = NotifySubscriberRequest, requestId = 3
08:45:35:118  INFO 32072 --- [main] o.s.cloud.commons.util.InetUtils         : Cannot determine local hostname
08:45:35:119  INFO 32072 --- [main] d.s.w.p.DocumentationPluginsBootstrapper : Documentation plugins bootstrapped
08:45:35:119  INFO 32072 --- [main] d.s.w.p.DocumentationPluginsBootstrapper : Found 1 custom documentation plugin(s)
08:45:35:135  INFO 32072 --- [main] s.d.s.w.s.ApiListingReferenceScanner     : Scanning for api listing references
08:45:35:197  INFO 32072 --- [main] com.hmall.item.ItemApplication           : Started ItemApplication in 10.361 seconds (JVM running for 11.081)
10:05:59:770  INFO 35016 --- [nacos-grpc-client-executor-307] com.alibaba.nacos.common.remote.client   : [63a0d425-7923-42f6-8a59-fd66974cd17a] Receive server push request, request = ClientDetectionRequest, requestId = 7
10:05:59:770  INFO 35016 --- [nacos-grpc-client-executor-307] com.alibaba.nacos.common.remote.client   : [63a0d425-7923-42f6-8a59-fd66974cd17a] Ack server push request, request = ClientDetectionRequest, requestId = 7
11:47:54:770  INFO 35016 --- [nacos-grpc-client-executor-308] com.alibaba.nacos.common.remote.client   : [63a0d425-7923-42f6-8a59-fd66974cd17a] Receive server push request, request = ClientDetectionRequest, requestId = 10
11:47:54:770  INFO 35016 --- [nacos-grpc-client-executor-308] com.alibaba.nacos.common.remote.client   : [63a0d425-7923-42f6-8a59-fd66974cd17a] Ack server push request, request = ClientDetectionRequest, requestId = 10
11:47:54:770  INFO 32072 --- [nacos-grpc-client-executor-267] com.alibaba.nacos.common.remote.client   : [7cc37883-f4bf-479f-86ee-5007a06fbe39] Receive server push request, request = ClientDetectionRequest, requestId = 9
11:47:54:770  INFO 32072 --- [nacos-grpc-client-executor-267] com.alibaba.nacos.common.remote.client   : [7cc37883-f4bf-479f-86ee-5007a06fbe39] Ack server push request, request = ClientDetectionRequest, requestId = 9
12:34:17:201  WARN 35016 --- [Thread-7] c.a.n.common.http.HttpClientBeanHolder   : [HttpClientBeanHolder] Start destroying common HttpClient
12:34:17:201  WARN 35016 --- [Thread-4] c.a.nacos.common.notify.NotifyCenter     : [NotifyCenter] Start destroying Publisher
12:34:17:201  WARN 35016 --- [Thread-4] c.a.nacos.common.notify.NotifyCenter     : [NotifyCenter] Destruction of the end
12:34:17:221  WARN 35016 --- [Thread-7] c.a.n.common.http.HttpClientBeanHolder   : [HttpClientBeanHolder] Destruction of the end
12:34:17:273  WARN 32072 --- [Thread-4] c.a.nacos.common.notify.NotifyCenter     : [NotifyCenter] Start destroying Publisher
12:34:17:273  WARN 32072 --- [Thread-7] c.a.n.common.http.HttpClientBeanHolder   : [HttpClientBeanHolder] Start destroying common HttpClient
12:34:17:273  WARN 32072 --- [Thread-4] c.a.nacos.common.notify.NotifyCenter     : [NotifyCenter] Destruction of the end
12:34:17:275  WARN 32072 --- [Thread-7] c.a.n.common.http.HttpClientBeanHolder   : [HttpClientBeanHolder] Destruction of the end
12:34:17:642  INFO 35016 --- [SpringApplicationShutdownHook] c.a.c.n.registry.NacosServiceRegistry    : De-registering from Nacos Server now...
12:34:17:645  INFO 35016 --- [SpringApplicationShutdownHook] c.a.c.n.registry.NacosServiceRegistry    : De-registration finished.
12:34:17:698  INFO 32072 --- [SpringApplicationShutdownHook] c.a.c.n.registry.NacosServiceRegistry    : De-registering from Nacos Server now...
12:34:17:698  INFO 32072 --- [SpringApplicationShutdownHook] c.a.c.n.registry.NacosServiceRegistry    : De-registration finished.
12:34:17:983  INFO 35016 --- [SpringApplicationShutdownHook] com.alibaba.nacos.common.remote.client   : Shutdown rpc client, set status to shutdown
12:34:17:983  INFO 35016 --- [SpringApplicationShutdownHook] com.alibaba.nacos.common.remote.client   : Shutdown client event executor java.util.concurrent.ScheduledThreadPoolExecutor@2424451a[Running, pool size = 2, active threads = 2, queued tasks = 0, completed tasks = 0]
12:34:17:983  INFO 35016 --- [SpringApplicationShutdownHook] com.alibaba.nacos.common.remote.client   : Close current connection 1729557804371_127.0.0.1_8395
12:34:17:985  INFO 35016 --- [nacos-grpc-client-executor-871] c.a.n.c.remote.client.grpc.GrpcClient    : [1729557804371_127.0.0.1_8395]Ignore complete event,isRunning:false,isAbandon=false
12:34:18:001  INFO 35016 --- [SpringApplicationShutdownHook] c.a.n.c.remote.client.grpc.GrpcClient    : Shutdown grpc executor java.util.concurrent.ThreadPoolExecutor@1331ce3d[Running, pool size = 5, active threads = 0, queued tasks = 0, completed tasks = 872]
12:34:18:030  INFO 32072 --- [SpringApplicationShutdownHook] com.alibaba.nacos.common.remote.client   : Shutdown rpc client, set status to shutdown
12:34:18:030  INFO 32072 --- [SpringApplicationShutdownHook] com.alibaba.nacos.common.remote.client   : Shutdown client event executor java.util.concurrent.ScheduledThreadPoolExecutor@1a8eb5f[Running, pool size = 2, active threads = 2, queued tasks = 0, completed tasks = 0]
12:34:18:030  INFO 32072 --- [SpringApplicationShutdownHook] com.alibaba.nacos.common.remote.client   : Close current connection 1729557933467_127.0.0.1_8561
12:34:18:030  INFO 32072 --- [nacos-grpc-client-executor-830] c.a.n.c.remote.client.grpc.GrpcClient    : [1729557933467_127.0.0.1_8561]Ignore complete event,isRunning:false,isAbandon=false
12:34:18:030  INFO 32072 --- [SpringApplicationShutdownHook] c.a.n.c.remote.client.grpc.GrpcClient    : Shutdown grpc executor java.util.concurrent.ThreadPoolExecutor@130bc2bd[Running, pool size = 5, active threads = 0, queued tasks = 0, completed tasks = 831]
15:56:49:530  INFO 34312 --- [main] com.hmall.item.ItemApplication           : Starting ItemApplication using Java 11.0.15.1 on LAPTOP-HD9ADU9H with PID 34312 (D:\back_end\JAVA\code\hmall\item-service\target\classes started by dogofayaka in D:\back_end\JAVA\code\hmall)
15:56:49:534 DEBUG 34312 --- [main] com.hmall.item.ItemApplication           : Running with Spring Boot v2.7.12, Spring v5.3.27
15:56:49:534  INFO 34312 --- [main] com.hmall.item.ItemApplication           : The following 1 profile is active: "dev"
15:56:50:366  INFO 34312 --- [main] o.s.cloud.context.scope.GenericScope     : BeanFactory id=5e9bee20-566e-3312-9013-b264af276fc5
15:56:50:652  INFO 34312 --- [main] o.s.b.w.embedded.tomcat.TomcatWebServer  : Tomcat initialized with port(s): 8081 (http)
15:56:50:652  INFO 34312 --- [main] o.apache.catalina.core.StandardService   : Starting service [Tomcat]
15:56:50:652  INFO 34312 --- [main] org.apache.catalina.core.StandardEngine  : Starting Servlet engine: [Apache Tomcat/9.0.75]
15:56:50:736  INFO 34312 --- [main] o.a.c.c.C.[Tomcat].[localhost].[/]       : Initializing Spring embedded WebApplicationContext
15:56:50:736  INFO 34312 --- [main] w.s.c.ServletWebServerApplicationContext : Root WebApplicationContext: initialization completed in 1174 ms
15:56:51:801  INFO 45264 --- [main] com.hmall.item.ItemApplication           : Starting ItemApplication using Java 11.0.15.1 on LAPTOP-HD9ADU9H with PID 45264 (D:\back_end\JAVA\code\hmall\item-service\target\classes started by dogofayaka in D:\back_end\JAVA\code\hmall)
15:56:51:806 DEBUG 45264 --- [main] com.hmall.item.ItemApplication           : Running with Spring Boot v2.7.12, Spring v5.3.27
15:56:51:806  INFO 45264 --- [main] com.hmall.item.ItemApplication           : The following 1 profile is active: "dev"
15:56:52:720  INFO 45264 --- [main] o.s.cloud.context.scope.GenericScope     : BeanFactory id=5e9bee20-566e-3312-9013-b264af276fc5
15:56:53:012  INFO 45264 --- [main] o.s.b.w.embedded.tomcat.TomcatWebServer  : Tomcat initialized with port(s): 8083 (http)
15:56:53:020  INFO 45264 --- [main] o.apache.catalina.core.StandardService   : Starting service [Tomcat]
15:56:53:020  INFO 45264 --- [main] org.apache.catalina.core.StandardEngine  : Starting Servlet engine: [Apache Tomcat/9.0.75]
15:56:53:119  INFO 45264 --- [main] o.a.c.c.C.[Tomcat].[localhost].[/]       : Initializing Spring embedded WebApplicationContext
15:56:53:119  INFO 45264 --- [main] w.s.c.ServletWebServerApplicationContext : Root WebApplicationContext: initialization completed in 1281 ms
15:56:54:525  INFO 34312 --- [main] o.s.cloud.commons.util.InetUtils         : Cannot determine local hostname
15:56:54:589  INFO 34312 --- [main] pertySourcedRequestMappingHandlerMapping : Mapped URL path [/v2/api-docs] onto method [springfox.documentation.swagger2.web.Swagger2ControllerWebMvc#getDocumentation(String, HttpServletRequest)]
15:56:56:173  INFO 34312 --- [main] o.s.cloud.commons.util.InetUtils         : Cannot determine local hostname
15:56:56:311  INFO 34312 --- [main] com.alibaba.nacos.common.remote.client   : [RpcClientFactory] create a new rpc client of 6dbce508-0c85-40d3-b39e-40f42ad4b48c
15:56:56:336  INFO 34312 --- [main] org.reflections.Reflections              : Reflections took 16 ms to scan 1 urls, producing 3 keys and 6 values 
15:56:56:351  INFO 34312 --- [main] org.reflections.Reflections              : Reflections took 0 ms to scan 1 urls, producing 4 keys and 9 values 
15:56:56:367  INFO 34312 --- [main] org.reflections.Reflections              : Reflections took 16 ms to scan 1 urls, producing 3 keys and 10 values 
15:56:56:367  WARN 34312 --- [main] org.reflections.Reflections              : given scan urls are empty. set urls in the configuration
15:56:56:367  INFO 34312 --- [main] org.reflections.Reflections              : Reflections took 0 ms to scan 1 urls, producing 1 keys and 5 values 
15:56:56:383  INFO 34312 --- [main] org.reflections.Reflections              : Reflections took 16 ms to scan 1 urls, producing 1 keys and 7 values 
15:56:56:383  INFO 34312 --- [main] org.reflections.Reflections              : Reflections took 0 ms to scan 1 urls, producing 2 keys and 8 values 
15:56:56:383  WARN 34312 --- [main] org.reflections.Reflections              : given scan urls are empty. set urls in the configuration
15:56:56:383  INFO 34312 --- [main] com.alibaba.nacos.common.remote.client   : [6dbce508-0c85-40d3-b39e-40f42ad4b48c] RpcClient init label, labels = {module=naming, source=sdk}
15:56:56:383  INFO 34312 --- [main] com.alibaba.nacos.common.remote.client   : [6dbce508-0c85-40d3-b39e-40f42ad4b48c] RpcClient init, ServerListFactory = com.alibaba.nacos.client.naming.core.ServerListManager
15:56:56:383  INFO 34312 --- [main] com.alibaba.nacos.common.remote.client   : [6dbce508-0c85-40d3-b39e-40f42ad4b48c] Registry connection listener to current client:com.alibaba.nacos.client.naming.remote.gprc.redo.NamingGrpcRedoService
15:56:56:383  INFO 34312 --- [main] com.alibaba.nacos.common.remote.client   : [6dbce508-0c85-40d3-b39e-40f42ad4b48c] Register server push request handler:com.alibaba.nacos.client.naming.remote.gprc.NamingPushRequestHandler
15:56:56:383  INFO 34312 --- [main] com.alibaba.nacos.common.remote.client   : [6dbce508-0c85-40d3-b39e-40f42ad4b48c] Try to connect to server on start up, server: {serverIp = 'localhost', server main port = 8848}
15:56:56:621  INFO 45264 --- [main] o.s.cloud.commons.util.InetUtils         : Cannot determine local hostname
15:56:56:641  INFO 45264 --- [main] pertySourcedRequestMappingHandlerMapping : Mapped URL path [/v2/api-docs] onto method [springfox.documentation.swagger2.web.Swagger2ControllerWebMvc#getDocumentation(String, HttpServletRequest)]
15:56:58:172 ERROR 34312 --- [nacos-grpc-client-executor-5] c.a.n.c.remote.client.grpc.GrpcClient    : [1729583818103_127.0.0.1_7307]Error to process server push response: {"headers":{},"abilityTable":{"supportPersistentInstanceByGrpc":true},"module":"internal"}
15:56:58:281  INFO 34312 --- [main] com.alibaba.nacos.common.remote.client   : [6dbce508-0c85-40d3-b39e-40f42ad4b48c] Success to connect to server [localhost:8848] on start up, connectionId = 1729583818103_127.0.0.1_7307
15:56:58:282  INFO 34312 --- [com.alibaba.nacos.client.remote.worker] com.alibaba.nacos.common.remote.client   : [6dbce508-0c85-40d3-b39e-40f42ad4b48c] Notify connected event to listeners.
15:56:58:282  INFO 34312 --- [main] com.alibaba.nacos.common.remote.client   : [6dbce508-0c85-40d3-b39e-40f42ad4b48c] Register server push request handler:com.alibaba.nacos.common.remote.client.RpcClient$ConnectResetRequestHandler
15:56:58:282  INFO 45264 --- [main] o.s.cloud.commons.util.InetUtils         : Cannot determine local hostname
15:56:58:283  INFO 34312 --- [main] com.alibaba.nacos.common.remote.client   : [6dbce508-0c85-40d3-b39e-40f42ad4b48c] Register server push request handler:com.alibaba.nacos.common.remote.client.RpcClient$$Lambda$903/0x000000080067b840
15:56:58:395  INFO 34312 --- [main] o.s.b.w.embedded.tomcat.TomcatWebServer  : Tomcat started on port(s): 8081 (http) with context path ''
15:56:58:406  INFO 34312 --- [main] c.a.c.n.registry.NacosServiceRegistry    : nacos registry, DEFAULT_GROUP item-service 192.168.26.1:8081 register finished
15:56:58:415  INFO 45264 --- [main] com.alibaba.nacos.common.remote.client   : [RpcClientFactory] create a new rpc client of e9e62894-ddef-48da-9f8d-149af70c8a26
15:56:58:450  INFO 45264 --- [main] org.reflections.Reflections              : Reflections took 19 ms to scan 1 urls, producing 3 keys and 6 values 
15:56:58:474  INFO 45264 --- [main] org.reflections.Reflections              : Reflections took 10 ms to scan 1 urls, producing 4 keys and 9 values 
15:56:58:481  INFO 45264 --- [main] org.reflections.Reflections              : Reflections took 7 ms to scan 1 urls, producing 3 keys and 10 values 
15:56:58:481  WARN 45264 --- [main] org.reflections.Reflections              : given scan urls are empty. set urls in the configuration
15:56:58:481  INFO 45264 --- [main] org.reflections.Reflections              : Reflections took 0 ms to scan 1 urls, producing 1 keys and 5 values 
15:56:58:498  INFO 45264 --- [main] org.reflections.Reflections              : Reflections took 4 ms to scan 1 urls, producing 1 keys and 7 values 
15:56:58:502  INFO 45264 --- [main] org.reflections.Reflections              : Reflections took 0 ms to scan 1 urls, producing 2 keys and 8 values 
15:56:58:510  WARN 45264 --- [main] org.reflections.Reflections              : given scan urls are empty. set urls in the configuration
15:56:58:510  INFO 45264 --- [main] com.alibaba.nacos.common.remote.client   : [e9e62894-ddef-48da-9f8d-149af70c8a26] RpcClient init label, labels = {module=naming, source=sdk}
15:56:58:510  INFO 45264 --- [main] com.alibaba.nacos.common.remote.client   : [e9e62894-ddef-48da-9f8d-149af70c8a26] RpcClient init, ServerListFactory = com.alibaba.nacos.client.naming.core.ServerListManager
15:56:58:510  INFO 45264 --- [main] com.alibaba.nacos.common.remote.client   : [e9e62894-ddef-48da-9f8d-149af70c8a26] Registry connection listener to current client:com.alibaba.nacos.client.naming.remote.gprc.redo.NamingGrpcRedoService
15:56:58:510  INFO 45264 --- [main] com.alibaba.nacos.common.remote.client   : [e9e62894-ddef-48da-9f8d-149af70c8a26] Register server push request handler:com.alibaba.nacos.client.naming.remote.gprc.NamingPushRequestHandler
15:56:58:514  INFO 45264 --- [main] com.alibaba.nacos.common.remote.client   : [e9e62894-ddef-48da-9f8d-149af70c8a26] Try to connect to server on start up, server: {serverIp = 'localhost', server main port = 8848}
15:56:58:828  INFO 34312 --- [nacos-grpc-client-executor-10] com.alibaba.nacos.common.remote.client   : [6dbce508-0c85-40d3-b39e-40f42ad4b48c] Receive server push request, request = NotifySubscriberRequest, requestId = 12
15:56:58:852  INFO 34312 --- [nacos-grpc-client-executor-10] com.alibaba.nacos.common.remote.client   : [6dbce508-0c85-40d3-b39e-40f42ad4b48c] Ack server push request, request = NotifySubscriberRequest, requestId = 12
15:57:00:035  INFO 34312 --- [main] o.s.cloud.commons.util.InetUtils         : Cannot determine local hostname
15:57:00:035  INFO 34312 --- [main] d.s.w.p.DocumentationPluginsBootstrapper : Documentation plugins bootstrapped
15:57:00:037  INFO 34312 --- [main] d.s.w.p.DocumentationPluginsBootstrapper : Found 1 custom documentation plugin(s)
15:57:00:053  INFO 34312 --- [main] s.d.s.w.s.ApiListingReferenceScanner     : Scanning for api listing references
15:57:00:136  INFO 34312 --- [main] com.hmall.item.ItemApplication           : Started ItemApplication in 12.685 seconds (JVM running for 13.595)
15:57:00:152 ERROR 45264 --- [nacos-grpc-client-executor-4] c.a.n.c.remote.client.grpc.GrpcClient    : [1729583820085_127.0.0.1_7375]Error to process server push response: {"headers":{},"abilityTable":{"supportPersistentInstanceByGrpc":true},"module":"internal"}
15:57:00:261  INFO 45264 --- [main] com.alibaba.nacos.common.remote.client   : [e9e62894-ddef-48da-9f8d-149af70c8a26] Success to connect to server [localhost:8848] on start up, connectionId = 1729583820085_127.0.0.1_7375
15:57:00:261  INFO 45264 --- [com.alibaba.nacos.client.remote.worker] com.alibaba.nacos.common.remote.client   : [e9e62894-ddef-48da-9f8d-149af70c8a26] Notify connected event to listeners.
15:57:00:261  INFO 45264 --- [main] com.alibaba.nacos.common.remote.client   : [e9e62894-ddef-48da-9f8d-149af70c8a26] Register server push request handler:com.alibaba.nacos.common.remote.client.RpcClient$ConnectResetRequestHandler
15:57:00:261  INFO 45264 --- [main] com.alibaba.nacos.common.remote.client   : [e9e62894-ddef-48da-9f8d-149af70c8a26] Register server push request handler:com.alibaba.nacos.common.remote.client.RpcClient$$Lambda$903/0x000000080067b840
15:57:00:318  INFO 45264 --- [main] o.s.b.w.embedded.tomcat.TomcatWebServer  : Tomcat started on port(s): 8083 (http) with context path ''
15:57:00:325  INFO 45264 --- [main] c.a.c.n.registry.NacosServiceRegistry    : nacos registry, DEFAULT_GROUP item-service 192.168.26.1:8083 register finished
15:57:00:836  INFO 34312 --- [nacos-grpc-client-executor-12] com.alibaba.nacos.common.remote.client   : [6dbce508-0c85-40d3-b39e-40f42ad4b48c] Receive server push request, request = NotifySubscriberRequest, requestId = 13
15:57:00:836  INFO 45264 --- [nacos-grpc-client-executor-9] com.alibaba.nacos.common.remote.client   : [e9e62894-ddef-48da-9f8d-149af70c8a26] Receive server push request, request = NotifySubscriberRequest, requestId = 14
15:57:00:851  INFO 34312 --- [nacos-grpc-client-executor-12] com.alibaba.nacos.common.remote.client   : [6dbce508-0c85-40d3-b39e-40f42ad4b48c] Ack server push request, request = NotifySubscriberRequest, requestId = 13
15:57:00:851  INFO 45264 --- [nacos-grpc-client-executor-9] com.alibaba.nacos.common.remote.client   : [e9e62894-ddef-48da-9f8d-149af70c8a26] Ack server push request, request = NotifySubscriberRequest, requestId = 14
15:57:01:919  INFO 45264 --- [main] o.s.cloud.commons.util.InetUtils         : Cannot determine local hostname
15:57:01:919  INFO 45264 --- [main] d.s.w.p.DocumentationPluginsBootstrapper : Documentation plugins bootstrapped
15:57:01:919  INFO 45264 --- [main] d.s.w.p.DocumentationPluginsBootstrapper : Found 1 custom documentation plugin(s)
15:57:01:940  INFO 45264 --- [main] s.d.s.w.s.ApiListingReferenceScanner     : Scanning for api listing references
15:57:02:030  INFO 45264 --- [main] com.hmall.item.ItemApplication           : Started ItemApplication in 12.276 seconds (JVM running for 13.233)
15:57:09:415  WARN 45264 --- [Thread-4] c.a.nacos.common.notify.NotifyCenter     : [NotifyCenter] Start destroying Publisher
15:57:09:415  WARN 45264 --- [Thread-7] c.a.n.common.http.HttpClientBeanHolder   : [HttpClientBeanHolder] Start destroying common HttpClient
15:57:09:417  WARN 45264 --- [Thread-4] c.a.nacos.common.notify.NotifyCenter     : [NotifyCenter] Destruction of the end
15:57:09:417  WARN 45264 --- [Thread-7] c.a.n.common.http.HttpClientBeanHolder   : [HttpClientBeanHolder] Destruction of the end
15:57:09:961  INFO 45264 --- [SpringApplicationShutdownHook] c.a.c.n.registry.NacosServiceRegistry    : De-registering from Nacos Server now...
15:57:09:966  INFO 45264 --- [SpringApplicationShutdownHook] c.a.c.n.registry.NacosServiceRegistry    : De-registration finished.
15:57:10:298  INFO 45264 --- [SpringApplicationShutdownHook] com.alibaba.nacos.common.remote.client   : Shutdown rpc client, set status to shutdown
15:57:10:299  INFO 45264 --- [SpringApplicationShutdownHook] com.alibaba.nacos.common.remote.client   : Shutdown client event executor java.util.concurrent.ScheduledThreadPoolExecutor@7bcf7263[Running, pool size = 2, active threads = 2, queued tasks = 0, completed tasks = 0]
15:57:10:299  INFO 45264 --- [SpringApplicationShutdownHook] com.alibaba.nacos.common.remote.client   : Close current connection 1729583820085_127.0.0.1_7375
15:57:10:302  INFO 45264 --- [nacos-grpc-client-executor-14] c.a.n.c.remote.client.grpc.GrpcClient    : [1729583820085_127.0.0.1_7375]Ignore complete event,isRunning:false,isAbandon=false
15:57:10:303  INFO 45264 --- [SpringApplicationShutdownHook] c.a.n.c.remote.client.grpc.GrpcClient    : Shutdown grpc executor java.util.concurrent.ThreadPoolExecutor@232e063[Running, pool size = 8, active threads = 0, queued tasks = 0, completed tasks = 15]
15:57:10:553  INFO 34312 --- [nacos-grpc-client-executor-14] com.alibaba.nacos.common.remote.client   : [6dbce508-0c85-40d3-b39e-40f42ad4b48c] Receive server push request, request = NotifySubscriberRequest, requestId = 17
15:57:10:570  INFO 34312 --- [nacos-grpc-client-executor-14] com.alibaba.nacos.common.remote.client   : [6dbce508-0c85-40d3-b39e-40f42ad4b48c] Ack server push request, request = NotifySubscriberRequest, requestId = 17
16:05:06:225  INFO 34312 --- [http-nio-8081-exec-3] o.a.c.c.C.[Tomcat].[localhost].[/]       : Initializing Spring DispatcherServlet 'dispatcherServlet'
16:05:06:225  INFO 34312 --- [http-nio-8081-exec-3] o.s.web.servlet.DispatcherServlet        : Initializing Servlet 'dispatcherServlet'
16:05:06:225  INFO 34312 --- [http-nio-8081-exec-3] o.s.web.servlet.DispatcherServlet        : Completed initialization in 0 ms
16:05:06:310  INFO 34312 --- [http-nio-8081-exec-3] com.zaxxer.hikari.HikariDataSource       : HikariPool-1 - Starting...
16:05:06:642  INFO 34312 --- [http-nio-8081-exec-3] com.zaxxer.hikari.HikariDataSource       : HikariPool-1 - Start completed.
16:05:06:659 DEBUG 34312 --- [http-nio-8081-exec-3] c.h.i.mapper.ItemMapper.selectBatchIds   : ==>  Preparing: SELECT id,name,price,stock,image,category,brand,spec,sold,comment_count,isAD,status,create_time,update_time,creater,updater FROM item WHERE id IN ( ? , ? , ? )
16:05:06:686 DEBUG 34312 --- [http-nio-8081-exec-3] c.h.i.mapper.ItemMapper.selectBatchIds   : ==> Parameters: 100002624512(Long), 100002672274(Long), 100001964366(Long)
16:05:06:706 DEBUG 34312 --- [http-nio-8081-exec-3] c.h.i.mapper.ItemMapper.selectBatchIds   : <==      Total: 3
16:17:27:765 DEBUG 34312 --- [http-nio-8081-exec-5] c.h.i.mapper.ItemMapper.selectBatchIds   : ==>  Preparing: SELECT id,name,price,stock,image,category,brand,spec,sold,comment_count,isAD,status,create_time,update_time,creater,updater FROM item WHERE id IN ( ? , ? , ? )
16:17:27:765 DEBUG 34312 --- [http-nio-8081-exec-5] c.h.i.mapper.ItemMapper.selectBatchIds   : ==> Parameters: 100002624512(Long), 100002672274(Long), 100001964366(Long)
16:17:27:783 DEBUG 34312 --- [http-nio-8081-exec-5] c.h.i.mapper.ItemMapper.selectBatchIds   : <==      Total: 3
16:19:48:663 DEBUG 34312 --- [http-nio-8081-exec-8] c.h.i.mapper.ItemMapper.selectBatchIds   : ==>  Preparing: SELECT id,name,price,stock,image,category,brand,spec,sold,comment_count,isAD,status,create_time,update_time,creater,updater FROM item WHERE id IN ( ? , ? , ? )
16:19:48:663 DEBUG 34312 --- [http-nio-8081-exec-8] c.h.i.mapper.ItemMapper.selectBatchIds   : ==> Parameters: 100002624512(Long), 100002672274(Long), 100001964366(Long)
16:19:48:663 DEBUG 34312 --- [http-nio-8081-exec-8] c.h.i.mapper.ItemMapper.selectBatchIds   : <==      Total: 3
16:26:21:269  WARN 34312 --- [Thread-7] c.a.n.common.http.HttpClientBeanHolder   : [HttpClientBeanHolder] Start destroying common HttpClient
16:26:21:267  WARN 34312 --- [Thread-4] c.a.nacos.common.notify.NotifyCenter     : [NotifyCenter] Start destroying Publisher
16:26:21:269  WARN 34312 --- [Thread-4] c.a.nacos.common.notify.NotifyCenter     : [NotifyCenter] Destruction of the end
16:26:21:269  WARN 34312 --- [Thread-7] c.a.n.common.http.HttpClientBeanHolder   : [HttpClientBeanHolder] Destruction of the end
16:26:21:826  INFO 34312 --- [SpringApplicationShutdownHook] c.a.c.n.registry.NacosServiceRegistry    : De-registering from Nacos Server now...
16:26:21:826  INFO 34312 --- [SpringApplicationShutdownHook] c.a.c.n.registry.NacosServiceRegistry    : De-registration finished.
16:26:22:159  INFO 34312 --- [SpringApplicationShutdownHook] com.alibaba.nacos.common.remote.client   : Shutdown rpc client, set status to shutdown
16:26:22:159  INFO 34312 --- [SpringApplicationShutdownHook] com.alibaba.nacos.common.remote.client   : Shutdown client event executor java.util.concurrent.ScheduledThreadPoolExecutor@4dccc51e[Running, pool size = 2, active threads = 2, queued tasks = 0, completed tasks = 0]
16:26:22:159  INFO 34312 --- [SpringApplicationShutdownHook] com.alibaba.nacos.common.remote.client   : Close current connection 1729583818103_127.0.0.1_7307
16:26:22:159  INFO 34312 --- [nacos-grpc-client-executor-369] c.a.n.c.remote.client.grpc.GrpcClient    : [1729583818103_127.0.0.1_7307]Ignore complete event,isRunning:false,isAbandon=false
16:26:22:159  INFO 34312 --- [SpringApplicationShutdownHook] c.a.n.c.remote.client.grpc.GrpcClient    : Shutdown grpc executor java.util.concurrent.ThreadPoolExecutor@6a6d8b6d[Running, pool size = 5, active threads = 0, queued tasks = 0, completed tasks = 370]
16:26:22:159  INFO 34312 --- [SpringApplicationShutdownHook] com.zaxxer.hikari.HikariDataSource       : HikariPool-1 - Shutdown initiated...
16:26:22:174  INFO 34312 --- [SpringApplicationShutdownHook] com.zaxxer.hikari.HikariDataSource       : HikariPool-1 - Shutdown completed.
16:26:31:084  INFO 71900 --- [main] com.hmall.item.ItemApplication           : Starting ItemApplication using Java 11.0.15.1 on LAPTOP-HD9ADU9H with PID 71900 (D:\back_end\JAVA\code\hmall\item-service\target\classes started by dogofayaka in D:\back_end\JAVA\code\hmall)
16:26:31:120 DEBUG 71900 --- [main] com.hmall.item.ItemApplication           : Running with Spring Boot v2.7.12, Spring v5.3.27
16:26:31:120  INFO 71900 --- [main] com.hmall.item.ItemApplication           : The following 1 profile is active: "dev"
16:26:31:907  INFO 71900 --- [main] o.s.cloud.context.scope.GenericScope     : BeanFactory id=5e9bee20-566e-3312-9013-b264af276fc5
16:26:32:190  INFO 71900 --- [main] o.s.b.w.embedded.tomcat.TomcatWebServer  : Tomcat initialized with port(s): 8081 (http)
16:26:32:197  INFO 71900 --- [main] o.apache.catalina.core.StandardService   : Starting service [Tomcat]
16:26:32:198  INFO 71900 --- [main] org.apache.catalina.core.StandardEngine  : Starting Servlet engine: [Apache Tomcat/9.0.75]
16:26:32:277  INFO 71900 --- [main] o.a.c.c.C.[Tomcat].[localhost].[/]       : Initializing Spring embedded WebApplicationContext
16:26:32:277  INFO 71900 --- [main] w.s.c.ServletWebServerApplicationContext : Root WebApplicationContext: initialization completed in 1128 ms
16:26:35:591  INFO 71900 --- [main] o.s.cloud.commons.util.InetUtils         : Cannot determine local hostname
16:26:35:609  INFO 71900 --- [main] pertySourcedRequestMappingHandlerMapping : Mapped URL path [/v2/api-docs] onto method [springfox.documentation.swagger2.web.Swagger2ControllerWebMvc#getDocumentation(String, HttpServletRequest)]
16:26:37:263  INFO 71900 --- [main] o.s.cloud.commons.util.InetUtils         : Cannot determine local hostname
16:26:37:350  INFO 71900 --- [main] com.alibaba.nacos.common.remote.client   : [RpcClientFactory] create a new rpc client of d76bcf29-fc3e-4218-b73b-79f607da934b
16:26:37:376  INFO 71900 --- [main] org.reflections.Reflections              : Reflections took 14 ms to scan 1 urls, producing 3 keys and 6 values 
16:26:37:391  INFO 71900 --- [main] org.reflections.Reflections              : Reflections took 0 ms to scan 1 urls, producing 4 keys and 9 values 
16:26:37:406  INFO 71900 --- [main] org.reflections.Reflections              : Reflections took 15 ms to scan 1 urls, producing 3 keys and 10 values 
16:26:37:407  WARN 71900 --- [main] org.reflections.Reflections              : given scan urls are empty. set urls in the configuration
16:26:37:407  INFO 71900 --- [main] org.reflections.Reflections              : Reflections took 0 ms to scan 1 urls, producing 1 keys and 5 values 
16:26:37:407  INFO 71900 --- [main] org.reflections.Reflections              : Reflections took 0 ms to scan 1 urls, producing 1 keys and 7 values 
16:26:37:423  INFO 71900 --- [main] org.reflections.Reflections              : Reflections took 0 ms to scan 1 urls, producing 2 keys and 8 values 
16:26:37:423  WARN 71900 --- [main] org.reflections.Reflections              : given scan urls are empty. set urls in the configuration
16:26:37:423  INFO 71900 --- [main] com.alibaba.nacos.common.remote.client   : [d76bcf29-fc3e-4218-b73b-79f607da934b] RpcClient init label, labels = {module=naming, source=sdk}
16:26:37:431  INFO 71900 --- [main] com.alibaba.nacos.common.remote.client   : [d76bcf29-fc3e-4218-b73b-79f607da934b] RpcClient init, ServerListFactory = com.alibaba.nacos.client.naming.core.ServerListManager
16:26:37:431  INFO 71900 --- [main] com.alibaba.nacos.common.remote.client   : [d76bcf29-fc3e-4218-b73b-79f607da934b] Registry connection listener to current client:com.alibaba.nacos.client.naming.remote.gprc.redo.NamingGrpcRedoService
16:26:37:431  INFO 71900 --- [main] com.alibaba.nacos.common.remote.client   : [d76bcf29-fc3e-4218-b73b-79f607da934b] Register server push request handler:com.alibaba.nacos.client.naming.remote.gprc.NamingPushRequestHandler
16:26:37:432  INFO 71900 --- [main] com.alibaba.nacos.common.remote.client   : [d76bcf29-fc3e-4218-b73b-79f607da934b] Try to connect to server on start up, server: {serverIp = 'localhost', server main port = 8848}
16:26:39:041 ERROR 71900 --- [nacos-grpc-client-executor-4] c.a.n.c.remote.client.grpc.GrpcClient    : [1729585598978_127.0.0.1_9525]Error to process server push response: {"headers":{},"abilityTable":{"supportPersistentInstanceByGrpc":true},"module":"internal"}
16:26:39:136  INFO 71900 --- [main] com.alibaba.nacos.common.remote.client   : [d76bcf29-fc3e-4218-b73b-79f607da934b] Success to connect to server [localhost:8848] on start up, connectionId = 1729585598978_127.0.0.1_9525
16:26:39:138  INFO 71900 --- [com.alibaba.nacos.client.remote.worker] com.alibaba.nacos.common.remote.client   : [d76bcf29-fc3e-4218-b73b-79f607da934b] Notify connected event to listeners.
16:26:39:138  INFO 71900 --- [main] com.alibaba.nacos.common.remote.client   : [d76bcf29-fc3e-4218-b73b-79f607da934b] Register server push request handler:com.alibaba.nacos.common.remote.client.RpcClient$ConnectResetRequestHandler
16:26:39:138  INFO 71900 --- [main] com.alibaba.nacos.common.remote.client   : [d76bcf29-fc3e-4218-b73b-79f607da934b] Register server push request handler:com.alibaba.nacos.common.remote.client.RpcClient$$Lambda$903/0x000000080067a040
16:26:39:196  INFO 71900 --- [main] o.s.b.w.embedded.tomcat.TomcatWebServer  : Tomcat started on port(s): 8081 (http) with context path ''
16:26:39:206  INFO 71900 --- [main] c.a.c.n.registry.NacosServiceRegistry    : nacos registry, DEFAULT_GROUP item-service 192.168.26.1:8081 register finished
16:26:39:717  INFO 71900 --- [nacos-grpc-client-executor-8] com.alibaba.nacos.common.remote.client   : [d76bcf29-fc3e-4218-b73b-79f607da934b] Receive server push request, request = NotifySubscriberRequest, requestId = 26
16:26:39:734  INFO 71900 --- [nacos-grpc-client-executor-8] com.alibaba.nacos.common.remote.client   : [d76bcf29-fc3e-4218-b73b-79f607da934b] Ack server push request, request = NotifySubscriberRequest, requestId = 26
16:26:40:711  INFO 71900 --- [main] o.s.cloud.commons.util.InetUtils         : Cannot determine local hostname
16:26:40:711  INFO 71900 --- [main] d.s.w.p.DocumentationPluginsBootstrapper : Documentation plugins bootstrapped
16:26:40:712  INFO 71900 --- [main] d.s.w.p.DocumentationPluginsBootstrapper : Found 1 custom documentation plugin(s)
16:26:40:730  INFO 71900 --- [main] s.d.s.w.s.ApiListingReferenceScanner     : Scanning for api listing references
16:26:40:823  INFO 71900 --- [main] com.hmall.item.ItemApplication           : Started ItemApplication in 11.799 seconds (JVM running for 12.741)
16:27:01:155  INFO 71900 --- [http-nio-8081-exec-1] o.a.c.c.C.[Tomcat].[localhost].[/]       : Initializing Spring DispatcherServlet 'dispatcherServlet'
16:27:01:155  INFO 71900 --- [http-nio-8081-exec-1] o.s.web.servlet.DispatcherServlet        : Initializing Servlet 'dispatcherServlet'
16:27:01:155  INFO 71900 --- [http-nio-8081-exec-1] o.s.web.servlet.DispatcherServlet        : Completed initialization in 0 ms
16:27:01:216  INFO 71900 --- [http-nio-8081-exec-1] com.zaxxer.hikari.HikariDataSource       : HikariPool-1 - Starting...
16:27:01:519  INFO 71900 --- [http-nio-8081-exec-1] com.zaxxer.hikari.HikariDataSource       : HikariPool-1 - Start completed.
16:27:01:519 DEBUG 71900 --- [http-nio-8081-exec-1] c.h.i.mapper.ItemMapper.selectBatchIds   : ==>  Preparing: SELECT id,name,price,stock,image,category,brand,spec,sold,comment_count,isAD,status,create_time,update_time,creater,updater FROM item WHERE id IN ( ? , ? , ? )
16:27:01:549 DEBUG 71900 --- [http-nio-8081-exec-1] c.h.i.mapper.ItemMapper.selectBatchIds   : ==> Parameters: 100002624512(Long), 100002672274(Long), 100001964366(Long)
16:27:01:582 DEBUG 71900 --- [http-nio-8081-exec-1] c.h.i.mapper.ItemMapper.selectBatchIds   : <==      Total: 3
16:34:19:295 DEBUG 71900 --- [http-nio-8081-exec-3] c.h.i.mapper.ItemMapper.selectBatchIds   : ==>  Preparing: SELECT id,name,price,stock,image,category,brand,spec,sold,comment_count,isAD,status,create_time,update_time,creater,updater FROM item WHERE id IN ( ? , ? , ? )
16:34:19:295 DEBUG 71900 --- [http-nio-8081-exec-3] c.h.i.mapper.ItemMapper.selectBatchIds   : ==> Parameters: 100002624512(Long), 100002672274(Long), 100001964366(Long)
16:34:19:295 DEBUG 71900 --- [http-nio-8081-exec-3] c.h.i.mapper.ItemMapper.selectBatchIds   : <==      Total: 3
16:41:29:893 DEBUG 71900 --- [http-nio-8081-exec-5] c.h.i.mapper.ItemMapper.selectBatchIds   : ==>  Preparing: SELECT id,name,price,stock,image,category,brand,spec,sold,comment_count,isAD,status,create_time,update_time,creater,updater FROM item WHERE id IN ( ? , ? , ? )
16:41:29:893 DEBUG 71900 --- [http-nio-8081-exec-5] c.h.i.mapper.ItemMapper.selectBatchIds   : ==> Parameters: 100002624512(Long), 100002672274(Long), 100001964366(Long)
16:41:29:893 DEBUG 71900 --- [http-nio-8081-exec-5] c.h.i.mapper.ItemMapper.selectBatchIds   : <==      Total: 3
16:42:00:290  WARN 71900 --- [Thread-7] c.a.n.common.http.HttpClientBeanHolder   : [HttpClientBeanHolder] Start destroying common HttpClient
16:42:00:290  WARN 71900 --- [Thread-4] c.a.nacos.common.notify.NotifyCenter     : [NotifyCenter] Start destroying Publisher
16:42:00:297  WARN 71900 --- [Thread-4] c.a.nacos.common.notify.NotifyCenter     : [NotifyCenter] Destruction of the end
16:42:00:297  WARN 71900 --- [Thread-7] c.a.n.common.http.HttpClientBeanHolder   : [HttpClientBeanHolder] Destruction of the end
16:42:00:853  INFO 71900 --- [SpringApplicationShutdownHook] c.a.c.n.registry.NacosServiceRegistry    : De-registering from Nacos Server now...
16:42:00:853  INFO 71900 --- [SpringApplicationShutdownHook] c.a.c.n.registry.NacosServiceRegistry    : De-registration finished.
16:42:01:183  INFO 71900 --- [SpringApplicationShutdownHook] com.alibaba.nacos.common.remote.client   : Shutdown rpc client, set status to shutdown
16:42:01:183  INFO 71900 --- [SpringApplicationShutdownHook] com.alibaba.nacos.common.remote.client   : Shutdown client event executor java.util.concurrent.ScheduledThreadPoolExecutor@5ac41b2b[Running, pool size = 2, active threads = 2, queued tasks = 0, completed tasks = 0]
16:42:01:183  INFO 71900 --- [SpringApplicationShutdownHook] com.alibaba.nacos.common.remote.client   : Close current connection 1729585598978_127.0.0.1_9525
16:42:01:183  INFO 71900 --- [nacos-grpc-client-executor-196] c.a.n.c.remote.client.grpc.GrpcClient    : [1729585598978_127.0.0.1_9525]Ignore complete event,isRunning:false,isAbandon=false
16:42:01:183  INFO 71900 --- [SpringApplicationShutdownHook] c.a.n.c.remote.client.grpc.GrpcClient    : Shutdown grpc executor java.util.concurrent.ThreadPoolExecutor@61be37f0[Running, pool size = 5, active threads = 0, queued tasks = 0, completed tasks = 197]
16:42:01:183  INFO 71900 --- [SpringApplicationShutdownHook] com.zaxxer.hikari.HikariDataSource       : HikariPool-1 - Shutdown initiated...
16:42:01:198  INFO 71900 --- [SpringApplicationShutdownHook] com.zaxxer.hikari.HikariDataSource       : HikariPool-1 - Shutdown completed.
18:29:56:923  INFO 12148 --- [main] com.hmall.item.ItemApplication           : Starting ItemApplication using Java 11.0.15.1 on LAPTOP-HD9ADU9H with PID 12148 (D:\back_end\JAVA\code\hmall\item-service\target\classes started by dogofayaka in D:\back_end\JAVA\code\hmall)
18:29:56:964 DEBUG 12148 --- [main] com.hmall.item.ItemApplication           : Running with Spring Boot v2.7.12, Spring v5.3.27
18:29:56:966  INFO 12148 --- [main] com.hmall.item.ItemApplication           : The following 1 profile is active: "dev"
18:29:57:939  INFO 12148 --- [main] o.s.cloud.context.scope.GenericScope     : BeanFactory id=5e9bee20-566e-3312-9013-b264af276fc5
18:29:58:285  INFO 12148 --- [main] o.s.b.w.embedded.tomcat.TomcatWebServer  : Tomcat initialized with port(s): 8081 (http)
18:29:58:298  INFO 12148 --- [main] o.apache.catalina.core.StandardService   : Starting service [Tomcat]
18:29:58:299  INFO 12148 --- [main] org.apache.catalina.core.StandardEngine  : Starting Servlet engine: [Apache Tomcat/9.0.75]
18:29:58:411  INFO 12148 --- [main] o.a.c.c.C.[Tomcat].[localhost].[/]       : Initializing Spring embedded WebApplicationContext
18:29:58:411  INFO 12148 --- [main] w.s.c.ServletWebServerApplicationContext : Root WebApplicationContext: initialization completed in 1402 ms
18:30:02:110  INFO 12148 --- [main] o.s.cloud.commons.util.InetUtils         : Cannot determine local hostname
18:30:02:142  INFO 12148 --- [main] pertySourcedRequestMappingHandlerMapping : Mapped URL path [/v2/api-docs] onto method [springfox.documentation.swagger2.web.Swagger2ControllerWebMvc#getDocumentation(String, HttpServletRequest)]
18:30:03:852  INFO 12148 --- [main] o.s.cloud.commons.util.InetUtils         : Cannot determine local hostname
18:30:03:974  INFO 12148 --- [main] com.alibaba.nacos.common.remote.client   : [RpcClientFactory] create a new rpc client of 6850d6da-9ff2-4d77-b6b5-e06e037755d3
18:30:04:042  INFO 12148 --- [main] org.reflections.Reflections              : Reflections took 48 ms to scan 1 urls, producing 3 keys and 6 values 
18:30:04:080  INFO 12148 --- [main] org.reflections.Reflections              : Reflections took 21 ms to scan 1 urls, producing 4 keys and 9 values 
18:30:04:099  INFO 12148 --- [main] org.reflections.Reflections              : Reflections took 9 ms to scan 1 urls, producing 3 keys and 10 values 
18:30:04:106  WARN 12148 --- [main] org.reflections.Reflections              : given scan urls are empty. set urls in the configuration
18:30:04:113  INFO 12148 --- [main] org.reflections.Reflections              : Reflections took 6 ms to scan 1 urls, producing 1 keys and 5 values 
18:30:04:156  INFO 12148 --- [main] org.reflections.Reflections              : Reflections took 43 ms to scan 1 urls, producing 1 keys and 7 values 
18:30:04:209  INFO 12148 --- [main] org.reflections.Reflections              : Reflections took 53 ms to scan 1 urls, producing 2 keys and 8 values 
18:30:04:216  WARN 12148 --- [main] org.reflections.Reflections              : given scan urls are empty. set urls in the configuration
18:30:04:216  INFO 12148 --- [main] com.alibaba.nacos.common.remote.client   : [6850d6da-9ff2-4d77-b6b5-e06e037755d3] RpcClient init label, labels = {module=naming, source=sdk}
18:30:04:221  INFO 12148 --- [main] com.alibaba.nacos.common.remote.client   : [6850d6da-9ff2-4d77-b6b5-e06e037755d3] RpcClient init, ServerListFactory = com.alibaba.nacos.client.naming.core.ServerListManager
18:30:04:221  INFO 12148 --- [main] com.alibaba.nacos.common.remote.client   : [6850d6da-9ff2-4d77-b6b5-e06e037755d3] Registry connection listener to current client:com.alibaba.nacos.client.naming.remote.gprc.redo.NamingGrpcRedoService
18:30:04:221  INFO 12148 --- [main] com.alibaba.nacos.common.remote.client   : [6850d6da-9ff2-4d77-b6b5-e06e037755d3] Register server push request handler:com.alibaba.nacos.client.naming.remote.gprc.NamingPushRequestHandler
18:30:04:221  INFO 12148 --- [main] com.alibaba.nacos.common.remote.client   : [6850d6da-9ff2-4d77-b6b5-e06e037755d3] Try to connect to server on start up, server: {serverIp = 'localhost', server main port = 8848}
18:30:06:219 ERROR 12148 --- [nacos-grpc-client-executor-4] c.a.n.c.remote.client.grpc.GrpcClient    : [1729593006154_127.0.0.1_3243]Error to process server push response: {"headers":{},"abilityTable":{"supportPersistentInstanceByGrpc":true},"module":"internal"}
18:30:06:311  INFO 12148 --- [main] com.alibaba.nacos.common.remote.client   : [6850d6da-9ff2-4d77-b6b5-e06e037755d3] Success to connect to server [localhost:8848] on start up, connectionId = 1729593006154_127.0.0.1_3243
18:30:06:311  INFO 12148 --- [com.alibaba.nacos.client.remote.worker] com.alibaba.nacos.common.remote.client   : [6850d6da-9ff2-4d77-b6b5-e06e037755d3] Notify connected event to listeners.
18:30:06:312  INFO 12148 --- [main] com.alibaba.nacos.common.remote.client   : [6850d6da-9ff2-4d77-b6b5-e06e037755d3] Register server push request handler:com.alibaba.nacos.common.remote.client.RpcClient$ConnectResetRequestHandler
18:30:06:313  INFO 12148 --- [main] com.alibaba.nacos.common.remote.client   : [6850d6da-9ff2-4d77-b6b5-e06e037755d3] Register server push request handler:com.alibaba.nacos.common.remote.client.RpcClient$$Lambda$903/0x000000080067a040
18:30:06:364  INFO 12148 --- [main] o.s.b.w.embedded.tomcat.TomcatWebServer  : Tomcat started on port(s): 8081 (http) with context path ''
18:30:06:379  INFO 12148 --- [main] c.a.c.n.registry.NacosServiceRegistry    : nacos registry, DEFAULT_GROUP item-service 192.168.26.1:8081 register finished
18:30:06:877  INFO 12148 --- [nacos-grpc-client-executor-8] com.alibaba.nacos.common.remote.client   : [6850d6da-9ff2-4d77-b6b5-e06e037755d3] Receive server push request, request = NotifySubscriberRequest, requestId = 33
18:30:06:894  INFO 12148 --- [nacos-grpc-client-executor-8] com.alibaba.nacos.common.remote.client   : [6850d6da-9ff2-4d77-b6b5-e06e037755d3] Ack server push request, request = NotifySubscriberRequest, requestId = 33
18:30:07:989  INFO 12148 --- [main] o.s.cloud.commons.util.InetUtils         : Cannot determine local hostname
18:30:07:989  INFO 12148 --- [main] d.s.w.p.DocumentationPluginsBootstrapper : Documentation plugins bootstrapped
18:30:07:990  INFO 12148 --- [main] d.s.w.p.DocumentationPluginsBootstrapper : Found 1 custom documentation plugin(s)
18:30:08:004  INFO 12148 --- [main] s.d.s.w.s.ApiListingReferenceScanner     : Scanning for api listing references
18:30:08:100  INFO 12148 --- [main] com.hmall.item.ItemApplication           : Started ItemApplication in 13.321 seconds (JVM running for 14.26)
18:41:38:525  INFO 12148 --- [nacos-grpc-client-executor-132] com.alibaba.nacos.common.remote.client   : [6850d6da-9ff2-4d77-b6b5-e06e037755d3] Receive server push request, request = ClientDetectionRequest, requestId = 36
18:41:38:525  INFO 12148 --- [nacos-grpc-client-executor-132] com.alibaba.nacos.common.remote.client   : [6850d6da-9ff2-4d77-b6b5-e06e037755d3] Ack server push request, request = ClientDetectionRequest, requestId = 36
18:47:05:057  WARN 12148 --- [Thread-4] c.a.nacos.common.notify.NotifyCenter     : [NotifyCenter] Start destroying Publisher
18:47:05:057  WARN 12148 --- [Thread-7] c.a.n.common.http.HttpClientBeanHolder   : [HttpClientBeanHolder] Start destroying common HttpClient
18:47:05:057  WARN 12148 --- [Thread-4] c.a.nacos.common.notify.NotifyCenter     : [NotifyCenter] Destruction of the end
18:47:05:057  WARN 12148 --- [Thread-7] c.a.n.common.http.HttpClientBeanHolder   : [HttpClientBeanHolder] Destruction of the end
18:47:05:758  INFO 12148 --- [SpringApplicationShutdownHook] c.a.c.n.registry.NacosServiceRegistry    : De-registering from Nacos Server now...
18:47:05:758  INFO 12148 --- [SpringApplicationShutdownHook] c.a.c.n.registry.NacosServiceRegistry    : De-registration finished.
18:47:06:098  INFO 12148 --- [SpringApplicationShutdownHook] com.alibaba.nacos.common.remote.client   : Shutdown rpc client, set status to shutdown
18:47:06:098  INFO 12148 --- [SpringApplicationShutdownHook] com.alibaba.nacos.common.remote.client   : Shutdown client event executor java.util.concurrent.ScheduledThreadPoolExecutor@6d19d7a3[Running, pool size = 2, active threads = 2, queued tasks = 0, completed tasks = 0]
18:47:06:098  INFO 12148 --- [SpringApplicationShutdownHook] com.alibaba.nacos.common.remote.client   : Close current connection 1729593006154_127.0.0.1_3243
18:47:06:098  INFO 12148 --- [nacos-grpc-client-executor-201] c.a.n.c.remote.client.grpc.GrpcClient    : [1729593006154_127.0.0.1_3243]Ignore complete event,isRunning:false,isAbandon=false
18:47:06:098  INFO 12148 --- [SpringApplicationShutdownHook] c.a.n.c.remote.client.grpc.GrpcClient    : Shutdown grpc executor java.util.concurrent.ThreadPoolExecutor@555d6132[Running, pool size = 6, active threads = 0, queued tasks = 0, completed tasks = 202]
18:47:20:012  INFO 35308 --- [main] com.hmall.item.ItemApplication           : Starting ItemApplication using Java 11.0.15.1 on LAPTOP-HD9ADU9H with PID 35308 (D:\back_end\JAVA\code\hmall\item-service\target\classes started by dogofayaka in D:\back_end\JAVA\code\hmall)
18:47:20:059 DEBUG 35308 --- [main] com.hmall.item.ItemApplication           : Running with Spring Boot v2.7.12, Spring v5.3.27
18:47:20:059  INFO 35308 --- [main] com.hmall.item.ItemApplication           : The following 1 profile is active: "dev"
18:47:21:133  INFO 35308 --- [main] o.s.cloud.context.scope.GenericScope     : BeanFactory id=5e9bee20-566e-3312-9013-b264af276fc5
18:47:21:469  INFO 35308 --- [main] o.s.b.w.embedded.tomcat.TomcatWebServer  : Tomcat initialized with port(s): 8081 (http)
18:47:21:478  INFO 35308 --- [main] o.apache.catalina.core.StandardService   : Starting service [Tomcat]
18:47:21:478  INFO 35308 --- [main] org.apache.catalina.core.StandardEngine  : Starting Servlet engine: [Apache Tomcat/9.0.75]
18:47:21:599  INFO 35308 --- [main] o.a.c.c.C.[Tomcat].[localhost].[/]       : Initializing Spring embedded WebApplicationContext
18:47:21:599  INFO 35308 --- [main] w.s.c.ServletWebServerApplicationContext : Root WebApplicationContext: initialization completed in 1498 ms
18:47:25:960  INFO 35308 --- [main] o.s.cloud.commons.util.InetUtils         : Cannot determine local hostname
18:47:25:991  INFO 35308 --- [main] pertySourcedRequestMappingHandlerMapping : Mapped URL path [/v2/api-docs] onto method [springfox.documentation.swagger2.web.Swagger2ControllerWebMvc#getDocumentation(String, HttpServletRequest)]
18:47:27:938  INFO 35308 --- [main] o.s.cloud.commons.util.InetUtils         : Cannot determine local hostname
18:47:28:054  INFO 35308 --- [main] com.alibaba.nacos.common.remote.client   : [RpcClientFactory] create a new rpc client of 961f5457-5f81-4b0a-bf36-af8aa9a712d5
18:47:28:102  INFO 35308 --- [main] org.reflections.Reflections              : Reflections took 33 ms to scan 1 urls, producing 3 keys and 6 values 
18:47:28:117  INFO 35308 --- [main] org.reflections.Reflections              : Reflections took 0 ms to scan 1 urls, producing 4 keys and 9 values 
18:47:28:132  INFO 35308 --- [main] org.reflections.Reflections              : Reflections took 15 ms to scan 1 urls, producing 3 keys and 10 values 
18:47:28:132  WARN 35308 --- [main] org.reflections.Reflections              : given scan urls are empty. set urls in the configuration
18:47:28:149  INFO 35308 --- [main] org.reflections.Reflections              : Reflections took 0 ms to scan 1 urls, producing 1 keys and 5 values 
18:47:28:181  INFO 35308 --- [main] org.reflections.Reflections              : Reflections took 14 ms to scan 1 urls, producing 1 keys and 7 values 
18:47:28:181  INFO 35308 --- [main] org.reflections.Reflections              : Reflections took 0 ms to scan 1 urls, producing 2 keys and 8 values 
18:47:28:181  WARN 35308 --- [main] org.reflections.Reflections              : given scan urls are empty. set urls in the configuration
18:47:28:181  INFO 35308 --- [main] com.alibaba.nacos.common.remote.client   : [961f5457-5f81-4b0a-bf36-af8aa9a712d5] RpcClient init label, labels = {module=naming, source=sdk}
18:47:28:196  INFO 35308 --- [main] com.alibaba.nacos.common.remote.client   : [961f5457-5f81-4b0a-bf36-af8aa9a712d5] RpcClient init, ServerListFactory = com.alibaba.nacos.client.naming.core.ServerListManager
18:47:28:196  INFO 35308 --- [main] com.alibaba.nacos.common.remote.client   : [961f5457-5f81-4b0a-bf36-af8aa9a712d5] Registry connection listener to current client:com.alibaba.nacos.client.naming.remote.gprc.redo.NamingGrpcRedoService
18:47:28:196  INFO 35308 --- [main] com.alibaba.nacos.common.remote.client   : [961f5457-5f81-4b0a-bf36-af8aa9a712d5] Register server push request handler:com.alibaba.nacos.client.naming.remote.gprc.NamingPushRequestHandler
18:47:28:196  INFO 35308 --- [main] com.alibaba.nacos.common.remote.client   : [961f5457-5f81-4b0a-bf36-af8aa9a712d5] Try to connect to server on start up, server: {serverIp = 'localhost', server main port = 8848}
18:47:30:513 ERROR 35308 --- [nacos-grpc-client-executor-5] c.a.n.c.remote.client.grpc.GrpcClient    : [1729594050433_127.0.0.1_5968]Error to process server push response: {"headers":{},"abilityTable":{"supportPersistentInstanceByGrpc":true},"module":"internal"}
18:47:30:606  INFO 35308 --- [main] com.alibaba.nacos.common.remote.client   : [961f5457-5f81-4b0a-bf36-af8aa9a712d5] Success to connect to server [localhost:8848] on start up, connectionId = 1729594050433_127.0.0.1_5968
18:47:30:606  INFO 35308 --- [com.alibaba.nacos.client.remote.worker] com.alibaba.nacos.common.remote.client   : [961f5457-5f81-4b0a-bf36-af8aa9a712d5] Notify connected event to listeners.
18:47:30:606  INFO 35308 --- [main] com.alibaba.nacos.common.remote.client   : [961f5457-5f81-4b0a-bf36-af8aa9a712d5] Register server push request handler:com.alibaba.nacos.common.remote.client.RpcClient$ConnectResetRequestHandler
18:47:30:606  INFO 35308 --- [main] com.alibaba.nacos.common.remote.client   : [961f5457-5f81-4b0a-bf36-af8aa9a712d5] Register server push request handler:com.alibaba.nacos.common.remote.client.RpcClient$$Lambda$903/0x0000000800673840
18:47:30:670  INFO 35308 --- [main] o.s.b.w.embedded.tomcat.TomcatWebServer  : Tomcat started on port(s): 8081 (http) with context path ''
18:47:30:670  INFO 35308 --- [main] c.a.c.n.registry.NacosServiceRegistry    : nacos registry, DEFAULT_GROUP item-service 192.168.26.1:8081 register finished
18:47:31:126  INFO 35308 --- [nacos-grpc-client-executor-9] com.alibaba.nacos.common.remote.client   : [961f5457-5f81-4b0a-bf36-af8aa9a712d5] Receive server push request, request = NotifySubscriberRequest, requestId = 38
18:47:31:126  INFO 35308 --- [nacos-grpc-client-executor-9] com.alibaba.nacos.common.remote.client   : [961f5457-5f81-4b0a-bf36-af8aa9a712d5] Ack server push request, request = NotifySubscriberRequest, requestId = 38
18:47:32:518  INFO 35308 --- [main] o.s.cloud.commons.util.InetUtils         : Cannot determine local hostname
18:47:32:519  INFO 35308 --- [main] d.s.w.p.DocumentationPluginsBootstrapper : Documentation plugins bootstrapped
18:47:32:522  INFO 35308 --- [main] d.s.w.p.DocumentationPluginsBootstrapper : Found 1 custom documentation plugin(s)
18:47:32:539  INFO 35308 --- [main] s.d.s.w.s.ApiListingReferenceScanner     : Scanning for api listing references
18:47:32:664  INFO 35308 --- [main] com.hmall.item.ItemApplication           : Started ItemApplication in 15.195 seconds (JVM running for 16.551)
19:34:10:538  WARN 35308 --- [Thread-7] c.a.n.common.http.HttpClientBeanHolder   : [HttpClientBeanHolder] Start destroying common HttpClient
19:34:10:538  WARN 35308 --- [Thread-4] c.a.nacos.common.notify.NotifyCenter     : [NotifyCenter] Start destroying Publisher
19:34:10:538  WARN 35308 --- [Thread-4] c.a.nacos.common.notify.NotifyCenter     : [NotifyCenter] Destruction of the end
19:34:10:538  WARN 35308 --- [Thread-7] c.a.n.common.http.HttpClientBeanHolder   : [HttpClientBeanHolder] Destruction of the end
19:34:11:237  INFO 35308 --- [SpringApplicationShutdownHook] c.a.c.n.registry.NacosServiceRegistry    : De-registering from Nacos Server now...
19:34:11:240  INFO 35308 --- [SpringApplicationShutdownHook] c.a.c.n.registry.NacosServiceRegistry    : De-registration finished.
19:34:11:565  INFO 35308 --- [SpringApplicationShutdownHook] com.alibaba.nacos.common.remote.client   : Shutdown rpc client, set status to shutdown
19:34:11:565  INFO 35308 --- [SpringApplicationShutdownHook] com.alibaba.nacos.common.remote.client   : Shutdown client event executor java.util.concurrent.ScheduledThreadPoolExecutor@6b04d828[Running, pool size = 2, active threads = 2, queued tasks = 0, completed tasks = 0]
19:34:11:565  INFO 35308 --- [SpringApplicationShutdownHook] com.alibaba.nacos.common.remote.client   : Close current connection 1729594050433_127.0.0.1_5968
19:34:11:565  INFO 35308 --- [nacos-grpc-client-executor-574] c.a.n.c.remote.client.grpc.GrpcClient    : [1729594050433_127.0.0.1_5968]Ignore complete event,isRunning:false,isAbandon=false
19:34:11:565  INFO 35308 --- [SpringApplicationShutdownHook] c.a.n.c.remote.client.grpc.GrpcClient    : Shutdown grpc executor java.util.concurrent.ThreadPoolExecutor@742588d0[Running, pool size = 5, active threads = 0, queued tasks = 0, completed tasks = 575]
19:35:14:580  INFO 23228 --- [main] com.hmall.item.ItemApplication           : Starting ItemApplication using Java 11.0.15.1 on LAPTOP-HD9ADU9H with PID 23228 (D:\back_end\JAVA\code\hmall\item-service\target\classes started by dogofayaka in D:\back_end\JAVA\code\hmall)
19:35:14:611 DEBUG 23228 --- [main] com.hmall.item.ItemApplication           : Running with Spring Boot v2.7.12, Spring v5.3.27
19:35:14:611  INFO 23228 --- [main] com.hmall.item.ItemApplication           : The following 1 profile is active: "dev"
19:35:15:617  INFO 23228 --- [main] o.s.cloud.context.scope.GenericScope     : BeanFactory id=5e9bee20-566e-3312-9013-b264af276fc5
19:35:15:971  INFO 23228 --- [main] o.s.b.w.embedded.tomcat.TomcatWebServer  : Tomcat initialized with port(s): 8081 (http)
19:35:15:985  INFO 23228 --- [main] o.apache.catalina.core.StandardService   : Starting service [Tomcat]
19:35:15:985  INFO 23228 --- [main] org.apache.catalina.core.StandardEngine  : Starting Servlet engine: [Apache Tomcat/9.0.75]
19:35:16:112  INFO 23228 --- [main] o.a.c.c.C.[Tomcat].[localhost].[/]       : Initializing Spring embedded WebApplicationContext
19:35:16:112  INFO 23228 --- [main] w.s.c.ServletWebServerApplicationContext : Root WebApplicationContext: initialization completed in 1448 ms
19:35:21:117  INFO 23228 --- [main] o.s.cloud.commons.util.InetUtils         : Cannot determine local hostname
19:35:21:148  INFO 23228 --- [main] pertySourcedRequestMappingHandlerMapping : Mapped URL path [/v2/api-docs] onto method [springfox.documentation.swagger2.web.Swagger2ControllerWebMvc#getDocumentation(String, HttpServletRequest)]
19:35:23:059  INFO 23228 --- [main] o.s.cloud.commons.util.InetUtils         : Cannot determine local hostname
19:35:23:195  INFO 23228 --- [main] com.alibaba.nacos.common.remote.client   : [RpcClientFactory] create a new rpc client of ee8594ed-b490-4222-92d2-733f092057f7
19:35:23:240  INFO 23228 --- [main] org.reflections.Reflections              : Reflections took 32 ms to scan 1 urls, producing 3 keys and 6 values 
19:35:23:274  INFO 23228 --- [main] org.reflections.Reflections              : Reflections took 19 ms to scan 1 urls, producing 4 keys and 9 values 
19:35:23:288  INFO 23228 --- [main] org.reflections.Reflections              : Reflections took 14 ms to scan 1 urls, producing 3 keys and 10 values 
19:35:23:288  WARN 23228 --- [main] org.reflections.Reflections              : given scan urls are empty. set urls in the configuration
19:35:23:303  INFO 23228 --- [main] org.reflections.Reflections              : Reflections took 15 ms to scan 1 urls, producing 1 keys and 5 values 
19:35:23:319  INFO 23228 --- [main] org.reflections.Reflections              : Reflections took 16 ms to scan 1 urls, producing 1 keys and 7 values 
19:35:23:319  INFO 23228 --- [main] org.reflections.Reflections              : Reflections took 0 ms to scan 1 urls, producing 2 keys and 8 values 
19:35:23:319  WARN 23228 --- [main] org.reflections.Reflections              : given scan urls are empty. set urls in the configuration
19:35:23:319  INFO 23228 --- [main] com.alibaba.nacos.common.remote.client   : [ee8594ed-b490-4222-92d2-733f092057f7] RpcClient init label, labels = {module=naming, source=sdk}
19:35:23:334  INFO 23228 --- [main] com.alibaba.nacos.common.remote.client   : [ee8594ed-b490-4222-92d2-733f092057f7] RpcClient init, ServerListFactory = com.alibaba.nacos.client.naming.core.ServerListManager
19:35:23:334  INFO 23228 --- [main] com.alibaba.nacos.common.remote.client   : [ee8594ed-b490-4222-92d2-733f092057f7] Registry connection listener to current client:com.alibaba.nacos.client.naming.remote.gprc.redo.NamingGrpcRedoService
19:35:23:334  INFO 23228 --- [main] com.alibaba.nacos.common.remote.client   : [ee8594ed-b490-4222-92d2-733f092057f7] Register server push request handler:com.alibaba.nacos.client.naming.remote.gprc.NamingPushRequestHandler
19:35:23:334  INFO 23228 --- [main] com.alibaba.nacos.common.remote.client   : [ee8594ed-b490-4222-92d2-733f092057f7] Try to connect to server on start up, server: {serverIp = 'localhost', server main port = 8848}
19:35:25:943 ERROR 23228 --- [nacos-grpc-client-executor-5] c.a.n.c.remote.client.grpc.GrpcClient    : [1729596925862_127.0.0.1_9678]Error to process server push response: {"headers":{},"abilityTable":{"supportPersistentInstanceByGrpc":true},"module":"internal"}
19:35:26:054  INFO 23228 --- [main] com.alibaba.nacos.common.remote.client   : [ee8594ed-b490-4222-92d2-733f092057f7] Success to connect to server [localhost:8848] on start up, connectionId = 1729596925862_127.0.0.1_9678
19:35:26:054  INFO 23228 --- [com.alibaba.nacos.client.remote.worker] com.alibaba.nacos.common.remote.client   : [ee8594ed-b490-4222-92d2-733f092057f7] Notify connected event to listeners.
19:35:26:054  INFO 23228 --- [main] com.alibaba.nacos.common.remote.client   : [ee8594ed-b490-4222-92d2-733f092057f7] Register server push request handler:com.alibaba.nacos.common.remote.client.RpcClient$ConnectResetRequestHandler
19:35:26:054  INFO 23228 --- [main] com.alibaba.nacos.common.remote.client   : [ee8594ed-b490-4222-92d2-733f092057f7] Register server push request handler:com.alibaba.nacos.common.remote.client.RpcClient$$Lambda$903/0x0000000800672040
19:35:26:102  INFO 23228 --- [main] o.s.b.w.embedded.tomcat.TomcatWebServer  : Tomcat started on port(s): 8081 (http) with context path ''
19:35:26:122  INFO 23228 --- [main] c.a.c.n.registry.NacosServiceRegistry    : nacos registry, DEFAULT_GROUP item-service 192.168.26.1:8081 register finished
19:35:26:597  INFO 23228 --- [nacos-grpc-client-executor-10] com.alibaba.nacos.common.remote.client   : [ee8594ed-b490-4222-92d2-733f092057f7] Receive server push request, request = NotifySubscriberRequest, requestId = 40
19:35:26:614  INFO 23228 --- [nacos-grpc-client-executor-10] com.alibaba.nacos.common.remote.client   : [ee8594ed-b490-4222-92d2-733f092057f7] Ack server push request, request = NotifySubscriberRequest, requestId = 40
19:35:28:286  INFO 23228 --- [main] o.s.cloud.commons.util.InetUtils         : Cannot determine local hostname
19:35:28:286  INFO 23228 --- [main] d.s.w.p.DocumentationPluginsBootstrapper : Documentation plugins bootstrapped
19:35:28:286  INFO 23228 --- [main] d.s.w.p.DocumentationPluginsBootstrapper : Found 1 custom documentation plugin(s)
19:35:28:302  INFO 23228 --- [main] s.d.s.w.s.ApiListingReferenceScanner     : Scanning for api listing references
19:35:28:411  INFO 23228 --- [main] com.hmall.item.ItemApplication           : Started ItemApplication in 16.286 seconds (JVM running for 17.57)
